[27.09.2022 19:18:05][serveritem][give] Shiro45 obtained 1 of hierro+ (§fHierro Plus)
[27.09.2022 19:18:05][serveritem][give] Shiro45 obtained 1 of oro+ (§fOro Plus)
[27.09.2022 19:18:05][serveritem][give] Shiro45 obtained 1 of esmeralda+ (§fEsmeralda Plus)
[27.09.2022 19:18:05][serveritem][give] Shiro45 obtained 1 of diamante+ (§fDiamante Plus)
[27.09.2022 19:19:50][serveritem][give] Shiro45 obtained 1 of hierro+ (§fHierro Plus)
[27.09.2022 19:19:50][serveritem][give] Shiro45 obtained 1 of oro+ (§fOro Plus)
[27.09.2022 19:19:50][serveritem][give] Shiro45 obtained 1 of esmeralda+ (§fEsmeralda Plus)
[27.09.2022 19:19:50][serveritem][give] Shiro45 obtained 1 of diamante+ (§fDiamante Plus)
[27.09.2022 19:20:37][serveritem][give] Shiro45 obtained 1 of hierro+ (§fHierro Plus)
[27.09.2022 19:20:37][serveritem][give] Shiro45 obtained 1 of oro+ (§fOro Plus)
[27.09.2022 19:20:37][serveritem][give] Shiro45 obtained 1 of esmeralda+ (§fEsmeralda Plus)
[27.09.2022 19:20:37][serveritem][give] Shiro45 obtained 1 of diamante+ (§fDiamante Plus)
[27.09.2022 19:22:05][serveritem][take] Shiro45 gave 0 of requisito1 (§b§l§oVaso Gigante)
[27.09.2022 19:22:45][serveritem][give] Shiro45 obtained 1 of hierro+ (§fHierro Plus)
[27.09.2022 19:22:45][serveritem][give] Shiro45 obtained 1 of oro+ (§fOro Plus)
[27.09.2022 19:22:45][serveritem][give] Shiro45 obtained 1 of esmeralda+ (§fEsmeralda Plus)
[27.09.2022 19:22:45][serveritem][give] Shiro45 obtained 1 of diamante+ (§fDiamante Plus)
[27.09.2022 19:22:56][serveritem][give] Shiro45 obtained 1 of hierro+ (§fHierro Plus)
[27.09.2022 19:22:56][serveritem][give] Shiro45 obtained 1 of oro+ (§fOro Plus)
[27.09.2022 19:22:56][serveritem][give] Shiro45 obtained 1 of esmeralda+ (§fEsmeralda Plus)
[27.09.2022 19:22:56][serveritem][give] Shiro45 obtained 1 of diamante+ (§fDiamante Plus)
[27.09.2022 19:25:01][serveritem][give] Storbo obtained 1 of hierro+ (§fHierro Plus)
[27.09.2022 19:25:01][serveritem][give] Storbo obtained 1 of oro+ (§fOro Plus)
[27.09.2022 19:25:01][serveritem][give] Storbo obtained 1 of esmeralda+ (§fEsmeralda Plus)
[27.09.2022 19:25:01][serveritem][give] Storbo obtained 1 of diamante+ (§fDiamante Plus)
[27.09.2022 19:26:29][serveritem][take] Storbo gave 1 of mezcla_mortal (§x§F§F§0§0§F§F§lMezcla §0§l§kmortal)
[27.09.2022 19:26:29][serveritem][give] Storbo obtained 1 of requisito1 (§b§l§oVaso Gigante)
[27.09.2022 19:26:34][serveritem][take] Shiro45 gave 4 of mezcla_mortal (§x§F§F§0§0§F§F§lMezcla §0§l§kmortal)
[27.09.2022 19:26:34][serveritem][give] Shiro45 obtained 1 of requisito1 (§b§l§oVaso Gigante)
[27.09.2022 19:27:10][serveritem][take] Storbo gave 1 of requisito1 (§b§l§oVaso Gigante)
[27.09.2022 19:28:05][serveritem][take] Storbo gave 1 of requisito2 (§x§F§F§F§F§0§0§l§oPipeño)
[27.09.2022 19:28:35][serveritem][give] Storbo obtained 1 of costillar_c (§fCostillar Crudo)
[27.09.2022 19:28:56][serveritem][take] Storbo gave 1 of costillar_a (§fCostillar Asado)
[27.09.2022 19:28:56][serveritem][give] Storbo obtained 1 of requisito3 (§x§F§F§0§0§0§0§l§oGranadina)
[27.09.2022 19:29:06][serveritem][take] Storbo gave 1 of requisito3 (§x§F§F§0§0§0§0§l§oGranadina)
[27.09.2022 19:29:25][serveritem][give] Shiro45 obtained 1 of requisito2 (§x§F§F§F§F§0§0§l§oPipeño)
[27.09.2022 19:29:45][serveritem][take] Storbo gave 1 of requisito3 (§x§F§F§0§0§0§0§l§oGranadina)
[27.09.2022 19:31:03][serveritem][take] Shiro45 gave 1 of requisito2 (§x§F§F§F§F§0§0§l§oPipeño)
[27.09.2022 19:31:05][serveritem][take] Shiro45 gave 1 of requisito1 (§b§l§oVaso Gigante)
[27.09.2022 19:31:56][serveritem][give] Shiro45 obtained 1 of costillar_c (§fCostillar Crudo)
[27.09.2022 19:36:08][serveritem][take] Shiro45 gave 1 of costillar_a (§fCostillar Asado)
[27.09.2022 19:36:08][serveritem][give] Shiro45 obtained 1 of requisito3 (§x§F§F§0§0§0§0§l§oGranadina)
[27.09.2022 19:36:12][serveritem][take] Shiro45 gave 1 of requisito3 (§x§F§F§0§0§0§0§l§oGranadina)
[27.09.2022 19:41:42][serveritem][give] Storbo obtained 1 of requisito4 (§x§F§D§F§F§6§1§l§oHelado de Piña)
[27.09.2022 19:41:46][serveritem][take] Storbo gave 1 of requisito4 (§x§F§D§F§F§6§1§l§oHelado de Piña)
[27.09.2022 19:42:05][serveritem][give] Storbo obtained 1 of terremoto_gigante (§x§F§F§0§0§0§0§lTerre§x§F§F§F§F§0§0§lmoto Gi§f§lgante)
[27.09.2022 19:42:17][serveritem][give] Shiro45 obtained 1 of requisito4 (§x§F§D§F§F§6§1§l§oHelado de Piña)
[27.09.2022 19:42:19][serveritem][take] Shiro45 gave 1 of requisito4 (§x§F§D§F§F§6§1§l§oHelado de Piña)
[27.09.2022 19:42:43][serveritem][give] Shiro45 obtained 1 of terremoto_gigante (§x§F§F§0§0§0§0§lTerre§x§F§F§F§F§0§0§lmoto Gi§f§lgante)
[27.09.2022 19:43:28][serveritem][give] Shiro45 obtained 1 of la_consentida (§x§F§F§0§0§0§0§lLa Co§f§lnsen§1§ltida)
[27.09.2022 19:43:28][serveritem][give] Shiro45 obtained 1 of guaton_loyola_chestplate* (§x§F§F§7§4§0§0§lGuatón Loyola Chestplate)
[27.09.2022 19:43:28][serveritem][give] Shiro45 obtained 1 of remolino2 (§fRemolino)
