[01.10.2022 12:39:06][serveritem][give] lorenzouz obtained 1 of arco_practica (§fArco de práctica)
[01.10.2022 12:39:15][serveritem][take] lorenzouz gave 0 of arco_practica (§fArco de práctica)
[01.10.2022 12:39:19][serveritem][give] lorenzouz obtained 1 of arco_practica (§fArco de práctica)
[01.10.2022 12:39:32][serveritem][take] lorenzouz gave 1 of arco_practica (§fArco de práctica)
[01.10.2022 12:39:35][serveritem][give] lorenzouz obtained 1 of arco_practica (§fArco de práctica)
[01.10.2022 12:39:48][serveritem][drop] dropped 1 of moneda (§eMoneda) at world -1763 72 2499
[01.10.2022 12:39:52][serveritem][drop] dropped 1 of moneda (§eMoneda) at world -1763 72 2499
[01.10.2022 12:39:52][serveritem][drop] dropped 1 of moneda (§eMoneda) at world -1763 72 2499
[01.10.2022 12:39:54][serveritem][drop] dropped 1 of moneda (§eMoneda) at world -1763 72 2499
[01.10.2022 12:39:54][serveritem][drop] dropped 1 of moneda (§eMoneda) at world -1763 72 2499
[01.10.2022 12:40:03][serveritem][drop] dropped 1 of moneda (§eMoneda) at world -1763 72 2499
[01.10.2022 12:40:03][serveritem][drop] dropped 1 of moneda (§eMoneda) at world -1763 72 2499
[01.10.2022 12:40:08][serveritem][drop] dropped 1 of moneda (§eMoneda) at world -1763 72 2499
[01.10.2022 12:40:08][serveritem][drop] dropped 1 of moneda (§eMoneda) at world -1763 72 2499
[01.10.2022 12:40:12][serveritem][drop] dropped 1 of moneda (§eMoneda) at world -1763 72 2499
[01.10.2022 12:40:12][serveritem][drop] dropped 1 of moneda (§eMoneda) at world -1763 72 2499
[01.10.2022 12:40:16][serveritem][drop] dropped 1 of moneda (§eMoneda) at world -1763 72 2499
[01.10.2022 12:40:16][serveritem][drop] dropped 1 of moneda (§eMoneda) at world -1763 72 2499
[01.10.2022 12:40:16][serveritem][drop] dropped 5 of moneda (§eMoneda) at world -1763 72 2499
[01.10.2022 12:40:27][serveritem][drop] dropped 1 of moneda (§eMoneda) at world -1763 72 2499
[01.10.2022 12:40:27][serveritem][drop] dropped 1 of moneda (§eMoneda) at world -1763 72 2499
[01.10.2022 12:40:31][serveritem][drop] dropped 1 of moneda (§eMoneda) at world -1763 72 2499
[01.10.2022 12:40:34][serveritem][drop] dropped 1 of moneda (§eMoneda) at world -1763 72 2499
[01.10.2022 12:40:41][serveritem][drop] dropped 1 of moneda (§eMoneda) at world -1763 72 2499
[01.10.2022 12:40:41][serveritem][drop] dropped 1 of moneda (§eMoneda) at world -1763 72 2499
[01.10.2022 12:40:46][serveritem][drop] dropped 1 of moneda (§eMoneda) at world -1763 72 2499
[01.10.2022 12:40:49][serveritem][drop] dropped 1 of moneda (§eMoneda) at world -1763 72 2499
[01.10.2022 12:40:49][serveritem][drop] dropped 1 of moneda (§eMoneda) at world -1763 72 2499
[01.10.2022 12:40:49][serveritem][drop] dropped 5 of moneda (§eMoneda) at world -1763 72 2499
[01.10.2022 12:40:54][serveritem][drop] dropped 1 of moneda (§eMoneda) at world -1763 72 2499
[01.10.2022 12:40:54][serveritem][drop] dropped 1 of moneda (§eMoneda) at world -1763 72 2499
[01.10.2022 12:41:01][serveritem][drop] dropped 1 of moneda (§eMoneda) at world -1763 72 2499
[01.10.2022 12:41:01][serveritem][drop] dropped 1 of moneda (§eMoneda) at world -1763 72 2499
[01.10.2022 12:41:01][serveritem][drop] dropped 5 of moneda (§eMoneda) at world -1763 72 2499
[01.10.2022 12:41:06][serveritem][drop] dropped 1 of moneda (§eMoneda) at world -1763 72 2499
[01.10.2022 12:41:06][serveritem][drop] dropped 1 of moneda (§eMoneda) at world -1763 72 2499
[01.10.2022 12:41:09][serveritem][drop] dropped 1 of moneda (§eMoneda) at world -1763 72 2499
[01.10.2022 12:41:09][serveritem][drop] dropped 1 of moneda (§eMoneda) at world -1763 72 2499
[01.10.2022 12:41:12][serveritem][drop] dropped 1 of moneda (§eMoneda) at world -1763 72 2499
[01.10.2022 12:41:15][serveritem][drop] dropped 1 of moneda (§eMoneda) at world -1763 72 2499
[01.10.2022 12:41:15][serveritem][drop] dropped 1 of moneda (§eMoneda) at world -1763 72 2499
[01.10.2022 12:41:23][serveritem][drop] dropped 1 of moneda (§eMoneda) at world -1763 72 2499
[01.10.2022 12:41:23][serveritem][drop] dropped 1 of moneda (§eMoneda) at world -1763 72 2499
[01.10.2022 12:41:27][serveritem][drop] dropped 1 of moneda (§eMoneda) at world -1763 72 2499
[01.10.2022 12:41:30][serveritem][drop] dropped 1 of moneda (§eMoneda) at world -1763 72 2499
[01.10.2022 12:41:30][serveritem][drop] dropped 1 of moneda (§eMoneda) at world -1763 72 2499
[01.10.2022 12:41:33][serveritem][drop] dropped 1 of moneda (§eMoneda) at world -1763 72 2499
[01.10.2022 12:41:33][serveritem][drop] dropped 1 of moneda (§eMoneda) at world -1763 72 2499
[01.10.2022 12:41:38][serveritem][drop] dropped 1 of moneda (§eMoneda) at world -1763 72 2499
[01.10.2022 12:41:38][serveritem][drop] dropped 1 of moneda (§eMoneda) at world -1763 72 2499
[01.10.2022 12:41:41][serveritem][drop] dropped 1 of moneda (§eMoneda) at world -1763 72 2499
[01.10.2022 12:41:41][serveritem][drop] dropped 1 of moneda (§eMoneda) at world -1763 72 2499
[01.10.2022 12:41:44][serveritem][drop] dropped 1 of moneda (§eMoneda) at world -1763 72 2499
[01.10.2022 12:41:44][serveritem][drop] dropped 1 of moneda (§eMoneda) at world -1763 72 2499
[01.10.2022 12:41:44][serveritem][drop] dropped 5 of moneda (§eMoneda) at world -1763 72 2499
[01.10.2022 12:41:50][serveritem][drop] dropped 1 of moneda (§eMoneda) at world -1763 72 2499
[01.10.2022 12:41:50][serveritem][drop] dropped 1 of moneda (§eMoneda) at world -1763 72 2499
[01.10.2022 12:41:50][serveritem][drop] dropped 5 of moneda (§eMoneda) at world -1763 72 2499
[01.10.2022 12:41:58][serveritem][drop] dropped 1 of moneda (§eMoneda) at world -1763 72 2499
[01.10.2022 12:42:02][serveritem][drop] dropped 1 of moneda (§eMoneda) at world -1763 72 2499
[01.10.2022 12:42:02][serveritem][drop] dropped 1 of moneda (§eMoneda) at world -1763 72 2499
[01.10.2022 12:42:06][serveritem][drop] dropped 1 of moneda (§eMoneda) at world -1763 72 2499
[01.10.2022 12:42:06][serveritem][drop] dropped 1 of moneda (§eMoneda) at world -1763 72 2499
[01.10.2022 12:42:11][serveritem][drop] dropped 1 of moneda (§eMoneda) at world -1763 72 2499
[01.10.2022 12:42:11][serveritem][drop] dropped 1 of moneda (§eMoneda) at world -1763 72 2499
[01.10.2022 12:42:11][serveritem][drop] dropped 5 of moneda (§eMoneda) at world -1763 72 2499
[01.10.2022 12:42:14][serveritem][take] lorenzouz gave 1 of arco_practica (§fArco de práctica)
[01.10.2022 12:42:15][serveritem][give] lorenzouz obtained 1 of arco_practica (§fArco de práctica)
[01.10.2022 12:42:17][serveritem][take] lorenzouz gave 0 of arco_practica (§fArco de práctica)
[01.10.2022 12:42:18][serveritem][give] lorenzouz obtained 1 of arco_practica (§fArco de práctica)
[01.10.2022 12:42:20][serveritem][take] lorenzouz gave 0 of arco_practica (§fArco de práctica)
[01.10.2022 12:45:42][serveritem][give] lorenzouz obtained 1 of arco_practica (§fArco de práctica)
[01.10.2022 12:45:43][serveritem][take] lorenzouz gave 1 of arco_practica (§fArco de práctica)
[01.10.2022 12:45:44][serveritem][give] lorenzouz obtained 1 of arco_practica (§fArco de práctica)
[01.10.2022 12:45:52][serveritem][drop] dropped 1 of moneda (§eMoneda) at world -1763 72 2499
[01.10.2022 12:45:52][serveritem][drop] dropped 1 of moneda (§eMoneda) at world -1763 72 2499
[01.10.2022 12:45:52][serveritem][drop] dropped 5 of moneda (§eMoneda) at world -1763 72 2499
[01.10.2022 12:45:56][serveritem][take] lorenzouz gave 0 of arco_practica (§fArco de práctica)
[01.10.2022 15:54:04][serveritem][give] orozc048 obtained 1 of requisito4 (§x§F§D§F§F§6§1§l§oHelado de Piña)
[01.10.2022 15:54:32][serveritem][take] orozc048 gave 1 of requisito4 (§x§F§D§F§F§6§1§l§oHelado de Piña)
[01.10.2022 15:54:55][serveritem][give] orozc048 obtained 1 of terremoto_gigante (§x§F§F§0§0§0§0§lTerre§x§F§F§F§F§0§0§lmoto Gi§f§lgante)
[01.10.2022 15:55:42][serveritem][give] orozc048 obtained 1 of la_consentida (§x§F§F§0§0§0§0§lLa Co§f§lnsen§1§ltida)
[01.10.2022 15:55:42][serveritem][give] orozc048 obtained 1 of guaton_loyola_chestplate* (§x§F§F§7§4§0§0§lGuatón Loyola Chestplate)
[01.10.2022 15:55:42][serveritem][give] orozc048 obtained 1 of remolino2 (§fRemolino)
[01.10.2022 15:58:18][serveritem][give] orozc048 obtained 1 of arco_practica (§fArco de práctica)
[01.10.2022 15:58:22][serveritem][drop] dropped 1 of moneda (§eMoneda) at world -1763 72 2499
[01.10.2022 15:58:22][serveritem][drop] dropped 1 of moneda (§eMoneda) at world -1763 72 2499
[01.10.2022 15:58:24][serveritem][drop] dropped 1 of moneda (§eMoneda) at world -1763 72 2499
[01.10.2022 15:58:24][serveritem][drop] dropped 1 of moneda (§eMoneda) at world -1763 72 2499
[01.10.2022 15:58:24][serveritem][drop] dropped 5 of moneda (§eMoneda) at world -1763 72 2499
[01.10.2022 15:58:27][serveritem][drop] dropped 1 of moneda (§eMoneda) at world -1763 72 2499
[01.10.2022 15:58:27][serveritem][drop] dropped 1 of moneda (§eMoneda) at world -1763 72 2499
[01.10.2022 15:58:29][serveritem][drop] dropped 1 of moneda (§eMoneda) at world -1763 72 2499
[01.10.2022 15:58:29][serveritem][drop] dropped 1 of moneda (§eMoneda) at world -1763 72 2499
[01.10.2022 15:58:31][serveritem][drop] dropped 1 of moneda (§eMoneda) at world -1763 72 2499
[01.10.2022 15:58:31][serveritem][drop] dropped 1 of moneda (§eMoneda) at world -1763 72 2499
[01.10.2022 15:58:33][serveritem][drop] dropped 1 of moneda (§eMoneda) at world -1763 72 2499
[01.10.2022 15:58:33][serveritem][drop] dropped 1 of moneda (§eMoneda) at world -1763 72 2499
[01.10.2022 15:58:33][serveritem][drop] dropped 5 of moneda (§eMoneda) at world -1763 72 2499
[01.10.2022 15:58:37][serveritem][drop] dropped 1 of moneda (§eMoneda) at world -1763 72 2499
[01.10.2022 15:58:37][serveritem][drop] dropped 1 of moneda (§eMoneda) at world -1763 72 2499
[01.10.2022 15:58:40][serveritem][drop] dropped 1 of moneda (§eMoneda) at world -1763 72 2499
[01.10.2022 15:58:40][serveritem][drop] dropped 1 of moneda (§eMoneda) at world -1763 72 2499
[01.10.2022 15:58:43][serveritem][drop] dropped 1 of moneda (§eMoneda) at world -1763 72 2499
[01.10.2022 15:58:43][serveritem][drop] dropped 1 of moneda (§eMoneda) at world -1763 72 2499
[01.10.2022 15:58:46][serveritem][drop] dropped 1 of moneda (§eMoneda) at world -1763 72 2499
[01.10.2022 15:58:46][serveritem][drop] dropped 1 of moneda (§eMoneda) at world -1763 72 2499
[01.10.2022 15:58:50][serveritem][drop] dropped 1 of moneda (§eMoneda) at world -1763 72 2499
[01.10.2022 15:58:50][serveritem][drop] dropped 1 of moneda (§eMoneda) at world -1763 72 2499
[01.10.2022 15:58:55][serveritem][drop] dropped 1 of moneda (§eMoneda) at world -1763 72 2499
[01.10.2022 15:58:55][serveritem][drop] dropped 1 of moneda (§eMoneda) at world -1763 72 2499
[01.10.2022 15:59:00][serveritem][drop] dropped 1 of moneda (§eMoneda) at world -1763 72 2499
[01.10.2022 15:59:00][serveritem][drop] dropped 1 of moneda (§eMoneda) at world -1763 72 2499
[01.10.2022 15:59:04][serveritem][drop] dropped 1 of moneda (§eMoneda) at world -1763 72 2499
[01.10.2022 15:59:04][serveritem][drop] dropped 1 of moneda (§eMoneda) at world -1763 72 2499
[01.10.2022 15:59:08][serveritem][drop] dropped 1 of moneda (§eMoneda) at world -1763 72 2499
[01.10.2022 15:59:08][serveritem][drop] dropped 1 of moneda (§eMoneda) at world -1763 72 2499
[01.10.2022 15:59:12][serveritem][drop] dropped 1 of moneda (§eMoneda) at world -1763 72 2499
[01.10.2022 15:59:12][serveritem][drop] dropped 1 of moneda (§eMoneda) at world -1763 72 2499
[01.10.2022 15:59:12][serveritem][drop] dropped 5 of moneda (§eMoneda) at world -1763 72 2499
[01.10.2022 15:59:17][serveritem][drop] dropped 1 of moneda (§eMoneda) at world -1763 72 2499
[01.10.2022 15:59:17][serveritem][drop] dropped 1 of moneda (§eMoneda) at world -1763 72 2499
[01.10.2022 15:59:21][serveritem][drop] dropped 1 of moneda (§eMoneda) at world -1763 72 2499
[01.10.2022 15:59:24][serveritem][drop] dropped 1 of moneda (§eMoneda) at world -1763 72 2499
[01.10.2022 15:59:24][serveritem][drop] dropped 1 of moneda (§eMoneda) at world -1763 72 2499
[01.10.2022 15:59:29][serveritem][drop] dropped 1 of moneda (§eMoneda) at world -1763 72 2499
[01.10.2022 15:59:35][serveritem][drop] dropped 1 of moneda (§eMoneda) at world -1763 72 2499
[01.10.2022 15:59:35][serveritem][drop] dropped 1 of moneda (§eMoneda) at world -1763 72 2499
[01.10.2022 15:59:39][serveritem][drop] dropped 1 of moneda (§eMoneda) at world -1763 72 2499
[01.10.2022 15:59:39][serveritem][drop] dropped 1 of moneda (§eMoneda) at world -1763 72 2499
[01.10.2022 15:59:42][serveritem][drop] dropped 1 of moneda (§eMoneda) at world -1763 72 2499
[01.10.2022 15:59:46][serveritem][drop] dropped 1 of moneda (§eMoneda) at world -1763 72 2499
[01.10.2022 15:59:46][serveritem][drop] dropped 1 of moneda (§eMoneda) at world -1763 72 2499
[01.10.2022 15:59:47][serveritem][take] orozc048 gave 1 of arco_practica (§fArco de práctica)
[01.10.2022 15:59:47][serveritem][give] orozc048 obtained 1 of arco_practica (§fArco de práctica)
[01.10.2022 15:59:50][serveritem][drop] dropped 1 of moneda (§eMoneda) at world -1763 72 2499
[01.10.2022 15:59:50][serveritem][drop] dropped 1 of moneda (§eMoneda) at world -1763 72 2499
[01.10.2022 15:59:54][serveritem][drop] dropped 1 of moneda (§eMoneda) at world -1763 72 2499
[01.10.2022 15:59:54][serveritem][drop] dropped 1 of moneda (§eMoneda) at world -1763 72 2499
[01.10.2022 15:59:56][serveritem][drop] dropped 1 of moneda (§eMoneda) at world -1763 72 2499
[01.10.2022 15:59:56][serveritem][drop] dropped 1 of moneda (§eMoneda) at world -1763 72 2499
[01.10.2022 15:59:59][serveritem][drop] dropped 1 of moneda (§eMoneda) at world -1763 72 2499
[01.10.2022 15:59:59][serveritem][drop] dropped 1 of moneda (§eMoneda) at world -1763 72 2499
[01.10.2022 15:59:59][serveritem][drop] dropped 5 of moneda (§eMoneda) at world -1763 72 2499
[01.10.2022 16:00:01][serveritem][drop] dropped 1 of moneda (§eMoneda) at world -1763 72 2499
[01.10.2022 16:00:01][serveritem][drop] dropped 1 of moneda (§eMoneda) at world -1763 72 2499
[01.10.2022 16:00:33][serveritem][drop] dropped 1 of moneda (§eMoneda) at world -1763 72 2499
[01.10.2022 16:00:33][serveritem][drop] dropped 1 of moneda (§eMoneda) at world -1763 72 2499
[01.10.2022 16:00:35][serveritem][drop] dropped 1 of moneda (§eMoneda) at world -1763 72 2499
[01.10.2022 16:00:35][serveritem][drop] dropped 1 of moneda (§eMoneda) at world -1763 72 2499
[01.10.2022 16:00:35][serveritem][drop] dropped 5 of moneda (§eMoneda) at world -1763 72 2499
[01.10.2022 16:00:38][serveritem][drop] dropped 1 of moneda (§eMoneda) at world -1763 72 2499
[01.10.2022 16:00:38][serveritem][drop] dropped 1 of moneda (§eMoneda) at world -1763 72 2499
[01.10.2022 16:00:40][serveritem][drop] dropped 1 of moneda (§eMoneda) at world -1763 72 2499
[01.10.2022 16:00:43][serveritem][drop] dropped 1 of moneda (§eMoneda) at world -1763 72 2499
[01.10.2022 16:00:43][serveritem][drop] dropped 1 of moneda (§eMoneda) at world -1763 72 2499
[01.10.2022 16:00:45][serveritem][drop] dropped 1 of moneda (§eMoneda) at world -1763 72 2499
[01.10.2022 16:00:45][serveritem][drop] dropped 1 of moneda (§eMoneda) at world -1763 72 2499
[01.10.2022 16:00:47][serveritem][drop] dropped 1 of moneda (§eMoneda) at world -1763 72 2499
[01.10.2022 16:00:47][serveritem][drop] dropped 1 of moneda (§eMoneda) at world -1763 72 2499
[01.10.2022 16:00:47][serveritem][drop] dropped 5 of moneda (§eMoneda) at world -1763 72 2499
[01.10.2022 16:00:49][serveritem][drop] dropped 1 of moneda (§eMoneda) at world -1763 72 2499
[01.10.2022 16:00:49][serveritem][drop] dropped 1 of moneda (§eMoneda) at world -1763 72 2499
[01.10.2022 16:00:51][serveritem][drop] dropped 1 of moneda (§eMoneda) at world -1763 72 2499
[01.10.2022 16:00:51][serveritem][drop] dropped 1 of moneda (§eMoneda) at world -1763 72 2499
[01.10.2022 16:00:54][serveritem][drop] dropped 1 of moneda (§eMoneda) at world -1763 72 2499
[01.10.2022 16:00:54][serveritem][drop] dropped 1 of moneda (§eMoneda) at world -1763 72 2499
[01.10.2022 16:00:56][serveritem][drop] dropped 1 of moneda (§eMoneda) at world -1763 72 2499
[01.10.2022 16:00:56][serveritem][drop] dropped 1 of moneda (§eMoneda) at world -1763 72 2499
[01.10.2022 16:00:58][serveritem][drop] dropped 1 of moneda (§eMoneda) at world -1763 72 2499
[01.10.2022 16:00:58][serveritem][drop] dropped 1 of moneda (§eMoneda) at world -1763 72 2499
[01.10.2022 16:01:00][serveritem][drop] dropped 1 of moneda (§eMoneda) at world -1763 72 2499
[01.10.2022 16:01:00][serveritem][drop] dropped 1 of moneda (§eMoneda) at world -1763 72 2499
[01.10.2022 16:01:03][serveritem][drop] dropped 1 of moneda (§eMoneda) at world -1763 72 2499
[01.10.2022 16:01:03][serveritem][drop] dropped 1 of moneda (§eMoneda) at world -1763 72 2499
[01.10.2022 16:01:05][serveritem][drop] dropped 1 of moneda (§eMoneda) at world -1763 72 2499
[01.10.2022 16:01:05][serveritem][drop] dropped 1 of moneda (§eMoneda) at world -1763 72 2499
[01.10.2022 16:01:05][serveritem][drop] dropped 5 of moneda (§eMoneda) at world -1763 72 2499
[01.10.2022 16:01:07][serveritem][drop] dropped 1 of moneda (§eMoneda) at world -1763 72 2499
[01.10.2022 16:01:09][serveritem][drop] dropped 1 of moneda (§eMoneda) at world -1763 72 2499
[01.10.2022 16:01:09][serveritem][drop] dropped 1 of moneda (§eMoneda) at world -1763 72 2499
[01.10.2022 16:01:13][serveritem][drop] dropped 1 of moneda (§eMoneda) at world -1763 72 2499
[01.10.2022 16:01:13][serveritem][drop] dropped 1 of moneda (§eMoneda) at world -1763 72 2499
[01.10.2022 16:01:18][serveritem][drop] dropped 1 of moneda (§eMoneda) at world -1763 72 2499
[01.10.2022 16:01:18][serveritem][drop] dropped 1 of moneda (§eMoneda) at world -1763 72 2499
[01.10.2022 16:01:24][serveritem][drop] dropped 1 of moneda (§eMoneda) at world -1763 72 2499
[01.10.2022 16:01:24][serveritem][drop] dropped 1 of moneda (§eMoneda) at world -1763 72 2499
[01.10.2022 16:01:27][serveritem][drop] dropped 1 of moneda (§eMoneda) at world -1763 72 2499
[01.10.2022 16:01:27][serveritem][drop] dropped 1 of moneda (§eMoneda) at world -1763 72 2499
[01.10.2022 16:01:29][serveritem][drop] dropped 1 of moneda (§eMoneda) at world -1763 72 2499
[01.10.2022 16:01:29][serveritem][drop] dropped 1 of moneda (§eMoneda) at world -1763 72 2499
[01.10.2022 16:01:32][serveritem][drop] dropped 1 of moneda (§eMoneda) at world -1763 72 2499
[01.10.2022 16:01:32][serveritem][drop] dropped 1 of moneda (§eMoneda) at world -1763 72 2499
[01.10.2022 16:01:32][serveritem][drop] dropped 5 of moneda (§eMoneda) at world -1763 72 2499
[01.10.2022 16:01:35][serveritem][drop] dropped 1 of moneda (§eMoneda) at world -1763 72 2499
[01.10.2022 16:01:35][serveritem][drop] dropped 1 of moneda (§eMoneda) at world -1763 72 2499
[01.10.2022 16:01:37][serveritem][drop] dropped 1 of moneda (§eMoneda) at world -1763 72 2499
[01.10.2022 16:01:37][serveritem][drop] dropped 1 of moneda (§eMoneda) at world -1763 72 2499
[01.10.2022 16:01:37][serveritem][drop] dropped 5 of moneda (§eMoneda) at world -1763 72 2499
[01.10.2022 16:01:40][serveritem][drop] dropped 1 of moneda (§eMoneda) at world -1763 72 2499
[01.10.2022 16:01:40][serveritem][drop] dropped 1 of moneda (§eMoneda) at world -1763 72 2499
[01.10.2022 16:01:40][serveritem][drop] dropped 5 of moneda (§eMoneda) at world -1763 72 2499
[01.10.2022 16:01:45][serveritem][drop] dropped 1 of moneda (§eMoneda) at world -1763 72 2499
[01.10.2022 16:01:45][serveritem][drop] dropped 1 of moneda (§eMoneda) at world -1763 72 2499
[01.10.2022 16:01:47][serveritem][drop] dropped 1 of moneda (§eMoneda) at world -1763 72 2499
[01.10.2022 16:01:47][serveritem][drop] dropped 1 of moneda (§eMoneda) at world -1763 72 2499
[01.10.2022 16:01:49][serveritem][drop] dropped 1 of moneda (§eMoneda) at world -1763 72 2499
[01.10.2022 16:01:49][serveritem][drop] dropped 1 of moneda (§eMoneda) at world -1763 72 2499
[01.10.2022 16:01:49][serveritem][drop] dropped 5 of moneda (§eMoneda) at world -1763 72 2499
[01.10.2022 16:01:52][serveritem][drop] dropped 1 of moneda (§eMoneda) at world -1763 72 2499
[01.10.2022 16:01:52][serveritem][drop] dropped 1 of moneda (§eMoneda) at world -1763 72 2499
[01.10.2022 16:01:54][serveritem][drop] dropped 1 of moneda (§eMoneda) at world -1763 72 2499
[01.10.2022 16:01:57][serveritem][drop] dropped 1 of moneda (§eMoneda) at world -1763 72 2499
[01.10.2022 16:01:57][serveritem][drop] dropped 1 of moneda (§eMoneda) at world -1763 72 2499
[01.10.2022 16:01:59][serveritem][drop] dropped 1 of moneda (§eMoneda) at world -1763 72 2499
[01.10.2022 16:01:59][serveritem][drop] dropped 1 of moneda (§eMoneda) at world -1763 72 2499
[01.10.2022 16:02:02][serveritem][drop] dropped 1 of moneda (§eMoneda) at world -1763 72 2499
[01.10.2022 16:02:02][serveritem][drop] dropped 1 of moneda (§eMoneda) at world -1763 72 2499
[01.10.2022 16:02:04][serveritem][drop] dropped 1 of moneda (§eMoneda) at world -1763 72 2499
[01.10.2022 16:02:04][serveritem][drop] dropped 1 of moneda (§eMoneda) at world -1763 72 2499
[01.10.2022 16:02:08][serveritem][drop] dropped 1 of moneda (§eMoneda) at world -1763 72 2499
[01.10.2022 16:02:08][serveritem][drop] dropped 1 of moneda (§eMoneda) at world -1763 72 2499
[01.10.2022 16:02:10][serveritem][drop] dropped 1 of moneda (§eMoneda) at world -1763 72 2499
[01.10.2022 16:02:12][serveritem][drop] dropped 1 of moneda (§eMoneda) at world -1763 72 2499
[01.10.2022 16:02:12][serveritem][drop] dropped 1 of moneda (§eMoneda) at world -1763 72 2499
[01.10.2022 16:02:17][serveritem][drop] dropped 1 of moneda (§eMoneda) at world -1763 72 2499
[01.10.2022 16:02:17][serveritem][drop] dropped 1 of moneda (§eMoneda) at world -1763 72 2499
[01.10.2022 16:02:20][serveritem][drop] dropped 1 of moneda (§eMoneda) at world -1763 72 2499
[01.10.2022 16:02:20][serveritem][drop] dropped 1 of moneda (§eMoneda) at world -1763 72 2499
[01.10.2022 16:02:24][serveritem][drop] dropped 1 of moneda (§eMoneda) at world -1763 72 2499
[01.10.2022 16:02:24][serveritem][drop] dropped 1 of moneda (§eMoneda) at world -1763 72 2499
[01.10.2022 16:02:30][serveritem][drop] dropped 1 of moneda (§eMoneda) at world -1763 72 2499
[01.10.2022 16:02:30][serveritem][drop] dropped 1 of moneda (§eMoneda) at world -1763 72 2499
[01.10.2022 16:02:46][serveritem][drop] dropped 1 of moneda (§eMoneda) at world -1763 72 2499
[01.10.2022 16:02:46][serveritem][drop] dropped 1 of moneda (§eMoneda) at world -1763 72 2499
[01.10.2022 16:02:49][serveritem][drop] dropped 1 of moneda (§eMoneda) at world -1763 72 2499
[01.10.2022 16:02:49][serveritem][drop] dropped 1 of moneda (§eMoneda) at world -1763 72 2499
[01.10.2022 16:02:52][serveritem][drop] dropped 1 of moneda (§eMoneda) at world -1763 72 2499
[01.10.2022 16:02:54][serveritem][drop] dropped 1 of moneda (§eMoneda) at world -1763 72 2499
[01.10.2022 16:02:56][serveritem][drop] dropped 1 of moneda (§eMoneda) at world -1763 72 2499
[01.10.2022 16:02:56][serveritem][drop] dropped 1 of moneda (§eMoneda) at world -1763 72 2499
[01.10.2022 16:02:56][serveritem][drop] dropped 5 of moneda (§eMoneda) at world -1763 72 2499
[01.10.2022 16:02:58][serveritem][drop] dropped 1 of moneda (§eMoneda) at world -1763 72 2499
[01.10.2022 16:03:00][serveritem][drop] dropped 1 of moneda (§eMoneda) at world -1763 72 2499
[01.10.2022 16:03:00][serveritem][drop] dropped 1 of moneda (§eMoneda) at world -1763 72 2499
[01.10.2022 16:03:13][serveritem][drop] dropped 1 of moneda (§eMoneda) at world -1763 72 2499
[01.10.2022 16:03:13][serveritem][drop] dropped 1 of moneda (§eMoneda) at world -1763 72 2499
[01.10.2022 16:03:14][serveritem][drop] dropped 1 of moneda (§eMoneda) at world -1763 72 2499
[01.10.2022 16:03:14][serveritem][drop] dropped 1 of moneda (§eMoneda) at world -1763 72 2499
[01.10.2022 16:03:17][serveritem][drop] dropped 1 of moneda (§eMoneda) at world -1763 72 2499
[01.10.2022 16:03:17][serveritem][drop] dropped 1 of moneda (§eMoneda) at world -1763 72 2499
[01.10.2022 16:03:19][serveritem][drop] dropped 1 of moneda (§eMoneda) at world -1763 72 2499
[01.10.2022 16:03:20][serveritem][drop] dropped 1 of moneda (§eMoneda) at world -1763 72 2499
[01.10.2022 16:03:20][serveritem][drop] dropped 1 of moneda (§eMoneda) at world -1763 72 2499
[01.10.2022 16:03:23][serveritem][drop] dropped 1 of moneda (§eMoneda) at world -1763 72 2499
[01.10.2022 16:03:23][serveritem][drop] dropped 1 of moneda (§eMoneda) at world -1763 72 2499
[01.10.2022 16:03:24][serveritem][drop] dropped 1 of moneda (§eMoneda) at world -1763 72 2499
[01.10.2022 16:03:24][serveritem][drop] dropped 1 of moneda (§eMoneda) at world -1763 72 2499
[01.10.2022 16:03:26][serveritem][drop] dropped 1 of moneda (§eMoneda) at world -1763 72 2499
[01.10.2022 16:03:26][serveritem][drop] dropped 1 of moneda (§eMoneda) at world -1763 72 2499
[01.10.2022 16:03:29][serveritem][drop] dropped 1 of moneda (§eMoneda) at world -1763 72 2499
[01.10.2022 16:03:29][serveritem][drop] dropped 1 of moneda (§eMoneda) at world -1763 72 2499
[01.10.2022 16:03:29][serveritem][drop] dropped 5 of moneda (§eMoneda) at world -1763 72 2499
[01.10.2022 16:03:31][serveritem][drop] dropped 1 of moneda (§eMoneda) at world -1763 72 2499
[01.10.2022 16:03:31][serveritem][drop] dropped 1 of moneda (§eMoneda) at world -1763 72 2499
[01.10.2022 16:03:33][serveritem][drop] dropped 1 of moneda (§eMoneda) at world -1763 72 2499
[01.10.2022 16:03:33][serveritem][drop] dropped 1 of moneda (§eMoneda) at world -1763 72 2499
[01.10.2022 16:03:33][serveritem][drop] dropped 5 of moneda (§eMoneda) at world -1763 72 2499
[01.10.2022 16:03:44][serveritem][drop] dropped 1 of moneda (§eMoneda) at world -1763 72 2499
[01.10.2022 16:03:46][serveritem][drop] dropped 1 of moneda (§eMoneda) at world -1763 72 2499
[01.10.2022 16:03:46][serveritem][drop] dropped 1 of moneda (§eMoneda) at world -1763 72 2499
[01.10.2022 16:03:50][serveritem][drop] dropped 1 of moneda (§eMoneda) at world -1763 72 2499
[01.10.2022 16:03:50][serveritem][drop] dropped 1 of moneda (§eMoneda) at world -1763 72 2499
[01.10.2022 16:03:52][serveritem][drop] dropped 1 of moneda (§eMoneda) at world -1763 72 2499
[01.10.2022 16:03:52][serveritem][drop] dropped 1 of moneda (§eMoneda) at world -1763 72 2499
[01.10.2022 16:03:58][serveritem][drop] dropped 1 of moneda (§eMoneda) at world -1763 72 2499
[01.10.2022 16:03:58][serveritem][drop] dropped 1 of moneda (§eMoneda) at world -1763 72 2499
[01.10.2022 16:04:01][serveritem][drop] dropped 1 of moneda (§eMoneda) at world -1763 72 2499
[01.10.2022 16:04:04][serveritem][drop] dropped 1 of moneda (§eMoneda) at world -1763 72 2499
[01.10.2022 16:04:04][serveritem][drop] dropped 1 of moneda (§eMoneda) at world -1763 72 2499
[01.10.2022 16:04:07][serveritem][drop] dropped 1 of moneda (§eMoneda) at world -1763 72 2499
[01.10.2022 16:04:07][serveritem][drop] dropped 1 of moneda (§eMoneda) at world -1763 72 2499
[01.10.2022 16:04:10][serveritem][drop] dropped 1 of moneda (§eMoneda) at world -1763 72 2499
[01.10.2022 16:04:10][serveritem][drop] dropped 1 of moneda (§eMoneda) at world -1763 72 2499
[01.10.2022 16:04:16][serveritem][drop] dropped 1 of moneda (§eMoneda) at world -1763 72 2499
[01.10.2022 16:04:16][serveritem][drop] dropped 1 of moneda (§eMoneda) at world -1763 72 2499
[01.10.2022 16:04:20][serveritem][drop] dropped 1 of moneda (§eMoneda) at world -1763 72 2499
[01.10.2022 16:04:20][serveritem][drop] dropped 1 of moneda (§eMoneda) at world -1763 72 2499
[01.10.2022 16:04:20][serveritem][drop] dropped 5 of moneda (§eMoneda) at world -1763 72 2499
[01.10.2022 16:04:22][serveritem][drop] dropped 1 of moneda (§eMoneda) at world -1763 72 2499
[01.10.2022 16:04:25][serveritem][drop] dropped 1 of moneda (§eMoneda) at world -1763 72 2499
[01.10.2022 16:04:25][serveritem][drop] dropped 1 of moneda (§eMoneda) at world -1763 72 2499
[01.10.2022 16:04:25][serveritem][drop] dropped 5 of moneda (§eMoneda) at world -1763 72 2499
[01.10.2022 16:04:28][serveritem][drop] dropped 1 of moneda (§eMoneda) at world -1763 72 2499
[01.10.2022 16:04:28][serveritem][drop] dropped 1 of moneda (§eMoneda) at world -1763 72 2499
[01.10.2022 16:04:32][serveritem][drop] dropped 1 of moneda (§eMoneda) at world -1763 72 2499
[01.10.2022 16:04:32][serveritem][drop] dropped 1 of moneda (§eMoneda) at world -1763 72 2499
[01.10.2022 16:04:36][serveritem][drop] dropped 1 of moneda (§eMoneda) at world -1763 72 2499
[01.10.2022 16:04:39][serveritem][drop] dropped 1 of moneda (§eMoneda) at world -1763 72 2499
[01.10.2022 16:04:39][serveritem][drop] dropped 1 of moneda (§eMoneda) at world -1763 72 2499
[01.10.2022 16:04:42][serveritem][drop] dropped 1 of moneda (§eMoneda) at world -1763 72 2499
[01.10.2022 16:04:42][serveritem][drop] dropped 1 of moneda (§eMoneda) at world -1763 72 2499
[01.10.2022 16:04:47][serveritem][drop] dropped 1 of moneda (§eMoneda) at world -1763 72 2499
[01.10.2022 16:04:47][serveritem][drop] dropped 1 of moneda (§eMoneda) at world -1763 72 2499
[01.10.2022 16:04:50][serveritem][drop] dropped 1 of moneda (§eMoneda) at world -1763 72 2499
[01.10.2022 16:04:50][serveritem][drop] dropped 1 of moneda (§eMoneda) at world -1763 72 2499
[01.10.2022 16:04:50][serveritem][drop] dropped 5 of moneda (§eMoneda) at world -1763 72 2499
[01.10.2022 16:04:54][serveritem][take] orozc048 gave 1 of arco_practica (§fArco de práctica)
[01.10.2022 16:05:46][serveritem][give] orozc048 obtained 1 of arco_practica (§fArco de práctica)
[01.10.2022 16:05:50][serveritem][drop] dropped 1 of moneda (§eMoneda) at world -1763 72 2499
[01.10.2022 16:05:50][serveritem][drop] dropped 1 of moneda (§eMoneda) at world -1763 72 2499
[01.10.2022 16:05:52][serveritem][drop] dropped 1 of moneda (§eMoneda) at world -1763 72 2499
[01.10.2022 16:05:52][serveritem][drop] dropped 1 of moneda (§eMoneda) at world -1763 72 2499
[01.10.2022 16:05:52][serveritem][drop] dropped 5 of moneda (§eMoneda) at world -1763 72 2499
[01.10.2022 16:05:54][serveritem][drop] dropped 1 of moneda (§eMoneda) at world -1763 72 2499
[01.10.2022 16:05:54][serveritem][drop] dropped 1 of moneda (§eMoneda) at world -1763 72 2499
[01.10.2022 16:05:56][serveritem][drop] dropped 1 of moneda (§eMoneda) at world -1763 72 2499
[01.10.2022 16:05:56][serveritem][drop] dropped 1 of moneda (§eMoneda) at world -1763 72 2499
[01.10.2022 16:05:58][serveritem][drop] dropped 1 of moneda (§eMoneda) at world -1763 72 2499
[01.10.2022 16:05:58][serveritem][drop] dropped 1 of moneda (§eMoneda) at world -1763 72 2499
[01.10.2022 16:06:00][serveritem][drop] dropped 1 of moneda (§eMoneda) at world -1763 72 2499
[01.10.2022 16:06:00][serveritem][drop] dropped 1 of moneda (§eMoneda) at world -1763 72 2499
[01.10.2022 16:06:02][serveritem][drop] dropped 1 of moneda (§eMoneda) at world -1763 72 2499
[01.10.2022 16:06:02][serveritem][drop] dropped 1 of moneda (§eMoneda) at world -1763 72 2499
[01.10.2022 16:06:03][serveritem][drop] dropped 1 of moneda (§eMoneda) at world -1763 72 2499
[01.10.2022 16:06:03][serveritem][drop] dropped 1 of moneda (§eMoneda) at world -1763 72 2499
[01.10.2022 16:06:05][serveritem][drop] dropped 1 of moneda (§eMoneda) at world -1763 72 2499
[01.10.2022 16:06:05][serveritem][drop] dropped 1 of moneda (§eMoneda) at world -1763 72 2499
[01.10.2022 16:06:07][serveritem][drop] dropped 1 of moneda (§eMoneda) at world -1763 72 2499
[01.10.2022 16:06:07][serveritem][drop] dropped 1 of moneda (§eMoneda) at world -1763 72 2499
[01.10.2022 16:06:09][serveritem][drop] dropped 1 of moneda (§eMoneda) at world -1763 72 2499
[01.10.2022 16:06:09][serveritem][drop] dropped 1 of moneda (§eMoneda) at world -1763 72 2499
[01.10.2022 16:06:11][serveritem][drop] dropped 1 of moneda (§eMoneda) at world -1763 72 2499
[01.10.2022 16:06:11][serveritem][drop] dropped 1 of moneda (§eMoneda) at world -1763 72 2499
[01.10.2022 16:06:13][serveritem][drop] dropped 1 of moneda (§eMoneda) at world -1763 72 2499
[01.10.2022 16:06:13][serveritem][drop] dropped 1 of moneda (§eMoneda) at world -1763 72 2499
[01.10.2022 16:06:15][serveritem][drop] dropped 1 of moneda (§eMoneda) at world -1763 72 2499
[01.10.2022 16:06:20][serveritem][drop] dropped 1 of moneda (§eMoneda) at world -1763 72 2499
[01.10.2022 16:06:20][serveritem][drop] dropped 1 of moneda (§eMoneda) at world -1763 72 2499
[01.10.2022 16:06:22][serveritem][drop] dropped 1 of moneda (§eMoneda) at world -1763 72 2499
[01.10.2022 16:06:22][serveritem][drop] dropped 1 of moneda (§eMoneda) at world -1763 72 2499
[01.10.2022 16:06:22][serveritem][drop] dropped 5 of moneda (§eMoneda) at world -1763 72 2499
[01.10.2022 16:07:13][serveritem][drop] dropped 1 of moneda (§eMoneda) at world -1763 72 2499
[01.10.2022 16:07:15][serveritem][drop] dropped 1 of moneda (§eMoneda) at world -1763 72 2499
[01.10.2022 16:07:15][serveritem][drop] dropped 1 of moneda (§eMoneda) at world -1763 72 2499
[01.10.2022 16:07:17][serveritem][drop] dropped 1 of moneda (§eMoneda) at world -1763 72 2499
[01.10.2022 16:07:20][serveritem][drop] dropped 1 of moneda (§eMoneda) at world -1763 72 2499
[01.10.2022 16:07:20][serveritem][drop] dropped 1 of moneda (§eMoneda) at world -1763 72 2499
[01.10.2022 16:07:22][serveritem][drop] dropped 1 of moneda (§eMoneda) at world -1763 72 2499
[01.10.2022 16:07:22][serveritem][drop] dropped 1 of moneda (§eMoneda) at world -1763 72 2499
[01.10.2022 16:07:24][serveritem][drop] dropped 1 of moneda (§eMoneda) at world -1763 72 2499
[01.10.2022 16:07:26][serveritem][drop] dropped 1 of moneda (§eMoneda) at world -1763 72 2499
[01.10.2022 16:07:26][serveritem][drop] dropped 1 of moneda (§eMoneda) at world -1763 72 2499
[01.10.2022 16:07:31][serveritem][drop] dropped 1 of moneda (§eMoneda) at world -1763 72 2499
[01.10.2022 16:07:36][serveritem][drop] dropped 1 of moneda (§eMoneda) at world -1763 72 2499
[01.10.2022 16:07:36][serveritem][drop] dropped 1 of moneda (§eMoneda) at world -1763 72 2499
[01.10.2022 16:07:38][serveritem][drop] dropped 1 of moneda (§eMoneda) at world -1763 72 2499
[01.10.2022 16:07:38][serveritem][drop] dropped 1 of moneda (§eMoneda) at world -1763 72 2499
[01.10.2022 16:07:40][serveritem][drop] dropped 1 of moneda (§eMoneda) at world -1763 72 2499
[01.10.2022 16:07:40][serveritem][drop] dropped 1 of moneda (§eMoneda) at world -1763 72 2499
[01.10.2022 16:07:41][serveritem][drop] dropped 1 of moneda (§eMoneda) at world -1763 72 2499
[01.10.2022 16:07:41][serveritem][drop] dropped 1 of moneda (§eMoneda) at world -1763 72 2499
[01.10.2022 16:07:43][serveritem][drop] dropped 1 of moneda (§eMoneda) at world -1763 72 2499
[01.10.2022 16:07:45][serveritem][drop] dropped 1 of moneda (§eMoneda) at world -1763 72 2499
[01.10.2022 16:07:45][serveritem][drop] dropped 1 of moneda (§eMoneda) at world -1763 72 2499
[01.10.2022 16:07:47][serveritem][drop] dropped 1 of moneda (§eMoneda) at world -1763 72 2499
[01.10.2022 16:07:47][serveritem][drop] dropped 1 of moneda (§eMoneda) at world -1763 72 2499
[01.10.2022 16:07:49][serveritem][drop] dropped 1 of moneda (§eMoneda) at world -1763 72 2499
[01.10.2022 16:07:49][serveritem][drop] dropped 1 of moneda (§eMoneda) at world -1763 72 2499
[01.10.2022 16:07:51][serveritem][drop] dropped 1 of moneda (§eMoneda) at world -1763 72 2499
[01.10.2022 16:07:51][serveritem][drop] dropped 1 of moneda (§eMoneda) at world -1763 72 2499
[01.10.2022 16:07:53][serveritem][drop] dropped 1 of moneda (§eMoneda) at world -1763 72 2499
[01.10.2022 16:07:53][serveritem][drop] dropped 1 of moneda (§eMoneda) at world -1763 72 2499
[01.10.2022 16:07:55][serveritem][drop] dropped 1 of moneda (§eMoneda) at world -1763 72 2499
[01.10.2022 16:07:55][serveritem][drop] dropped 1 of moneda (§eMoneda) at world -1763 72 2499
[01.10.2022 16:07:57][serveritem][drop] dropped 1 of moneda (§eMoneda) at world -1763 72 2499
[01.10.2022 16:07:57][serveritem][drop] dropped 1 of moneda (§eMoneda) at world -1763 72 2499
[01.10.2022 16:07:59][serveritem][drop] dropped 1 of moneda (§eMoneda) at world -1763 72 2499
[01.10.2022 16:07:59][serveritem][drop] dropped 1 of moneda (§eMoneda) at world -1763 72 2499
[01.10.2022 16:08:01][serveritem][drop] dropped 1 of moneda (§eMoneda) at world -1763 72 2499
[01.10.2022 16:08:03][serveritem][drop] dropped 1 of moneda (§eMoneda) at world -1763 72 2499
[01.10.2022 16:08:03][serveritem][drop] dropped 1 of moneda (§eMoneda) at world -1763 72 2499
[01.10.2022 16:08:05][serveritem][drop] dropped 1 of moneda (§eMoneda) at world -1763 72 2499
[01.10.2022 16:08:05][serveritem][drop] dropped 1 of moneda (§eMoneda) at world -1763 72 2499
[01.10.2022 16:08:07][serveritem][drop] dropped 1 of moneda (§eMoneda) at world -1763 72 2499
[01.10.2022 16:08:09][serveritem][drop] dropped 1 of moneda (§eMoneda) at world -1763 72 2499
[01.10.2022 16:08:09][serveritem][drop] dropped 1 of moneda (§eMoneda) at world -1763 72 2499
[01.10.2022 16:08:11][serveritem][drop] dropped 1 of moneda (§eMoneda) at world -1763 72 2499
[01.10.2022 16:08:11][serveritem][drop] dropped 1 of moneda (§eMoneda) at world -1763 72 2499
[01.10.2022 16:08:14][serveritem][drop] dropped 1 of moneda (§eMoneda) at world -1763 72 2499
[01.10.2022 16:08:14][serveritem][drop] dropped 1 of moneda (§eMoneda) at world -1763 72 2499
[01.10.2022 16:08:17][serveritem][drop] dropped 1 of moneda (§eMoneda) at world -1763 72 2499
[01.10.2022 16:08:17][serveritem][drop] dropped 1 of moneda (§eMoneda) at world -1763 72 2499
[01.10.2022 16:08:17][serveritem][drop] dropped 5 of moneda (§eMoneda) at world -1763 72 2499
[01.10.2022 16:08:22][serveritem][drop] dropped 1 of moneda (§eMoneda) at world -1763 72 2499
[01.10.2022 16:08:22][serveritem][drop] dropped 1 of moneda (§eMoneda) at world -1763 72 2499
[01.10.2022 16:08:24][serveritem][drop] dropped 1 of moneda (§eMoneda) at world -1763 72 2499
[01.10.2022 16:08:24][serveritem][drop] dropped 1 of moneda (§eMoneda) at world -1763 72 2499
[01.10.2022 16:08:24][serveritem][drop] dropped 5 of moneda (§eMoneda) at world -1763 72 2499
[01.10.2022 16:08:26][serveritem][drop] dropped 1 of moneda (§eMoneda) at world -1763 72 2499
[01.10.2022 16:08:26][serveritem][drop] dropped 1 of moneda (§eMoneda) at world -1763 72 2499
[01.10.2022 16:08:28][serveritem][drop] dropped 1 of moneda (§eMoneda) at world -1763 72 2499
[01.10.2022 16:08:28][serveritem][drop] dropped 1 of moneda (§eMoneda) at world -1763 72 2499
[01.10.2022 16:08:30][serveritem][drop] dropped 1 of moneda (§eMoneda) at world -1763 72 2499
[01.10.2022 16:08:30][serveritem][drop] dropped 1 of moneda (§eMoneda) at world -1763 72 2499
[01.10.2022 16:08:30][serveritem][drop] dropped 5 of moneda (§eMoneda) at world -1763 72 2499
[01.10.2022 16:08:31][serveritem][drop] dropped 1 of moneda (§eMoneda) at world -1763 72 2499
[01.10.2022 16:08:33][serveritem][drop] dropped 1 of moneda (§eMoneda) at world -1763 72 2499
[01.10.2022 16:08:33][serveritem][drop] dropped 1 of moneda (§eMoneda) at world -1763 72 2499
[01.10.2022 16:08:35][serveritem][drop] dropped 1 of moneda (§eMoneda) at world -1763 72 2499
[01.10.2022 16:08:35][serveritem][drop] dropped 1 of moneda (§eMoneda) at world -1763 72 2499
[01.10.2022 16:08:35][serveritem][drop] dropped 5 of moneda (§eMoneda) at world -1763 72 2499
[01.10.2022 16:08:37][serveritem][drop] dropped 1 of moneda (§eMoneda) at world -1763 72 2499
[01.10.2022 16:08:37][serveritem][drop] dropped 1 of moneda (§eMoneda) at world -1763 72 2499
[01.10.2022 16:08:37][serveritem][drop] dropped 5 of moneda (§eMoneda) at world -1763 72 2499
[01.10.2022 16:08:39][serveritem][drop] dropped 1 of moneda (§eMoneda) at world -1763 72 2499
[01.10.2022 16:08:39][serveritem][drop] dropped 1 of moneda (§eMoneda) at world -1763 72 2499
[01.10.2022 16:08:41][serveritem][drop] dropped 1 of moneda (§eMoneda) at world -1763 72 2499
[01.10.2022 16:08:41][serveritem][drop] dropped 1 of moneda (§eMoneda) at world -1763 72 2499
[01.10.2022 16:08:41][serveritem][drop] dropped 5 of moneda (§eMoneda) at world -1763 72 2499
[01.10.2022 16:08:43][serveritem][drop] dropped 1 of moneda (§eMoneda) at world -1763 72 2499
[01.10.2022 16:08:43][serveritem][drop] dropped 1 of moneda (§eMoneda) at world -1763 72 2499
[01.10.2022 16:08:46][serveritem][drop] dropped 1 of moneda (§eMoneda) at world -1763 72 2499
[01.10.2022 16:08:46][serveritem][drop] dropped 1 of moneda (§eMoneda) at world -1763 72 2499
[01.10.2022 16:08:48][serveritem][drop] dropped 1 of moneda (§eMoneda) at world -1763 72 2499
[01.10.2022 16:08:50][serveritem][drop] dropped 1 of moneda (§eMoneda) at world -1763 72 2499
[01.10.2022 16:08:50][serveritem][drop] dropped 1 of moneda (§eMoneda) at world -1763 72 2499
[01.10.2022 16:08:52][serveritem][drop] dropped 1 of moneda (§eMoneda) at world -1763 72 2499
[01.10.2022 16:08:54][serveritem][drop] dropped 1 of moneda (§eMoneda) at world -1763 72 2499
[01.10.2022 16:08:54][serveritem][drop] dropped 1 of moneda (§eMoneda) at world -1763 72 2499
[01.10.2022 16:08:57][serveritem][drop] dropped 1 of moneda (§eMoneda) at world -1763 72 2499
[01.10.2022 16:08:57][serveritem][drop] dropped 1 of moneda (§eMoneda) at world -1763 72 2499
[01.10.2022 16:09:03][serveritem][drop] dropped 1 of moneda (§eMoneda) at world -1763 72 2499
[01.10.2022 16:09:03][serveritem][drop] dropped 1 of moneda (§eMoneda) at world -1763 72 2499
[01.10.2022 16:09:03][serveritem][drop] dropped 5 of moneda (§eMoneda) at world -1763 72 2499
[01.10.2022 16:09:05][serveritem][drop] dropped 1 of moneda (§eMoneda) at world -1763 72 2499
[01.10.2022 16:09:05][serveritem][drop] dropped 1 of moneda (§eMoneda) at world -1763 72 2499
[01.10.2022 16:09:07][serveritem][drop] dropped 1 of moneda (§eMoneda) at world -1763 72 2499
[01.10.2022 16:09:07][serveritem][drop] dropped 1 of moneda (§eMoneda) at world -1763 72 2499
[01.10.2022 16:09:09][serveritem][drop] dropped 1 of moneda (§eMoneda) at world -1763 72 2499
[01.10.2022 16:09:09][serveritem][drop] dropped 1 of moneda (§eMoneda) at world -1763 72 2499
[01.10.2022 16:09:11][serveritem][drop] dropped 1 of moneda (§eMoneda) at world -1763 72 2499
[01.10.2022 16:09:11][serveritem][drop] dropped 1 of moneda (§eMoneda) at world -1763 72 2499
[01.10.2022 16:09:13][serveritem][drop] dropped 1 of moneda (§eMoneda) at world -1763 72 2499
[01.10.2022 16:09:13][serveritem][drop] dropped 1 of moneda (§eMoneda) at world -1763 72 2499
[01.10.2022 16:09:15][serveritem][drop] dropped 1 of moneda (§eMoneda) at world -1763 72 2499
[01.10.2022 16:09:15][serveritem][drop] dropped 1 of moneda (§eMoneda) at world -1763 72 2499
[01.10.2022 16:09:17][serveritem][drop] dropped 1 of moneda (§eMoneda) at world -1763 72 2499
[01.10.2022 16:09:17][serveritem][drop] dropped 1 of moneda (§eMoneda) at world -1763 72 2499
[01.10.2022 16:09:19][serveritem][drop] dropped 1 of moneda (§eMoneda) at world -1763 72 2499
[01.10.2022 16:09:19][serveritem][drop] dropped 1 of moneda (§eMoneda) at world -1763 72 2499
[01.10.2022 16:09:21][serveritem][drop] dropped 1 of moneda (§eMoneda) at world -1763 72 2499
[01.10.2022 16:09:21][serveritem][drop] dropped 1 of moneda (§eMoneda) at world -1763 72 2499
[01.10.2022 16:09:23][serveritem][drop] dropped 1 of moneda (§eMoneda) at world -1763 72 2499
[01.10.2022 16:09:23][serveritem][drop] dropped 1 of moneda (§eMoneda) at world -1763 72 2499
[01.10.2022 16:09:23][serveritem][drop] dropped 5 of moneda (§eMoneda) at world -1763 72 2499
[01.10.2022 16:09:25][serveritem][drop] dropped 1 of moneda (§eMoneda) at world -1763 72 2499
[01.10.2022 16:09:25][serveritem][drop] dropped 1 of moneda (§eMoneda) at world -1763 72 2499
[01.10.2022 16:09:26][serveritem][drop] dropped 1 of moneda (§eMoneda) at world -1763 72 2499
[01.10.2022 16:09:26][serveritem][drop] dropped 1 of moneda (§eMoneda) at world -1763 72 2499
[01.10.2022 16:09:26][serveritem][drop] dropped 5 of moneda (§eMoneda) at world -1763 72 2499
[01.10.2022 16:09:28][serveritem][drop] dropped 1 of moneda (§eMoneda) at world -1763 72 2499
[01.10.2022 16:09:28][serveritem][drop] dropped 1 of moneda (§eMoneda) at world -1763 72 2499
[01.10.2022 16:09:30][serveritem][drop] dropped 1 of moneda (§eMoneda) at world -1763 72 2499
[01.10.2022 16:09:30][serveritem][drop] dropped 1 of moneda (§eMoneda) at world -1763 72 2499
[01.10.2022 16:09:32][serveritem][drop] dropped 1 of moneda (§eMoneda) at world -1763 72 2499
[01.10.2022 16:09:34][serveritem][drop] dropped 1 of moneda (§eMoneda) at world -1763 72 2499
[01.10.2022 16:09:34][serveritem][drop] dropped 1 of moneda (§eMoneda) at world -1763 72 2499
[01.10.2022 16:09:37][serveritem][drop] dropped 1 of moneda (§eMoneda) at world -1763 72 2499
[01.10.2022 16:09:37][serveritem][drop] dropped 1 of moneda (§eMoneda) at world -1763 72 2499
[01.10.2022 16:09:39][serveritem][drop] dropped 1 of moneda (§eMoneda) at world -1763 72 2499
[01.10.2022 16:09:39][serveritem][drop] dropped 1 of moneda (§eMoneda) at world -1763 72 2499
[01.10.2022 16:09:41][serveritem][drop] dropped 1 of moneda (§eMoneda) at world -1763 72 2499
[01.10.2022 16:09:41][serveritem][drop] dropped 1 of moneda (§eMoneda) at world -1763 72 2499
[01.10.2022 16:09:43][serveritem][drop] dropped 1 of moneda (§eMoneda) at world -1763 72 2499
[01.10.2022 16:09:43][serveritem][drop] dropped 1 of moneda (§eMoneda) at world -1763 72 2499
[01.10.2022 16:09:43][serveritem][drop] dropped 5 of moneda (§eMoneda) at world -1763 72 2499
[01.10.2022 16:09:45][serveritem][drop] dropped 1 of moneda (§eMoneda) at world -1763 72 2499
[01.10.2022 16:09:45][serveritem][drop] dropped 1 of moneda (§eMoneda) at world -1763 72 2499
[01.10.2022 16:09:47][serveritem][drop] dropped 1 of moneda (§eMoneda) at world -1763 72 2499
[01.10.2022 16:09:47][serveritem][drop] dropped 1 of moneda (§eMoneda) at world -1763 72 2499
[01.10.2022 16:09:48][serveritem][drop] dropped 1 of moneda (§eMoneda) at world -1763 72 2499
[01.10.2022 16:09:48][serveritem][drop] dropped 1 of moneda (§eMoneda) at world -1763 72 2499
[01.10.2022 16:09:50][serveritem][drop] dropped 1 of moneda (§eMoneda) at world -1763 72 2499
[01.10.2022 16:09:50][serveritem][drop] dropped 1 of moneda (§eMoneda) at world -1763 72 2499
[01.10.2022 16:09:52][serveritem][drop] dropped 1 of moneda (§eMoneda) at world -1763 72 2499
[01.10.2022 16:09:52][serveritem][drop] dropped 1 of moneda (§eMoneda) at world -1763 72 2499
[01.10.2022 16:09:54][serveritem][drop] dropped 1 of moneda (§eMoneda) at world -1763 72 2499
[01.10.2022 16:09:57][serveritem][drop] dropped 1 of moneda (§eMoneda) at world -1763 72 2499
[01.10.2022 16:09:57][serveritem][drop] dropped 1 of moneda (§eMoneda) at world -1763 72 2499
[01.10.2022 16:09:59][serveritem][drop] dropped 1 of moneda (§eMoneda) at world -1763 72 2499
[01.10.2022 16:09:59][serveritem][drop] dropped 1 of moneda (§eMoneda) at world -1763 72 2499
[01.10.2022 16:09:59][serveritem][drop] dropped 5 of moneda (§eMoneda) at world -1763 72 2499
[01.10.2022 16:10:01][serveritem][drop] dropped 1 of moneda (§eMoneda) at world -1763 72 2499
[01.10.2022 16:10:01][serveritem][drop] dropped 1 of moneda (§eMoneda) at world -1763 72 2499
[01.10.2022 16:10:08][serveritem][drop] dropped 1 of moneda (§eMoneda) at world -1763 72 2499
[01.10.2022 16:10:08][serveritem][drop] dropped 1 of moneda (§eMoneda) at world -1763 72 2499
[01.10.2022 16:10:11][serveritem][drop] dropped 1 of moneda (§eMoneda) at world -1763 72 2499
[01.10.2022 16:10:11][serveritem][drop] dropped 1 of moneda (§eMoneda) at world -1763 72 2499
[01.10.2022 16:10:12][serveritem][drop] dropped 1 of moneda (§eMoneda) at world -1763 72 2499
[01.10.2022 16:10:12][serveritem][drop] dropped 1 of moneda (§eMoneda) at world -1763 72 2499
[01.10.2022 16:10:14][serveritem][drop] dropped 1 of moneda (§eMoneda) at world -1763 72 2499
[01.10.2022 16:10:14][serveritem][drop] dropped 1 of moneda (§eMoneda) at world -1763 72 2499
[01.10.2022 16:10:16][serveritem][drop] dropped 1 of moneda (§eMoneda) at world -1763 72 2499
[01.10.2022 16:10:16][serveritem][drop] dropped 1 of moneda (§eMoneda) at world -1763 72 2499
[01.10.2022 16:10:23][serveritem][drop] dropped 1 of moneda (§eMoneda) at world -1763 72 2499
[01.10.2022 16:10:23][serveritem][drop] dropped 1 of moneda (§eMoneda) at world -1763 72 2499
[01.10.2022 16:10:25][serveritem][drop] dropped 1 of moneda (§eMoneda) at world -1763 72 2499
[01.10.2022 16:10:25][serveritem][drop] dropped 1 of moneda (§eMoneda) at world -1763 72 2499
[01.10.2022 16:10:28][serveritem][drop] dropped 1 of moneda (§eMoneda) at world -1763 72 2499
[01.10.2022 16:10:28][serveritem][drop] dropped 1 of moneda (§eMoneda) at world -1763 72 2499
[01.10.2022 16:10:30][serveritem][drop] dropped 1 of moneda (§eMoneda) at world -1763 72 2499
[01.10.2022 16:10:30][serveritem][drop] dropped 1 of moneda (§eMoneda) at world -1763 72 2499
[01.10.2022 16:10:32][serveritem][drop] dropped 1 of moneda (§eMoneda) at world -1763 72 2499
[01.10.2022 16:10:32][serveritem][drop] dropped 1 of moneda (§eMoneda) at world -1763 72 2499
[01.10.2022 16:10:33][serveritem][drop] dropped 1 of moneda (§eMoneda) at world -1763 72 2499
[01.10.2022 16:10:33][serveritem][drop] dropped 1 of moneda (§eMoneda) at world -1763 72 2499
[01.10.2022 16:10:33][serveritem][drop] dropped 5 of moneda (§eMoneda) at world -1763 72 2499
[01.10.2022 16:10:35][serveritem][drop] dropped 1 of moneda (§eMoneda) at world -1763 72 2499
[01.10.2022 16:10:35][serveritem][drop] dropped 1 of moneda (§eMoneda) at world -1763 72 2499
[01.10.2022 16:10:38][serveritem][drop] dropped 1 of moneda (§eMoneda) at world -1763 72 2499
[01.10.2022 16:10:38][serveritem][drop] dropped 1 of moneda (§eMoneda) at world -1763 72 2499
[01.10.2022 16:10:39][serveritem][drop] dropped 1 of moneda (§eMoneda) at world -1763 72 2499
[01.10.2022 16:10:41][serveritem][drop] dropped 1 of moneda (§eMoneda) at world -1763 72 2499
[01.10.2022 16:10:41][serveritem][drop] dropped 1 of moneda (§eMoneda) at world -1763 72 2499
[01.10.2022 16:10:41][serveritem][drop] dropped 5 of moneda (§eMoneda) at world -1763 72 2499
[01.10.2022 16:10:46][serveritem][drop] dropped 1 of moneda (§eMoneda) at world -1763 72 2499
[01.10.2022 16:10:46][serveritem][drop] dropped 1 of moneda (§eMoneda) at world -1763 72 2499
[01.10.2022 16:10:48][serveritem][drop] dropped 1 of moneda (§eMoneda) at world -1763 72 2499
[01.10.2022 16:10:48][serveritem][drop] dropped 1 of moneda (§eMoneda) at world -1763 72 2499
[01.10.2022 16:10:51][serveritem][drop] dropped 1 of moneda (§eMoneda) at world -1763 72 2499
[01.10.2022 16:10:51][serveritem][drop] dropped 1 of moneda (§eMoneda) at world -1763 72 2499
[01.10.2022 16:10:53][serveritem][drop] dropped 1 of moneda (§eMoneda) at world -1763 72 2499
[01.10.2022 16:10:53][serveritem][drop] dropped 1 of moneda (§eMoneda) at world -1763 72 2499
[01.10.2022 16:10:56][serveritem][drop] dropped 1 of moneda (§eMoneda) at world -1763 72 2499
[01.10.2022 16:10:56][serveritem][drop] dropped 1 of moneda (§eMoneda) at world -1763 72 2499
[01.10.2022 16:10:58][serveritem][drop] dropped 1 of moneda (§eMoneda) at world -1763 72 2499
[01.10.2022 16:10:58][serveritem][drop] dropped 1 of moneda (§eMoneda) at world -1763 72 2499
[01.10.2022 16:11:01][serveritem][drop] dropped 1 of moneda (§eMoneda) at world -1763 72 2499
[01.10.2022 16:11:01][serveritem][drop] dropped 1 of moneda (§eMoneda) at world -1763 72 2499
[01.10.2022 16:11:03][serveritem][drop] dropped 1 of moneda (§eMoneda) at world -1763 72 2499
[01.10.2022 16:11:17][serveritem][drop] dropped 1 of moneda (§eMoneda) at world -1763 72 2499
[01.10.2022 16:12:10][serveritem][drop] dropped 1 of moneda (§eMoneda) at world -1763 72 2499
[01.10.2022 16:12:10][serveritem][drop] dropped 1 of moneda (§eMoneda) at world -1763 72 2499
[01.10.2022 16:12:10][serveritem][drop] dropped 5 of moneda (§eMoneda) at world -1763 72 2499
[01.10.2022 16:12:11][serveritem][drop] dropped 1 of moneda (§eMoneda) at world -1763 72 2499
[01.10.2022 16:12:11][serveritem][drop] dropped 1 of moneda (§eMoneda) at world -1763 72 2499
[01.10.2022 16:12:13][serveritem][drop] dropped 1 of moneda (§eMoneda) at world -1763 72 2499
[01.10.2022 16:12:13][serveritem][drop] dropped 1 of moneda (§eMoneda) at world -1763 72 2499
[01.10.2022 16:12:15][serveritem][drop] dropped 1 of moneda (§eMoneda) at world -1763 72 2499
[01.10.2022 16:12:15][serveritem][drop] dropped 1 of moneda (§eMoneda) at world -1763 72 2499
[01.10.2022 16:12:17][serveritem][drop] dropped 1 of moneda (§eMoneda) at world -1763 72 2499
[01.10.2022 16:12:17][serveritem][drop] dropped 1 of moneda (§eMoneda) at world -1763 72 2499
[01.10.2022 16:12:30][serveritem][drop] dropped 1 of moneda (§eMoneda) at world -1763 72 2499
[01.10.2022 16:12:30][serveritem][drop] dropped 1 of moneda (§eMoneda) at world -1763 72 2499
[01.10.2022 16:12:30][serveritem][drop] dropped 5 of moneda (§eMoneda) at world -1763 72 2499
[01.10.2022 16:12:32][serveritem][drop] dropped 1 of moneda (§eMoneda) at world -1763 72 2499
[01.10.2022 16:12:32][serveritem][drop] dropped 1 of moneda (§eMoneda) at world -1763 72 2499
[01.10.2022 16:12:32][serveritem][drop] dropped 5 of moneda (§eMoneda) at world -1763 72 2499
[01.10.2022 16:12:34][serveritem][drop] dropped 1 of moneda (§eMoneda) at world -1763 72 2499
[01.10.2022 16:12:34][serveritem][drop] dropped 1 of moneda (§eMoneda) at world -1763 72 2499
[01.10.2022 16:12:46][serveritem][drop] dropped 1 of moneda (§eMoneda) at world -1763 72 2499
[01.10.2022 16:12:46][serveritem][drop] dropped 1 of moneda (§eMoneda) at world -1763 72 2499
[01.10.2022 16:12:46][serveritem][drop] dropped 5 of moneda (§eMoneda) at world -1763 72 2499
[01.10.2022 16:12:48][serveritem][drop] dropped 1 of moneda (§eMoneda) at world -1763 72 2499
[01.10.2022 16:12:48][serveritem][drop] dropped 1 of moneda (§eMoneda) at world -1763 72 2499
[01.10.2022 16:12:51][serveritem][drop] dropped 1 of moneda (§eMoneda) at world -1763 72 2499
[01.10.2022 16:12:51][serveritem][drop] dropped 1 of moneda (§eMoneda) at world -1763 72 2499
[01.10.2022 16:12:51][serveritem][drop] dropped 5 of moneda (§eMoneda) at world -1763 72 2499
[01.10.2022 16:12:52][serveritem][drop] dropped 1 of moneda (§eMoneda) at world -1763 72 2499
[01.10.2022 16:12:52][serveritem][drop] dropped 1 of moneda (§eMoneda) at world -1763 72 2499
[01.10.2022 16:12:52][serveritem][drop] dropped 5 of moneda (§eMoneda) at world -1763 72 2499
[01.10.2022 16:12:54][serveritem][drop] dropped 1 of moneda (§eMoneda) at world -1763 72 2499
[01.10.2022 16:12:54][serveritem][drop] dropped 1 of moneda (§eMoneda) at world -1763 72 2499
[01.10.2022 16:12:56][serveritem][take] orozc048 gave 1 of arco_practica (§fArco de práctica)
[01.10.2022 16:17:36][serveritem][give] orozc048 obtained 1 of arco_practica (§fArco de práctica)
[01.10.2022 16:17:40][serveritem][drop] dropped 1 of moneda (§eMoneda) at world -1763 72 2499
[01.10.2022 16:17:40][serveritem][drop] dropped 1 of moneda (§eMoneda) at world -1763 72 2499
[01.10.2022 16:17:43][serveritem][drop] dropped 1 of moneda (§eMoneda) at world -1763 72 2499
[01.10.2022 16:17:43][serveritem][drop] dropped 1 of moneda (§eMoneda) at world -1763 72 2499
[01.10.2022 16:17:44][serveritem][drop] dropped 1 of moneda (§eMoneda) at world -1763 72 2499
[01.10.2022 16:17:44][serveritem][drop] dropped 1 of moneda (§eMoneda) at world -1763 72 2499
[01.10.2022 16:17:47][serveritem][drop] dropped 1 of moneda (§eMoneda) at world -1763 72 2499
[01.10.2022 16:17:52][serveritem][drop] dropped 1 of moneda (§eMoneda) at world -1763 72 2499
[01.10.2022 16:17:52][serveritem][drop] dropped 1 of moneda (§eMoneda) at world -1763 72 2499
[01.10.2022 16:17:54][serveritem][drop] dropped 1 of moneda (§eMoneda) at world -1763 72 2499
[01.10.2022 16:17:54][serveritem][drop] dropped 1 of moneda (§eMoneda) at world -1763 72 2499
[01.10.2022 16:17:56][serveritem][drop] dropped 1 of moneda (§eMoneda) at world -1763 72 2499
[01.10.2022 16:17:56][serveritem][drop] dropped 1 of moneda (§eMoneda) at world -1763 72 2499
[01.10.2022 16:17:57][serveritem][drop] dropped 1 of moneda (§eMoneda) at world -1763 72 2499
[01.10.2022 16:17:57][serveritem][drop] dropped 1 of moneda (§eMoneda) at world -1763 72 2499
[01.10.2022 16:18:01][serveritem][drop] dropped 1 of moneda (§eMoneda) at world -1763 72 2499
[01.10.2022 16:18:01][serveritem][drop] dropped 1 of moneda (§eMoneda) at world -1763 72 2499
[01.10.2022 16:18:02][serveritem][drop] dropped 1 of moneda (§eMoneda) at world -1763 72 2499
[01.10.2022 16:18:02][serveritem][drop] dropped 1 of moneda (§eMoneda) at world -1763 72 2499
[01.10.2022 16:18:05][serveritem][drop] dropped 1 of moneda (§eMoneda) at world -1763 72 2499
[01.10.2022 16:18:05][serveritem][drop] dropped 1 of moneda (§eMoneda) at world -1763 72 2499
[01.10.2022 16:18:07][serveritem][drop] dropped 1 of moneda (§eMoneda) at world -1763 72 2499
[01.10.2022 16:18:07][serveritem][drop] dropped 1 of moneda (§eMoneda) at world -1763 72 2499
[01.10.2022 16:18:07][serveritem][drop] dropped 5 of moneda (§eMoneda) at world -1763 72 2499
[01.10.2022 16:18:09][serveritem][drop] dropped 1 of moneda (§eMoneda) at world -1763 72 2499
[01.10.2022 16:18:09][serveritem][drop] dropped 1 of moneda (§eMoneda) at world -1763 72 2499
[01.10.2022 16:18:11][serveritem][drop] dropped 1 of moneda (§eMoneda) at world -1763 72 2499
[01.10.2022 16:18:11][serveritem][drop] dropped 1 of moneda (§eMoneda) at world -1763 72 2499
[01.10.2022 16:18:11][serveritem][drop] dropped 5 of moneda (§eMoneda) at world -1763 72 2499
[01.10.2022 16:18:13][serveritem][drop] dropped 1 of moneda (§eMoneda) at world -1763 72 2499
[01.10.2022 16:18:13][serveritem][drop] dropped 1 of moneda (§eMoneda) at world -1763 72 2499
[01.10.2022 16:18:16][serveritem][drop] dropped 1 of moneda (§eMoneda) at world -1763 72 2499
[01.10.2022 16:18:16][serveritem][drop] dropped 1 of moneda (§eMoneda) at world -1763 72 2499
[01.10.2022 16:18:18][serveritem][drop] dropped 1 of moneda (§eMoneda) at world -1763 72 2499
[01.10.2022 16:18:18][serveritem][drop] dropped 1 of moneda (§eMoneda) at world -1763 72 2499
[01.10.2022 16:18:20][serveritem][drop] dropped 1 of moneda (§eMoneda) at world -1763 72 2499
[01.10.2022 16:18:20][serveritem][drop] dropped 1 of moneda (§eMoneda) at world -1763 72 2499
[01.10.2022 16:18:23][serveritem][drop] dropped 1 of moneda (§eMoneda) at world -1763 72 2499
[01.10.2022 16:18:23][serveritem][drop] dropped 1 of moneda (§eMoneda) at world -1763 72 2499
[01.10.2022 16:18:26][serveritem][drop] dropped 1 of moneda (§eMoneda) at world -1763 72 2499
[01.10.2022 16:18:26][serveritem][drop] dropped 1 of moneda (§eMoneda) at world -1763 72 2499
[01.10.2022 16:18:28][serveritem][drop] dropped 1 of moneda (§eMoneda) at world -1763 72 2499
[01.10.2022 16:18:28][serveritem][drop] dropped 1 of moneda (§eMoneda) at world -1763 72 2499
[01.10.2022 16:18:31][serveritem][drop] dropped 1 of moneda (§eMoneda) at world -1763 72 2499
[01.10.2022 16:18:31][serveritem][drop] dropped 1 of moneda (§eMoneda) at world -1763 72 2499
[01.10.2022 16:18:33][serveritem][drop] dropped 1 of moneda (§eMoneda) at world -1763 72 2499
[01.10.2022 16:18:33][serveritem][drop] dropped 1 of moneda (§eMoneda) at world -1763 72 2499
[01.10.2022 16:18:34][serveritem][drop] dropped 1 of moneda (§eMoneda) at world -1763 72 2499
[01.10.2022 16:18:34][serveritem][drop] dropped 1 of moneda (§eMoneda) at world -1763 72 2499
[01.10.2022 16:18:36][serveritem][drop] dropped 1 of moneda (§eMoneda) at world -1763 72 2499
[01.10.2022 16:18:36][serveritem][drop] dropped 1 of moneda (§eMoneda) at world -1763 72 2499
[01.10.2022 16:18:38][serveritem][drop] dropped 1 of moneda (§eMoneda) at world -1763 72 2499
[01.10.2022 16:18:38][serveritem][drop] dropped 1 of moneda (§eMoneda) at world -1763 72 2499
[01.10.2022 16:18:39][serveritem][drop] dropped 1 of moneda (§eMoneda) at world -1763 72 2499
[01.10.2022 16:18:39][serveritem][drop] dropped 1 of moneda (§eMoneda) at world -1763 72 2499
[01.10.2022 16:18:43][serveritem][drop] dropped 1 of moneda (§eMoneda) at world -1763 72 2499
[01.10.2022 16:18:43][serveritem][drop] dropped 1 of moneda (§eMoneda) at world -1763 72 2499
[01.10.2022 16:18:45][serveritem][drop] dropped 1 of moneda (§eMoneda) at world -1763 72 2499
[01.10.2022 16:18:45][serveritem][drop] dropped 1 of moneda (§eMoneda) at world -1763 72 2499
[01.10.2022 16:18:47][serveritem][drop] dropped 1 of moneda (§eMoneda) at world -1763 72 2499
[01.10.2022 16:18:49][serveritem][drop] dropped 1 of moneda (§eMoneda) at world -1763 72 2499
[01.10.2022 16:18:49][serveritem][drop] dropped 1 of moneda (§eMoneda) at world -1763 72 2499
[01.10.2022 16:18:51][serveritem][drop] dropped 1 of moneda (§eMoneda) at world -1763 72 2499
[01.10.2022 16:18:53][serveritem][drop] dropped 1 of moneda (§eMoneda) at world -1763 72 2499
[01.10.2022 16:18:53][serveritem][drop] dropped 1 of moneda (§eMoneda) at world -1763 72 2499
[01.10.2022 16:18:55][serveritem][drop] dropped 1 of moneda (§eMoneda) at world -1763 72 2499
[01.10.2022 16:18:55][serveritem][drop] dropped 1 of moneda (§eMoneda) at world -1763 72 2499
[01.10.2022 16:18:57][serveritem][drop] dropped 1 of moneda (§eMoneda) at world -1763 72 2499
[01.10.2022 16:18:57][serveritem][drop] dropped 1 of moneda (§eMoneda) at world -1763 72 2499
[01.10.2022 16:19:01][serveritem][drop] dropped 1 of moneda (§eMoneda) at world -1763 72 2499
[01.10.2022 16:19:01][serveritem][drop] dropped 1 of moneda (§eMoneda) at world -1763 72 2499
[01.10.2022 16:19:04][serveritem][drop] dropped 1 of moneda (§eMoneda) at world -1763 72 2499
[01.10.2022 16:19:07][serveritem][drop] dropped 1 of moneda (§eMoneda) at world -1763 72 2499
[01.10.2022 16:19:07][serveritem][drop] dropped 1 of moneda (§eMoneda) at world -1763 72 2499
[01.10.2022 16:19:11][serveritem][drop] dropped 1 of moneda (§eMoneda) at world -1763 72 2499
[01.10.2022 16:19:11][serveritem][drop] dropped 1 of moneda (§eMoneda) at world -1763 72 2499
[01.10.2022 16:19:13][serveritem][drop] dropped 1 of moneda (§eMoneda) at world -1763 72 2499
[01.10.2022 16:19:13][serveritem][drop] dropped 1 of moneda (§eMoneda) at world -1763 72 2499
[01.10.2022 16:19:15][serveritem][drop] dropped 1 of moneda (§eMoneda) at world -1763 72 2499
[01.10.2022 16:19:15][serveritem][drop] dropped 1 of moneda (§eMoneda) at world -1763 72 2499
[01.10.2022 16:19:16][serveritem][drop] dropped 1 of moneda (§eMoneda) at world -1763 72 2499
[01.10.2022 16:19:16][serveritem][drop] dropped 1 of moneda (§eMoneda) at world -1763 72 2499
[01.10.2022 16:19:18][serveritem][drop] dropped 1 of moneda (§eMoneda) at world -1763 72 2499
[01.10.2022 16:19:18][serveritem][drop] dropped 1 of moneda (§eMoneda) at world -1763 72 2499
[01.10.2022 16:19:21][serveritem][drop] dropped 1 of moneda (§eMoneda) at world -1763 72 2499
[01.10.2022 16:19:23][serveritem][drop] dropped 1 of moneda (§eMoneda) at world -1763 72 2499
[01.10.2022 16:19:24][serveritem][drop] dropped 1 of moneda (§eMoneda) at world -1763 72 2499
[01.10.2022 16:19:24][serveritem][drop] dropped 1 of moneda (§eMoneda) at world -1763 72 2499
[01.10.2022 16:19:26][serveritem][drop] dropped 1 of moneda (§eMoneda) at world -1763 72 2499
[01.10.2022 16:19:28][serveritem][drop] dropped 1 of moneda (§eMoneda) at world -1763 72 2499
[01.10.2022 16:19:28][serveritem][drop] dropped 1 of moneda (§eMoneda) at world -1763 72 2499
[01.10.2022 16:19:29][serveritem][drop] dropped 1 of moneda (§eMoneda) at world -1763 72 2499
[01.10.2022 16:19:29][serveritem][drop] dropped 1 of moneda (§eMoneda) at world -1763 72 2499
[01.10.2022 16:19:31][serveritem][drop] dropped 1 of moneda (§eMoneda) at world -1763 72 2499
[01.10.2022 16:19:33][serveritem][drop] dropped 1 of moneda (§eMoneda) at world -1763 72 2499
[01.10.2022 16:19:34][serveritem][drop] dropped 1 of moneda (§eMoneda) at world -1763 72 2499
[01.10.2022 16:19:34][serveritem][drop] dropped 1 of moneda (§eMoneda) at world -1763 72 2499
[01.10.2022 16:19:36][serveritem][drop] dropped 1 of moneda (§eMoneda) at world -1763 72 2499
[01.10.2022 16:19:36][serveritem][drop] dropped 1 of moneda (§eMoneda) at world -1763 72 2499
[01.10.2022 16:19:38][serveritem][drop] dropped 1 of moneda (§eMoneda) at world -1763 72 2499
[01.10.2022 16:19:38][serveritem][drop] dropped 1 of moneda (§eMoneda) at world -1763 72 2499
[01.10.2022 16:19:39][serveritem][drop] dropped 1 of moneda (§eMoneda) at world -1763 72 2499
[01.10.2022 16:19:39][serveritem][drop] dropped 1 of moneda (§eMoneda) at world -1763 72 2499
[01.10.2022 16:19:41][serveritem][drop] dropped 1 of moneda (§eMoneda) at world -1763 72 2499
[01.10.2022 16:19:41][serveritem][drop] dropped 1 of moneda (§eMoneda) at world -1763 72 2499
[01.10.2022 16:19:43][serveritem][drop] dropped 1 of moneda (§eMoneda) at world -1763 72 2499
[01.10.2022 16:19:44][serveritem][drop] dropped 1 of moneda (§eMoneda) at world -1763 72 2499
[01.10.2022 16:19:44][serveritem][drop] dropped 1 of moneda (§eMoneda) at world -1763 72 2499
[01.10.2022 16:19:46][serveritem][drop] dropped 1 of moneda (§eMoneda) at world -1763 72 2499
[01.10.2022 16:19:46][serveritem][drop] dropped 1 of moneda (§eMoneda) at world -1763 72 2499
[01.10.2022 16:19:48][serveritem][drop] dropped 1 of moneda (§eMoneda) at world -1763 72 2499
[01.10.2022 16:19:48][serveritem][drop] dropped 1 of moneda (§eMoneda) at world -1763 72 2499
[01.10.2022 16:19:48][serveritem][drop] dropped 5 of moneda (§eMoneda) at world -1763 72 2499
[01.10.2022 16:19:49][serveritem][drop] dropped 1 of moneda (§eMoneda) at world -1763 72 2499
[01.10.2022 16:19:49][serveritem][drop] dropped 1 of moneda (§eMoneda) at world -1763 72 2499
[01.10.2022 16:19:51][serveritem][drop] dropped 1 of moneda (§eMoneda) at world -1763 72 2499
[01.10.2022 16:19:53][serveritem][drop] dropped 1 of moneda (§eMoneda) at world -1763 72 2499
[01.10.2022 16:19:53][serveritem][drop] dropped 1 of moneda (§eMoneda) at world -1763 72 2499
[01.10.2022 16:19:53][serveritem][drop] dropped 5 of moneda (§eMoneda) at world -1763 72 2499
[01.10.2022 16:19:55][serveritem][drop] dropped 1 of moneda (§eMoneda) at world -1763 72 2499
[01.10.2022 16:20:00][serveritem][drop] dropped 1 of moneda (§eMoneda) at world -1763 72 2499
[01.10.2022 16:20:00][serveritem][drop] dropped 1 of moneda (§eMoneda) at world -1763 72 2499
[01.10.2022 16:20:03][serveritem][drop] dropped 1 of moneda (§eMoneda) at world -1763 72 2499
[01.10.2022 16:20:03][serveritem][drop] dropped 1 of moneda (§eMoneda) at world -1763 72 2499
[01.10.2022 16:20:03][serveritem][drop] dropped 5 of moneda (§eMoneda) at world -1763 72 2499
[01.10.2022 16:20:05][serveritem][drop] dropped 1 of moneda (§eMoneda) at world -1763 72 2499
[01.10.2022 16:20:06][serveritem][drop] dropped 1 of moneda (§eMoneda) at world -1763 72 2499
[01.10.2022 16:20:06][serveritem][drop] dropped 1 of moneda (§eMoneda) at world -1763 72 2499
[01.10.2022 16:20:08][serveritem][drop] dropped 1 of moneda (§eMoneda) at world -1763 72 2499
[01.10.2022 16:20:08][serveritem][drop] dropped 1 of moneda (§eMoneda) at world -1763 72 2499
[01.10.2022 16:20:11][serveritem][drop] dropped 1 of moneda (§eMoneda) at world -1763 72 2499
[01.10.2022 16:20:12][serveritem][drop] dropped 1 of moneda (§eMoneda) at world -1763 72 2499
[01.10.2022 16:20:12][serveritem][drop] dropped 1 of moneda (§eMoneda) at world -1763 72 2499
[01.10.2022 16:20:12][serveritem][drop] dropped 5 of moneda (§eMoneda) at world -1763 72 2499
[01.10.2022 16:20:14][serveritem][drop] dropped 1 of moneda (§eMoneda) at world -1763 72 2499
[01.10.2022 16:20:14][serveritem][drop] dropped 1 of moneda (§eMoneda) at world -1763 72 2499
[01.10.2022 16:20:16][serveritem][drop] dropped 1 of moneda (§eMoneda) at world -1763 72 2499
[01.10.2022 16:20:16][serveritem][drop] dropped 1 of moneda (§eMoneda) at world -1763 72 2499
[01.10.2022 16:20:18][serveritem][drop] dropped 1 of moneda (§eMoneda) at world -1763 72 2499
[01.10.2022 16:20:18][serveritem][drop] dropped 1 of moneda (§eMoneda) at world -1763 72 2499
[01.10.2022 16:20:20][serveritem][drop] dropped 1 of moneda (§eMoneda) at world -1763 72 2499
[01.10.2022 16:20:20][serveritem][drop] dropped 1 of moneda (§eMoneda) at world -1763 72 2499
[01.10.2022 16:20:21][serveritem][drop] dropped 1 of moneda (§eMoneda) at world -1763 72 2499
[01.10.2022 16:20:21][serveritem][drop] dropped 1 of moneda (§eMoneda) at world -1763 72 2499
[01.10.2022 16:20:24][serveritem][drop] dropped 1 of moneda (§eMoneda) at world -1763 72 2499
[01.10.2022 16:20:24][serveritem][drop] dropped 1 of moneda (§eMoneda) at world -1763 72 2499
[01.10.2022 16:20:26][serveritem][drop] dropped 1 of moneda (§eMoneda) at world -1763 72 2499
[01.10.2022 16:20:26][serveritem][drop] dropped 1 of moneda (§eMoneda) at world -1763 72 2499
[01.10.2022 16:20:26][serveritem][drop] dropped 5 of moneda (§eMoneda) at world -1763 72 2499
[01.10.2022 16:20:28][serveritem][drop] dropped 1 of moneda (§eMoneda) at world -1763 72 2499
[01.10.2022 16:20:28][serveritem][drop] dropped 1 of moneda (§eMoneda) at world -1763 72 2499
[01.10.2022 16:20:30][serveritem][drop] dropped 1 of moneda (§eMoneda) at world -1763 72 2499
[01.10.2022 16:20:30][serveritem][drop] dropped 1 of moneda (§eMoneda) at world -1763 72 2499
[01.10.2022 16:20:32][serveritem][drop] dropped 1 of moneda (§eMoneda) at world -1763 72 2499
[01.10.2022 16:20:32][serveritem][drop] dropped 1 of moneda (§eMoneda) at world -1763 72 2499
[01.10.2022 16:20:34][serveritem][drop] dropped 1 of moneda (§eMoneda) at world -1763 72 2499
[01.10.2022 16:20:34][serveritem][drop] dropped 1 of moneda (§eMoneda) at world -1763 72 2499
[01.10.2022 16:20:36][serveritem][drop] dropped 1 of moneda (§eMoneda) at world -1763 72 2499
[01.10.2022 16:20:36][serveritem][drop] dropped 1 of moneda (§eMoneda) at world -1763 72 2499
[01.10.2022 16:20:38][serveritem][drop] dropped 1 of moneda (§eMoneda) at world -1763 72 2499
[01.10.2022 16:20:38][serveritem][drop] dropped 1 of moneda (§eMoneda) at world -1763 72 2499
[01.10.2022 16:20:40][serveritem][drop] dropped 1 of moneda (§eMoneda) at world -1763 72 2499
[01.10.2022 16:20:40][serveritem][drop] dropped 1 of moneda (§eMoneda) at world -1763 72 2499
[01.10.2022 16:20:42][serveritem][drop] dropped 1 of moneda (§eMoneda) at world -1763 72 2499
[01.10.2022 16:20:42][serveritem][drop] dropped 1 of moneda (§eMoneda) at world -1763 72 2499
[01.10.2022 16:20:43][serveritem][drop] dropped 1 of moneda (§eMoneda) at world -1763 72 2499
[01.10.2022 16:20:43][serveritem][drop] dropped 1 of moneda (§eMoneda) at world -1763 72 2499
[01.10.2022 16:20:45][serveritem][drop] dropped 1 of moneda (§eMoneda) at world -1763 72 2499
[01.10.2022 16:20:45][serveritem][drop] dropped 1 of moneda (§eMoneda) at world -1763 72 2499
[01.10.2022 16:20:47][serveritem][drop] dropped 1 of moneda (§eMoneda) at world -1763 72 2499
[01.10.2022 16:20:47][serveritem][drop] dropped 1 of moneda (§eMoneda) at world -1763 72 2499
[01.10.2022 16:20:49][serveritem][drop] dropped 1 of moneda (§eMoneda) at world -1763 72 2499
[01.10.2022 16:20:49][serveritem][drop] dropped 1 of moneda (§eMoneda) at world -1763 72 2499
[01.10.2022 16:20:51][serveritem][take] orozc048 gave 1 of arco_practica (§fArco de práctica)
