[26.09.2022 20:00:12][serveritem][give] masaki23 obtained 1 of hierro+ (§fHierro Plus)
[26.09.2022 20:00:12][serveritem][give] masaki23 obtained 1 of oro+ (§fOro Plus)
[26.09.2022 20:00:12][serveritem][give] masaki23 obtained 1 of esmeralda+ (§fEsmeralda Plus)
[26.09.2022 20:00:12][serveritem][give] masaki23 obtained 1 of diamante+ (§fDiamante Plus)
[26.09.2022 20:01:38][serveritem][take] masaki23 gave 1 of mezcla_mortal (§x§F§F§0§0§F§F§lMezcla §0§l§kmortal)
[26.09.2022 20:01:38][serveritem][give] masaki23 obtained 1 of requisito1 (§b§l§oVaso Gigante)
[26.09.2022 20:04:22][serveritem][take] masaki23 gave 1 of requisito1 (§b§l§oVaso Gigante)
[26.09.2022 20:08:37][serveritem][give] masaki23 obtained 1 of requisito2 (§x§F§F§F§F§0§0§l§oPipeño)
[26.09.2022 20:08:45][serveritem][take] masaki23 gave 1 of requisito2 (§x§F§F§F§F§0§0§l§oPipeño)
[26.09.2022 20:09:29][serveritem][give] masaki23 obtained 1 of costillar_c (§fCostillar Crudo)
[26.09.2022 20:12:56][serveritem][take] masaki23 gave 1 of costillar_a (§fCostillar Asado)
[26.09.2022 20:12:56][serveritem][give] masaki23 obtained 1 of requisito3 (§x§F§F§0§0§0§0§l§oGranadina)
[26.09.2022 20:12:59][serveritem][take] masaki23 gave 1 of requisito3 (§x§F§F§0§0§0§0§l§oGranadina)
[26.09.2022 20:15:12][serveritem][give] masaki23 obtained 1 of hierro+ (§fHierro Plus)
[26.09.2022 20:15:12][serveritem][give] masaki23 obtained 1 of oro+ (§fOro Plus)
[26.09.2022 20:15:12][serveritem][give] masaki23 obtained 1 of esmeralda+ (§fEsmeralda Plus)
[26.09.2022 20:15:12][serveritem][give] masaki23 obtained 1 of diamante+ (§fDiamante Plus)
[26.09.2022 20:15:35][serveritem][take] masaki23 gave 1 of mezcla_mortal (§x§F§F§0§0§F§F§lMezcla §0§l§kmortal)
[26.09.2022 20:15:35][serveritem][give] masaki23 obtained 1 of requisito1 (§b§l§oVaso Gigante)
[26.09.2022 20:15:37][serveritem][take] masaki23 gave 1 of requisito1 (§b§l§oVaso Gigante)
