[23.09.2022 00:00:06][serveritem][give] Storbo obtained 1 of requisito1 (§b§l§oVaso Gigante)
[23.09.2022 00:00:25][serveritem][take] Storbo gave 1 of mezcla_mortal (§x§F§F§0§0§F§F§lMezcla §0§l§kmortal)
[23.09.2022 00:01:19][serveritem][give] Storbo obtained 1 of hierro+ (§fHierro Plus)
[23.09.2022 00:01:19][serveritem][give] Storbo obtained 1 of oro+ (§fOro Plus)
[23.09.2022 00:01:19][serveritem][give] Storbo obtained 1 of esmeralda+ (§fEsmeralda Plus)
[23.09.2022 00:01:19][serveritem][give] Storbo obtained 1 of diamante+ (§fDiamante Plus)
[23.09.2022 00:01:40][serveritem][give] Storbo obtained 1 of requisito1 (§b§l§oVaso Gigante)
[23.09.2022 00:01:52][serveritem][take] Storbo gave 1 of mezcla_mortal (§x§F§F§0§0§F§F§lMezcla §0§l§kmortal)
[23.09.2022 00:02:39][serveritem][give] Richard363 obtained 1 of hierro+ (§fHierro Plus)
[23.09.2022 00:02:39][serveritem][give] Richard363 obtained 1 of oro+ (§fOro Plus)
[23.09.2022 00:02:39][serveritem][give] Richard363 obtained 1 of esmeralda+ (§fEsmeralda Plus)
[23.09.2022 00:02:39][serveritem][give] Richard363 obtained 1 of diamante+ (§fDiamante Plus)
[23.09.2022 00:03:05][serveritem][give] Storbo obtained 1 of hierro+ (§fHierro Plus)
[23.09.2022 00:03:05][serveritem][give] Storbo obtained 1 of oro+ (§fOro Plus)
[23.09.2022 00:03:05][serveritem][give] Storbo obtained 1 of esmeralda+ (§fEsmeralda Plus)
[23.09.2022 00:03:05][serveritem][give] Storbo obtained 1 of diamante+ (§fDiamante Plus)
[23.09.2022 00:03:11][serveritem][give] Richard363 obtained 1 of hierro+ (§fHierro Plus)
[23.09.2022 00:03:11][serveritem][give] Richard363 obtained 1 of oro+ (§fOro Plus)
[23.09.2022 00:03:11][serveritem][give] Richard363 obtained 1 of esmeralda+ (§fEsmeralda Plus)
[23.09.2022 00:03:11][serveritem][give] Richard363 obtained 1 of diamante+ (§fDiamante Plus)
[23.09.2022 00:05:05][serveritem][take] Richard363 gave 1 of mezcla_mortal (§x§F§F§0§0§F§F§lMezcla §0§l§kmortal)
[23.09.2022 00:05:05][serveritem][give] Richard363 obtained 1 of requisito1 (§b§l§oVaso Gigante)
[23.09.2022 00:05:11][serveritem][take] Storbo gave 1 of mezcla_mortal (§x§F§F§0§0§F§F§lMezcla §0§l§kmortal)
[23.09.2022 00:05:11][serveritem][give] Storbo obtained 1 of requisito1 (§b§l§oVaso Gigante)
[23.09.2022 00:15:09][serveritem][take] Storbo gave 1 of requisito1 (§b§l§oVaso Gigante)
[23.09.2022 03:13:03][serveritem][give] Richard363 obtained 1 of hierro+ (§fHierro Plus)
[23.09.2022 03:13:03][serveritem][give] Richard363 obtained 1 of oro+ (§fOro Plus)
[23.09.2022 03:13:03][serveritem][give] Richard363 obtained 1 of esmeralda+ (§fEsmeralda Plus)
[23.09.2022 03:13:03][serveritem][give] Richard363 obtained 1 of diamante+ (§fDiamante Plus)
[23.09.2022 03:13:30][serveritem][take] Richard363 gave 1 of mezcla_mortal (§x§F§F§0§0§F§F§lMezcla §0§l§kmortal)
[23.09.2022 03:13:30][serveritem][give] Richard363 obtained 1 of requisito1 (§b§l§oVaso Gigante)
[23.09.2022 04:52:18][serveritem][give] Efmerxksks obtained 1 of hierro+ (§fHierro Plus)
[23.09.2022 04:52:18][serveritem][give] Efmerxksks obtained 1 of oro+ (§fOro Plus)
[23.09.2022 04:52:18][serveritem][give] Efmerxksks obtained 1 of esmeralda+ (§fEsmeralda Plus)
[23.09.2022 04:52:18][serveritem][give] Efmerxksks obtained 1 of diamante+ (§fDiamante Plus)
[23.09.2022 04:57:12][serveritem][take] Efmerxksks gave 1 of mezcla_mortal (§x§F§F§0§0§F§F§lMezcla §0§l§kmortal)
[23.09.2022 04:57:12][serveritem][give] Efmerxksks obtained 1 of requisito1 (§b§l§oVaso Gigante)
[23.09.2022 04:57:24][serveritem][take] Efmerxksks gave 1 of requisito1 (§b§l§oVaso Gigante)
[23.09.2022 04:58:12][serveritem][give] Efmerxksks obtained 1 of hierro+ (§fHierro Plus)
[23.09.2022 04:58:12][serveritem][give] Efmerxksks obtained 1 of oro+ (§fOro Plus)
[23.09.2022 04:58:12][serveritem][give] Efmerxksks obtained 1 of esmeralda+ (§fEsmeralda Plus)
[23.09.2022 04:58:12][serveritem][give] Efmerxksks obtained 1 of diamante+ (§fDiamante Plus)
[23.09.2022 04:58:39][serveritem][give] Efmerxksks obtained 1 of hierro+ (§fHierro Plus)
[23.09.2022 04:58:39][serveritem][give] Efmerxksks obtained 1 of oro+ (§fOro Plus)
[23.09.2022 04:58:39][serveritem][give] Efmerxksks obtained 1 of esmeralda+ (§fEsmeralda Plus)
[23.09.2022 04:58:39][serveritem][give] Efmerxksks obtained 1 of diamante+ (§fDiamante Plus)
[23.09.2022 05:00:14][serveritem][take] Efmerxksks gave 1 of mezcla_mortal (§x§F§F§0§0§F§F§lMezcla §0§l§kmortal)
[23.09.2022 05:00:14][serveritem][give] Efmerxksks obtained 1 of requisito1 (§b§l§oVaso Gigante)
[23.09.2022 05:00:32][serveritem][take] Efmerxksks gave 1 of requisito1 (§b§l§oVaso Gigante)
[23.09.2022 05:03:00][serveritem][take] Efmerxksks gave 1 of mezcla_mortal (§x§F§F§0§0§F§F§lMezcla §0§l§kmortal)
[23.09.2022 05:03:00][serveritem][give] Efmerxksks obtained 1 of requisito1 (§b§l§oVaso Gigante)
[23.09.2022 05:08:07][serveritem][take] Efmerxksks gave 1 of requisito1 (§b§l§oVaso Gigante)
[23.09.2022 06:32:52][serveritem][give] Storbo obtained 1 of requisito2 (§x§F§F§F§F§0§0§l§oPipeño)
[23.09.2022 06:45:12][serveritem][take] Storbo gave 1 of requisito2 (§x§F§F§F§F§0§0§l§oPipeño)
[23.09.2022 07:00:04][serveritem][give] Storbo obtained 1 of costillar_c (§fCostillar Crudo)
[23.09.2022 07:08:54][serveritem][give] Storbo obtained 1 of requisito3 (§x§F§F§0§0§0§0§l§oGranadina)
[23.09.2022 07:11:22][serveritem][give] Storbo obtained 1 of costillar_c (§fCostillar Crudo)
[23.09.2022 07:12:05][serveritem][take] Storbo gave 1 of costillar_a (§fCostillar Asado)
[23.09.2022 07:12:05][serveritem][give] Storbo obtained 1 of requisito3 (§x§F§F§0§0§0§0§l§oGranadina)
[23.09.2022 07:29:26][serveritem][give] Storbo obtained 1 of costillar_c (§fCostillar Crudo)
[23.09.2022 07:29:52][serveritem][take] Storbo gave 1 of costillar_a (§fCostillar Asado)
[23.09.2022 07:29:52][serveritem][give] Storbo obtained 1 of requisito3 (§x§F§F§0§0§0§0§l§oGranadina)
[23.09.2022 07:30:11][serveritem][take] Storbo gave 1 of requisito3 (§x§F§F§0§0§0§0§l§oGranadina)
[23.09.2022 08:26:15][serveritem][give] Storbo obtained 1 of requisito4 (§x§F§D§F§F§6§1§l§oHelado de Piña)
[23.09.2022 08:28:23][serveritem][take] Storbo gave 1 of requisito4 (§x§F§D§F§F§6§1§l§oHelado de Piña)
[23.09.2022 08:33:39][serveritem][give] Storbo obtained 1 of terremoto_gigante (§x§F§F§0§0§0§0§lTerre§x§F§F§F§F§0§0§lmoto Gi§f§lgante)
[23.09.2022 08:34:34][serveritem][give] Storbo obtained 1 of terremoto_gigante (§x§F§F§0§0§0§0§lTerre§x§F§F§F§F§0§0§lmoto Gi§f§lgante)
[23.09.2022 08:42:52][serveritem][give] Storbo obtained 1 of terremoto_gigante (§x§F§F§0§0§0§0§lTerre§x§F§F§F§F§0§0§lmoto Gi§f§lgante)
[23.09.2022 13:36:18][serveritem][give] lorenzouz obtained 1 of hierro+ (§fHierro Plus)
[23.09.2022 13:36:18][serveritem][give] lorenzouz obtained 1 of oro+ (§fOro Plus)
[23.09.2022 13:36:18][serveritem][give] lorenzouz obtained 1 of esmeralda+ (§fEsmeralda Plus)
[23.09.2022 13:36:18][serveritem][give] lorenzouz obtained 1 of diamante+ (§fDiamante Plus)
[23.09.2022 13:36:58][serveritem][give] lorenzouz obtained 1 of hierro+ (§fHierro Plus)
[23.09.2022 13:36:58][serveritem][give] lorenzouz obtained 1 of oro+ (§fOro Plus)
[23.09.2022 13:36:58][serveritem][give] lorenzouz obtained 1 of esmeralda+ (§fEsmeralda Plus)
[23.09.2022 13:36:58][serveritem][give] lorenzouz obtained 1 of diamante+ (§fDiamante Plus)
[23.09.2022 13:37:56][serveritem][give] lorenzouz obtained 1 of hierro+ (§fHierro Plus)
[23.09.2022 13:37:56][serveritem][give] lorenzouz obtained 1 of oro+ (§fOro Plus)
[23.09.2022 13:37:56][serveritem][give] lorenzouz obtained 1 of esmeralda+ (§fEsmeralda Plus)
[23.09.2022 13:37:56][serveritem][give] lorenzouz obtained 1 of diamante+ (§fDiamante Plus)
[23.09.2022 13:38:07][serveritem][give] lorenzouz obtained 1 of hierro+ (§fHierro Plus)
[23.09.2022 13:38:07][serveritem][give] lorenzouz obtained 1 of oro+ (§fOro Plus)
[23.09.2022 13:38:07][serveritem][give] lorenzouz obtained 1 of esmeralda+ (§fEsmeralda Plus)
[23.09.2022 13:38:07][serveritem][give] lorenzouz obtained 1 of diamante+ (§fDiamante Plus)
[23.09.2022 13:38:18][serveritem][give] lorenzouz obtained 1 of hierro+ (§fHierro Plus)
[23.09.2022 13:38:18][serveritem][give] lorenzouz obtained 1 of oro+ (§fOro Plus)
[23.09.2022 13:38:18][serveritem][give] lorenzouz obtained 1 of esmeralda+ (§fEsmeralda Plus)
[23.09.2022 13:38:18][serveritem][give] lorenzouz obtained 1 of diamante+ (§fDiamante Plus)
[23.09.2022 13:38:32][serveritem][give] lorenzouz obtained 1 of hierro+ (§fHierro Plus)
[23.09.2022 13:38:32][serveritem][give] lorenzouz obtained 1 of oro+ (§fOro Plus)
[23.09.2022 13:38:32][serveritem][give] lorenzouz obtained 1 of esmeralda+ (§fEsmeralda Plus)
[23.09.2022 13:38:32][serveritem][give] lorenzouz obtained 1 of diamante+ (§fDiamante Plus)
[23.09.2022 13:38:44][serveritem][give] lorenzouz obtained 1 of hierro+ (§fHierro Plus)
[23.09.2022 13:38:44][serveritem][give] lorenzouz obtained 1 of oro+ (§fOro Plus)
[23.09.2022 13:38:44][serveritem][give] lorenzouz obtained 1 of esmeralda+ (§fEsmeralda Plus)
[23.09.2022 13:38:44][serveritem][give] lorenzouz obtained 1 of diamante+ (§fDiamante Plus)
[23.09.2022 13:40:12][serveritem][take] lorenzouz gave 1 of mezcla_mortal (§x§F§F§0§0§F§F§lMezcla §0§l§kmortal)
[23.09.2022 13:40:12][serveritem][give] lorenzouz obtained 1 of requisito1 (§b§l§oVaso Gigante)
[23.09.2022 13:40:20][serveritem][take] lorenzouz gave 1 of requisito1 (§b§l§oVaso Gigante)
[23.09.2022 13:41:25][serveritem][give] lorenzouz obtained 1 of hierro+ (§fHierro Plus)
[23.09.2022 13:41:25][serveritem][give] lorenzouz obtained 1 of oro+ (§fOro Plus)
[23.09.2022 13:41:25][serveritem][give] lorenzouz obtained 1 of esmeralda+ (§fEsmeralda Plus)
[23.09.2022 13:41:25][serveritem][give] lorenzouz obtained 1 of diamante+ (§fDiamante Plus)
[23.09.2022 13:42:00][serveritem][take] lorenzouz gave 1 of mezcla_mortal (§x§F§F§0§0§F§F§lMezcla §0§l§kmortal)
[23.09.2022 13:42:00][serveritem][give] lorenzouz obtained 1 of requisito1 (§b§l§oVaso Gigante)
[23.09.2022 13:42:03][serveritem][take] lorenzouz gave 1 of requisito1 (§b§l§oVaso Gigante)
[23.09.2022 14:44:58][serveritem][give] Storbo obtained 1 of guaton_loyola_chestplate* (§x§F§F§7§4§0§0§lGuatón Loyola Chestplate)
[23.09.2022 14:46:37][serveritem][give] Storbo obtained 1 of la_consentida (§x§F§F§0§0§0§0§lLa Co§f§lnsen§1§ltida)
[23.09.2022 14:46:37][serveritem][give] Storbo obtained 1 of guaton_loyola_chestplate* (§x§F§F§7§4§0§0§lGuatón Loyola Chestplate)
[23.09.2022 14:46:37][serveritem][give] Storbo obtained 1 of remolino1 (§fRemolino)
[23.09.2022 14:47:09][serveritem][give] Storbo obtained 1 of la_consentida (§x§F§F§0§0§0§0§lLa Co§f§lnsen§1§ltida)
[23.09.2022 14:47:09][serveritem][give] Storbo obtained 1 of guaton_loyola_chestplate* (§x§F§F§7§4§0§0§lGuatón Loyola Chestplate)
[23.09.2022 14:47:09][serveritem][give] Storbo obtained 1 of remolino1 (§fRemolino)
[23.09.2022 14:49:07][serveritem][give] Storbo obtained 1 of la_consentida (§x§F§F§0§0§0§0§lLa Co§f§lnsen§1§ltida)
[23.09.2022 14:49:07][serveritem][give] Storbo obtained 1 of guaton_loyola_chestplate* (§x§F§F§7§4§0§0§lGuatón Loyola Chestplate)
[23.09.2022 14:49:07][serveritem][give] Storbo obtained 1 of remolino1 (§fRemolino)
[23.09.2022 17:39:26][serveritem][give] Austrel obtained 1 of hierro+ (§fHierro Plus)
[23.09.2022 17:39:26][serveritem][give] Austrel obtained 1 of oro+ (§fOro Plus)
[23.09.2022 17:39:26][serveritem][give] Austrel obtained 1 of esmeralda+ (§fEsmeralda Plus)
[23.09.2022 17:39:26][serveritem][give] Austrel obtained 1 of diamante+ (§fDiamante Plus)
[23.09.2022 17:42:02][serveritem][give] Austrel obtained 1 of hierro+ (§fHierro Plus)
[23.09.2022 17:42:02][serveritem][give] Austrel obtained 1 of oro+ (§fOro Plus)
[23.09.2022 17:42:02][serveritem][give] Austrel obtained 1 of esmeralda+ (§fEsmeralda Plus)
[23.09.2022 17:42:02][serveritem][give] Austrel obtained 1 of diamante+ (§fDiamante Plus)
[23.09.2022 20:01:44][serveritem][give] lorenzouz obtained 1 of requisito2 (§x§F§F§F§F§0§0§l§oPipeño)
[23.09.2022 20:04:19][serveritem][take] lorenzouz gave 1 of requisito2 (§x§F§F§F§F§0§0§l§oPipeño)
[23.09.2022 20:04:51][serveritem][give] lorenzouz obtained 1 of costillar_c (§fCostillar Crudo)
[23.09.2022 20:07:31][serveritem][give] lorenzouz obtained 1 of hierro+ (§fHierro Plus)
[23.09.2022 20:07:31][serveritem][give] lorenzouz obtained 1 of oro+ (§fOro Plus)
[23.09.2022 20:07:31][serveritem][give] lorenzouz obtained 1 of esmeralda+ (§fEsmeralda Plus)
[23.09.2022 20:07:31][serveritem][give] lorenzouz obtained 1 of diamante+ (§fDiamante Plus)
[23.09.2022 20:08:07][serveritem][take] lorenzouz gave 1 of mezcla_mortal (§x§F§F§0§0§F§F§lMezcla §0§l§kmortal)
[23.09.2022 20:08:07][serveritem][give] lorenzouz obtained 1 of requisito1 (§b§l§oVaso Gigante)
[23.09.2022 20:08:10][serveritem][take] lorenzouz gave 1 of requisito1 (§b§l§oVaso Gigante)
[23.09.2022 20:17:33][serveritem][take] lorenzouz gave 0 of requisito2 (§x§F§F§F§F§0§0§l§oPipeño)
[23.09.2022 20:17:35][serveritem][take] lorenzouz gave 0 of requisito2 (§x§F§F§F§F§0§0§l§oPipeño)
[23.09.2022 20:17:35][serveritem][take] lorenzouz gave 0 of requisito2 (§x§F§F§F§F§0§0§l§oPipeño)
[23.09.2022 20:17:36][serveritem][take] lorenzouz gave 0 of requisito2 (§x§F§F§F§F§0§0§l§oPipeño)
[23.09.2022 20:17:36][serveritem][take] lorenzouz gave 0 of requisito2 (§x§F§F§F§F§0§0§l§oPipeño)
[23.09.2022 20:17:36][serveritem][take] lorenzouz gave 0 of requisito2 (§x§F§F§F§F§0§0§l§oPipeño)
[23.09.2022 20:17:38][serveritem][take] Richard363 gave 0 of requisito2 (§x§F§F§F§F§0§0§l§oPipeño)
[23.09.2022 20:18:52][serveritem][take] lorenzouz gave 1 of costillar_a (§fCostillar Asado)
[23.09.2022 20:18:52][serveritem][give] lorenzouz obtained 1 of requisito3 (§x§F§F§0§0§0§0§l§oGranadina)
[23.09.2022 20:18:54][serveritem][give] Efmerxksks obtained 1 of requisito2 (§x§F§F§F§F§0§0§l§oPipeño)
[23.09.2022 20:18:56][serveritem][take] lorenzouz gave 1 of requisito3 (§x§F§F§0§0§0§0§l§oGranadina)
[23.09.2022 20:19:13][serveritem][take] Efmerxksks gave 1 of requisito2 (§x§F§F§F§F§0§0§l§oPipeño)
[23.09.2022 20:20:14][serveritem][give] Efmerxksks obtained 1 of costillar_c (§fCostillar Crudo)
[23.09.2022 20:21:14][serveritem][give] Efmerxksks obtained 1 of costillar_c (§fCostillar Crudo)
[23.09.2022 20:22:49][serveritem][take] Efmerxksks gave 1 of costillar_a (§fCostillar Asado)
[23.09.2022 20:22:49][serveritem][give] Efmerxksks obtained 1 of requisito3 (§x§F§F§0§0§0§0§l§oGranadina)
[23.09.2022 20:22:54][serveritem][take] Efmerxksks gave 1 of requisito3 (§x§F§F§0§0§0§0§l§oGranadina)
