[29.09.2022 13:25:46][serveritem][give] Storbo obtained 1 of arco_practica (§fArco de práctica)
[29.09.2022 13:25:50][serveritem][drop] dropped 1 of moneda (§eMoneda) at world -1763 72 2499
[29.09.2022 13:25:50][serveritem][drop] dropped 1 of moneda (§eMoneda) at world -1763 72 2499
[29.09.2022 13:26:00][serveritem][drop] dropped 1 of moneda (§eMoneda) at world -1763 72 2499
[29.09.2022 13:26:00][serveritem][drop] dropped 1 of moneda (§eMoneda) at world -1763 72 2499
[29.09.2022 13:26:03][serveritem][drop] dropped 1 of moneda (§eMoneda) at world -1763 72 2499
[29.09.2022 13:26:03][serveritem][drop] dropped 1 of moneda (§eMoneda) at world -1763 72 2499
[29.09.2022 13:26:09][serveritem][drop] dropped 1 of moneda (§eMoneda) at world -1763 72 2499
[29.09.2022 13:26:09][serveritem][drop] dropped 1 of moneda (§eMoneda) at world -1763 72 2499
[29.09.2022 13:26:13][serveritem][drop] dropped 1 of moneda (§eMoneda) at world -1763 72 2499
[29.09.2022 13:26:16][serveritem][drop] dropped 1 of moneda (§eMoneda) at world -1763 72 2499
[29.09.2022 13:26:16][serveritem][drop] dropped 1 of moneda (§eMoneda) at world -1763 72 2499
[29.09.2022 13:26:19][serveritem][drop] dropped 1 of moneda (§eMoneda) at world -1763 72 2499
[29.09.2022 13:26:19][serveritem][drop] dropped 1 of moneda (§eMoneda) at world -1763 72 2499
[29.09.2022 13:26:23][serveritem][drop] dropped 1 of moneda (§eMoneda) at world -1763 72 2499
[29.09.2022 13:26:23][serveritem][drop] dropped 1 of moneda (§eMoneda) at world -1763 72 2499
[29.09.2022 13:26:27][serveritem][drop] dropped 1 of moneda (§eMoneda) at world -1763 72 2499
[29.09.2022 13:26:27][serveritem][drop] dropped 1 of moneda (§eMoneda) at world -1763 72 2499
[29.09.2022 13:26:31][serveritem][drop] dropped 1 of moneda (§eMoneda) at world -1763 72 2499
[29.09.2022 13:26:31][serveritem][drop] dropped 1 of moneda (§eMoneda) at world -1763 72 2499
[29.09.2022 13:26:34][serveritem][drop] dropped 1 of moneda (§eMoneda) at world -1763 72 2499
[29.09.2022 13:26:34][serveritem][drop] dropped 1 of moneda (§eMoneda) at world -1763 72 2499
[29.09.2022 13:26:34][serveritem][drop] dropped 5 of moneda (§eMoneda) at world -1763 72 2499
[29.09.2022 13:26:37][serveritem][take] Storbo gave 1 of arco_practica (§fArco de práctica)
[29.09.2022 22:38:34][serveritem][give] lorenzouz obtained 1 of requisito4 (§x§F§D§F§F§6§1§l§oHelado de Piña)
[29.09.2022 22:38:36][serveritem][take] lorenzouz gave 1 of requisito4 (§x§F§D§F§F§6§1§l§oHelado de Piña)
[29.09.2022 22:38:55][serveritem][give] lorenzouz obtained 1 of terremoto_gigante (§x§F§F§0§0§0§0§lTerre§x§F§F§F§F§0§0§lmoto Gi§f§lgante)
[29.09.2022 22:39:36][serveritem][give] lorenzouz obtained 1 of la_consentida (§x§F§F§0§0§0§0§lLa Co§f§lnsen§1§ltida)
[29.09.2022 22:39:36][serveritem][give] lorenzouz obtained 1 of guaton_loyola_chestplate* (§x§F§F§7§4§0§0§lGuatón Loyola Chestplate)
[29.09.2022 22:39:36][serveritem][give] lorenzouz obtained 1 of remolino3 (§fRemolino)
[29.09.2022 22:41:48][serveritem][give] lorenzouz obtained 1 of arco_practica (§fArco de práctica)
[29.09.2022 22:42:13][serveritem][take] lorenzouz gave 1 of arco_practica (§fArco de práctica)
