[22.09.2022 07:48:31][serveritem][give] Storbo obtained 1 of arco_practica (§fArco de práctica)
[22.09.2022 07:48:35][serveritem][give] Storbo obtained 1 of arco_practica (§fArco de práctica)
[22.09.2022 07:49:10][serveritem][take] Storbo gave 1 of arco_practica (§fArco de práctica)
[22.09.2022 07:51:06][serveritem][give] Storbo obtained 1 of arco_practica (§fArco de práctica)
[22.09.2022 07:51:08][serveritem][take] Storbo gave 1 of arco_practica (§fArco de práctica)
[22.09.2022 07:51:09][serveritem][give] Storbo obtained 1 of arco_practica (§fArco de práctica)
[22.09.2022 07:51:10][serveritem][take] Storbo gave 1 of arco_practica (§fArco de práctica)
[22.09.2022 07:51:11][serveritem][give] Storbo obtained 1 of arco_practica (§fArco de práctica)
[22.09.2022 07:51:12][serveritem][take] Storbo gave 1 of arco_practica (§fArco de práctica)
[22.09.2022 07:53:45][serveritem][drop] dropped 1 of moneda (§eMoneda) at world -1765 75 2503
[22.09.2022 07:53:55][serveritem][give] Storbo obtained 1 of arco_practica (§fArco de práctica)
[22.09.2022 07:53:55][serveritem][take] Storbo gave 1 of arco_practica (§fArco de práctica)
[22.09.2022 07:53:59][serveritem][give] Storbo obtained 1 of arco_practica (§fArco de práctica)
[22.09.2022 07:54:00][serveritem][take] Storbo gave 1 of arco_practica (§fArco de práctica)
[22.09.2022 07:54:45][serveritem][give] Storbo obtained 1 of arco_practica (§fArco de práctica)
[22.09.2022 07:54:46][serveritem][take] Storbo gave 1 of arco_practica (§fArco de práctica)
[22.09.2022 07:55:29][serveritem][drop] dropped 1 of moneda (§eMoneda) at world -1763 72 2499
[22.09.2022 07:55:31][serveritem][drop] dropped 1 of moneda (§eMoneda) at world -1763 72 2499
[22.09.2022 07:55:33][serveritem][give] Storbo obtained 1 of arco_practica (§fArco de práctica)
[22.09.2022 07:55:33][serveritem][take] Storbo gave 1 of arco_practica (§fArco de práctica)
[22.09.2022 07:56:10][serveritem][drop] dropped 1 of moneda (§eMoneda) at world -1763 72 2499
[22.09.2022 07:56:12][serveritem][give] Storbo obtained 1 of arco_practica (§fArco de práctica)
[22.09.2022 07:56:13][serveritem][take] Storbo gave 1 of arco_practica (§fArco de práctica)
[22.09.2022 07:56:49][serveritem][give] Storbo obtained 1 of arco_practica (§fArco de práctica)
[22.09.2022 07:56:54][serveritem][drop] dropped 1 of moneda (§eMoneda) at world -1763 72 2499
[22.09.2022 07:56:56][serveritem][take] Storbo gave 1 of arco_practica (§fArco de práctica)
[22.09.2022 07:57:07][serveritem][give] Storbo obtained 1 of arco_practica (§fArco de práctica)
[22.09.2022 07:57:07][serveritem][take] Storbo gave 1 of arco_practica (§fArco de práctica)
[22.09.2022 07:58:42][serveritem][give] Storbo obtained 1 of arco_practica (§fArco de práctica)
[22.09.2022 07:58:50][serveritem][take] Storbo gave 1 of arco_practica (§fArco de práctica)
[22.09.2022 07:58:51][serveritem][give] Storbo obtained 1 of arco_practica (§fArco de práctica)
[22.09.2022 07:58:51][serveritem][take] Storbo gave 1 of arco_practica (§fArco de práctica)
[22.09.2022 08:04:52][serveritem][give] Storbo obtained 1 of arco_practica (§fArco de práctica)
[22.09.2022 08:04:52][serveritem][take] Storbo gave 1 of arco_practica (§fArco de práctica)
[22.09.2022 08:04:56][serveritem][give] Storbo obtained 1 of arco_practica (§fArco de práctica)
[22.09.2022 08:05:02][serveritem][drop] dropped 1 of moneda (§eMoneda) at world -1763 72 2499
[22.09.2022 08:05:02][serveritem][drop] dropped 1 of moneda (§eMoneda) at world -1763 72 2499
[22.09.2022 08:05:02][serveritem][drop] dropped 1 of moneda (§eMoneda) at world -1763 72 2499
[22.09.2022 08:05:02][serveritem][drop] dropped 1 of moneda (§eMoneda) at world -1763 72 2499
[22.09.2022 08:05:02][serveritem][drop] dropped 1 of moneda (§eMoneda) at world -1763 72 2499
[22.09.2022 08:05:02][serveritem][drop] dropped 1 of moneda (§eMoneda) at world -1763 72 2499
[22.09.2022 08:05:02][serveritem][drop] dropped 1 of moneda (§eMoneda) at world -1763 72 2499
[22.09.2022 08:05:02][serveritem][drop] dropped 1 of moneda (§eMoneda) at world -1763 72 2499
[22.09.2022 08:05:02][serveritem][drop] dropped 1 of moneda (§eMoneda) at world -1763 72 2499
[22.09.2022 08:05:02][serveritem][drop] dropped 1 of moneda (§eMoneda) at world -1763 72 2499
[22.09.2022 08:05:02][serveritem][drop] dropped 1 of moneda (§eMoneda) at world -1763 72 2499
[22.09.2022 08:05:02][serveritem][drop] dropped 1 of moneda (§eMoneda) at world -1763 72 2499
[22.09.2022 08:05:05][serveritem][take] Storbo gave 1 of arco_practica (§fArco de práctica)
[22.09.2022 08:05:05][serveritem][give] Storbo obtained 1 of arco_practica (§fArco de práctica)
[22.09.2022 08:05:05][serveritem][take] Storbo gave 1 of arco_practica (§fArco de práctica)
[22.09.2022 08:05:07][serveritem][give] Storbo obtained 1 of arco_practica (§fArco de práctica)
[22.09.2022 08:05:16][serveritem][drop] dropped 1 of moneda (§eMoneda) at world -1763 72 2499
[22.09.2022 08:05:16][serveritem][drop] dropped 1 of moneda (§eMoneda) at world -1763 72 2499
[22.09.2022 08:05:16][serveritem][drop] dropped 1 of moneda (§eMoneda) at world -1763 72 2499
[22.09.2022 08:05:16][serveritem][drop] dropped 1 of moneda (§eMoneda) at world -1763 72 2499
[22.09.2022 08:05:16][serveritem][drop] dropped 1 of moneda (§eMoneda) at world -1763 72 2499
[22.09.2022 08:05:16][serveritem][drop] dropped 1 of moneda (§eMoneda) at world -1763 72 2499
[22.09.2022 08:05:16][serveritem][drop] dropped 1 of moneda (§eMoneda) at world -1763 72 2499
[22.09.2022 08:05:16][serveritem][drop] dropped 1 of moneda (§eMoneda) at world -1763 72 2499
[22.09.2022 08:05:16][serveritem][drop] dropped 1 of moneda (§eMoneda) at world -1763 72 2499
[22.09.2022 08:05:16][serveritem][drop] dropped 1 of moneda (§eMoneda) at world -1763 72 2499
[22.09.2022 08:05:16][serveritem][drop] dropped 1 of moneda (§eMoneda) at world -1763 72 2499
[22.09.2022 08:05:16][serveritem][drop] dropped 1 of moneda (§eMoneda) at world -1763 72 2499
[22.09.2022 08:05:16][serveritem][drop] dropped 1 of moneda (§eMoneda) at world -1763 72 2499
[22.09.2022 08:05:16][serveritem][drop] dropped 1 of moneda (§eMoneda) at world -1763 72 2499
[22.09.2022 08:05:16][serveritem][drop] dropped 1 of moneda (§eMoneda) at world -1763 72 2499
[22.09.2022 08:05:16][serveritem][drop] dropped 15 of moneda (§eMoneda) at world -1763 72 2499
[22.09.2022 08:05:18][serveritem][take] Storbo gave 1 of arco_practica (§fArco de práctica)
[22.09.2022 08:05:26][serveritem][give] Storbo obtained 1 of arco_practica (§fArco de práctica)
[22.09.2022 08:05:43][serveritem][take] Storbo gave 1 of arco_practica (§fArco de práctica)
[22.09.2022 08:06:47][serveritem][give] Storbo obtained 1 of arco_practica (§fArco de práctica)
[22.09.2022 08:06:48][serveritem][take] Storbo gave 1 of arco_practica (§fArco de práctica)
[22.09.2022 08:06:57][serveritem][give] Storbo obtained 1 of arco_practica (§fArco de práctica)
[22.09.2022 08:07:00][serveritem][drop] dropped 1 of moneda (§eMoneda) at world -1763 72 2499
[22.09.2022 08:07:00][serveritem][drop] dropped 1 of moneda (§eMoneda) at world -1763 72 2499
[22.09.2022 08:07:00][serveritem][drop] dropped 1 of moneda (§eMoneda) at world -1763 72 2499
[22.09.2022 08:07:00][serveritem][drop] dropped 1 of moneda (§eMoneda) at world -1763 72 2499
[22.09.2022 08:07:00][serveritem][drop] dropped 1 of moneda (§eMoneda) at world -1763 72 2499
[22.09.2022 08:07:00][serveritem][drop] dropped 1 of moneda (§eMoneda) at world -1763 72 2499
[22.09.2022 08:07:00][serveritem][drop] dropped 1 of moneda (§eMoneda) at world -1763 72 2499
[22.09.2022 08:07:00][serveritem][drop] dropped 1 of moneda (§eMoneda) at world -1763 72 2499
[22.09.2022 08:07:00][serveritem][drop] dropped 1 of moneda (§eMoneda) at world -1763 72 2499
[22.09.2022 08:07:00][serveritem][drop] dropped 1 of moneda (§eMoneda) at world -1763 72 2499
[22.09.2022 08:07:00][serveritem][drop] dropped 1 of moneda (§eMoneda) at world -1763 72 2499
[22.09.2022 08:07:00][serveritem][drop] dropped 1 of moneda (§eMoneda) at world -1763 72 2499
[22.09.2022 08:07:03][serveritem][take] Storbo gave 1 of arco_practica (§fArco de práctica)
[22.09.2022 08:08:11][serveritem][give] Storbo obtained 1 of arco_practica (§fArco de práctica)
[22.09.2022 08:08:12][serveritem][take] Storbo gave 1 of arco_practica (§fArco de práctica)
[22.09.2022 08:08:22][serveritem][give] Storbo obtained 1 of arco_practica (§fArco de práctica)
[22.09.2022 08:08:51][serveritem][take] Storbo gave 1 of arco_practica (§fArco de práctica)
[22.09.2022 08:09:17][serveritem][give] Storbo obtained 1 of arco_practica (§fArco de práctica)
[22.09.2022 08:09:31][serveritem][take] Storbo gave 1 of arco_practica (§fArco de práctica)
[22.09.2022 08:09:44][serveritem][give] Storbo obtained 1 of arco_practica (§fArco de práctica)
[22.09.2022 08:09:47][serveritem][take] Storbo gave 1 of arco_practica (§fArco de práctica)
[22.09.2022 08:09:48][serveritem][give] Storbo obtained 1 of arco_practica (§fArco de práctica)
[22.09.2022 08:09:48][serveritem][take] Storbo gave 1 of arco_practica (§fArco de práctica)
[22.09.2022 08:09:50][serveritem][give] Storbo obtained 1 of arco_practica (§fArco de práctica)
[22.09.2022 08:09:56][serveritem][take] Storbo gave 1 of arco_practica (§fArco de práctica)
[22.09.2022 08:10:02][serveritem][give] Storbo obtained 1 of arco_practica (§fArco de práctica)
[22.09.2022 08:10:05][serveritem][take] Storbo gave 1 of arco_practica (§fArco de práctica)
[22.09.2022 08:10:09][serveritem][give] Storbo obtained 1 of arco_practica (§fArco de práctica)
[22.09.2022 08:10:13][serveritem][take] Storbo gave 1 of arco_practica (§fArco de práctica)
[22.09.2022 08:11:51][serveritem][give] Storbo obtained 1 of arco_practica (§fArco de práctica)
[22.09.2022 08:11:52][serveritem][take] Storbo gave 1 of arco_practica (§fArco de práctica)
[22.09.2022 08:11:57][serveritem][give] Storbo obtained 1 of arco_practica (§fArco de práctica)
[22.09.2022 08:12:01][serveritem][drop] dropped 1 of moneda (§eMoneda) at world -1763 72 2499
[22.09.2022 08:12:01][serveritem][drop] dropped 1 of moneda (§eMoneda) at world -1763 72 2499
[22.09.2022 08:12:01][serveritem][drop] dropped 1 of moneda (§eMoneda) at world -1763 72 2499
[22.09.2022 08:12:01][serveritem][drop] dropped 1 of moneda (§eMoneda) at world -1763 72 2499
[22.09.2022 08:12:01][serveritem][drop] dropped 1 of moneda (§eMoneda) at world -1763 72 2499
[22.09.2022 08:12:01][serveritem][drop] dropped 1 of moneda (§eMoneda) at world -1763 72 2499
[22.09.2022 08:12:01][serveritem][drop] dropped 1 of moneda (§eMoneda) at world -1763 72 2499
[22.09.2022 08:12:01][serveritem][drop] dropped 1 of moneda (§eMoneda) at world -1763 72 2499
[22.09.2022 08:12:01][serveritem][drop] dropped 1 of moneda (§eMoneda) at world -1763 72 2499
[22.09.2022 08:12:07][serveritem][drop] dropped 1 of moneda (§eMoneda) at world -1763 72 2499
[22.09.2022 08:12:07][serveritem][drop] dropped 1 of moneda (§eMoneda) at world -1763 72 2499
[22.09.2022 08:12:07][serveritem][drop] dropped 1 of moneda (§eMoneda) at world -1763 72 2499
[22.09.2022 08:12:07][serveritem][drop] dropped 1 of moneda (§eMoneda) at world -1763 72 2499
[22.09.2022 08:12:07][serveritem][drop] dropped 1 of moneda (§eMoneda) at world -1763 72 2499
[22.09.2022 08:12:07][serveritem][drop] dropped 1 of moneda (§eMoneda) at world -1763 72 2499
[22.09.2022 08:12:07][serveritem][drop] dropped 1 of moneda (§eMoneda) at world -1763 72 2499
[22.09.2022 08:12:19][serveritem][drop] dropped 1 of moneda (§eMoneda) at world -1763 72 2499
[22.09.2022 08:12:19][serveritem][drop] dropped 1 of moneda (§eMoneda) at world -1763 72 2499
[22.09.2022 08:12:19][serveritem][drop] dropped 1 of moneda (§eMoneda) at world -1763 72 2499
[22.09.2022 08:12:31][serveritem][drop] dropped 1 of moneda (§eMoneda) at world -1763 72 2499
[22.09.2022 08:12:31][serveritem][drop] dropped 1 of moneda (§eMoneda) at world -1763 72 2499
[22.09.2022 08:12:31][serveritem][drop] dropped 1 of moneda (§eMoneda) at world -1763 72 2499
[22.09.2022 08:12:31][serveritem][drop] dropped 1 of moneda (§eMoneda) at world -1763 72 2499
[22.09.2022 08:12:31][serveritem][drop] dropped 1 of moneda (§eMoneda) at world -1763 72 2499
[22.09.2022 08:12:31][serveritem][drop] dropped 1 of moneda (§eMoneda) at world -1763 72 2499
[22.09.2022 08:12:31][serveritem][drop] dropped 1 of moneda (§eMoneda) at world -1763 72 2499
[22.09.2022 08:12:31][serveritem][drop] dropped 1 of moneda (§eMoneda) at world -1763 72 2499
[22.09.2022 08:12:31][serveritem][drop] dropped 1 of moneda (§eMoneda) at world -1763 72 2499
[22.09.2022 08:12:31][serveritem][drop] dropped 1 of moneda (§eMoneda) at world -1763 72 2499
[22.09.2022 08:12:31][serveritem][drop] dropped 1 of moneda (§eMoneda) at world -1763 72 2499
[22.09.2022 08:12:31][serveritem][drop] dropped 1 of moneda (§eMoneda) at world -1763 72 2499
[22.09.2022 08:12:31][serveritem][drop] dropped 1 of moneda (§eMoneda) at world -1763 72 2499
[22.09.2022 08:12:31][serveritem][drop] dropped 1 of moneda (§eMoneda) at world -1763 72 2499
[22.09.2022 08:12:35][serveritem][drop] dropped 1 of moneda (§eMoneda) at world -1763 72 2499
[22.09.2022 08:12:35][serveritem][drop] dropped 1 of moneda (§eMoneda) at world -1763 72 2499
[22.09.2022 08:12:35][serveritem][drop] dropped 1 of moneda (§eMoneda) at world -1763 72 2499
[22.09.2022 08:12:35][serveritem][drop] dropped 1 of moneda (§eMoneda) at world -1763 72 2499
[22.09.2022 08:12:35][serveritem][drop] dropped 1 of moneda (§eMoneda) at world -1763 72 2499
[22.09.2022 08:12:35][serveritem][drop] dropped 1 of moneda (§eMoneda) at world -1763 72 2499
[22.09.2022 08:12:35][serveritem][drop] dropped 1 of moneda (§eMoneda) at world -1763 72 2499
[22.09.2022 08:12:35][serveritem][drop] dropped 1 of moneda (§eMoneda) at world -1763 72 2499
[22.09.2022 08:12:35][serveritem][drop] dropped 1 of moneda (§eMoneda) at world -1763 72 2499
[22.09.2022 08:12:35][serveritem][drop] dropped 1 of moneda (§eMoneda) at world -1763 72 2499
[22.09.2022 08:12:35][serveritem][drop] dropped 1 of moneda (§eMoneda) at world -1763 72 2499
[22.09.2022 08:12:42][serveritem][drop] dropped 1 of moneda (§eMoneda) at world -1763 72 2499
[22.09.2022 08:12:42][serveritem][drop] dropped 1 of moneda (§eMoneda) at world -1763 72 2499
[22.09.2022 08:12:42][serveritem][drop] dropped 1 of moneda (§eMoneda) at world -1763 72 2499
[22.09.2022 08:12:42][serveritem][drop] dropped 1 of moneda (§eMoneda) at world -1763 72 2499
[22.09.2022 08:12:42][serveritem][drop] dropped 1 of moneda (§eMoneda) at world -1763 72 2499
[22.09.2022 08:12:42][serveritem][drop] dropped 1 of moneda (§eMoneda) at world -1763 72 2499
[22.09.2022 08:12:42][serveritem][drop] dropped 1 of moneda (§eMoneda) at world -1763 72 2499
[22.09.2022 08:12:42][serveritem][drop] dropped 1 of moneda (§eMoneda) at world -1763 72 2499
[22.09.2022 08:12:42][serveritem][drop] dropped 1 of moneda (§eMoneda) at world -1763 72 2499
[22.09.2022 08:12:49][serveritem][drop] dropped 1 of moneda (§eMoneda) at world -1763 72 2499
[22.09.2022 08:12:49][serveritem][drop] dropped 1 of moneda (§eMoneda) at world -1763 72 2499
[22.09.2022 08:12:49][serveritem][drop] dropped 1 of moneda (§eMoneda) at world -1763 72 2499
[22.09.2022 08:12:49][serveritem][drop] dropped 1 of moneda (§eMoneda) at world -1763 72 2499
[22.09.2022 08:12:49][serveritem][drop] dropped 1 of moneda (§eMoneda) at world -1763 72 2499
[22.09.2022 08:12:49][serveritem][drop] dropped 1 of moneda (§eMoneda) at world -1763 72 2499
[22.09.2022 08:12:49][serveritem][drop] dropped 1 of moneda (§eMoneda) at world -1763 72 2499
[22.09.2022 08:12:49][serveritem][drop] dropped 1 of moneda (§eMoneda) at world -1763 72 2499
[22.09.2022 08:12:49][serveritem][drop] dropped 1 of moneda (§eMoneda) at world -1763 72 2499
[22.09.2022 08:12:49][serveritem][drop] dropped 1 of moneda (§eMoneda) at world -1763 72 2499
[22.09.2022 08:12:49][serveritem][drop] dropped 1 of moneda (§eMoneda) at world -1763 72 2499
[22.09.2022 08:12:49][serveritem][drop] dropped 1 of moneda (§eMoneda) at world -1763 72 2499
[22.09.2022 08:12:55][serveritem][drop] dropped 1 of moneda (§eMoneda) at world -1763 72 2499
[22.09.2022 08:12:55][serveritem][drop] dropped 1 of moneda (§eMoneda) at world -1763 72 2499
[22.09.2022 08:12:55][serveritem][drop] dropped 1 of moneda (§eMoneda) at world -1763 72 2499
[22.09.2022 08:12:55][serveritem][drop] dropped 1 of moneda (§eMoneda) at world -1763 72 2499
[22.09.2022 08:12:55][serveritem][drop] dropped 1 of moneda (§eMoneda) at world -1763 72 2499
[22.09.2022 08:12:55][serveritem][drop] dropped 1 of moneda (§eMoneda) at world -1763 72 2499
[22.09.2022 08:12:55][serveritem][drop] dropped 1 of moneda (§eMoneda) at world -1763 72 2499
[22.09.2022 08:12:59][serveritem][drop] dropped 1 of moneda (§eMoneda) at world -1763 72 2499
[22.09.2022 08:12:59][serveritem][drop] dropped 1 of moneda (§eMoneda) at world -1763 72 2499
[22.09.2022 08:12:59][serveritem][drop] dropped 1 of moneda (§eMoneda) at world -1763 72 2499
[22.09.2022 08:12:59][serveritem][drop] dropped 1 of moneda (§eMoneda) at world -1763 72 2499
[22.09.2022 08:12:59][serveritem][drop] dropped 1 of moneda (§eMoneda) at world -1763 72 2499
[22.09.2022 08:12:59][serveritem][drop] dropped 1 of moneda (§eMoneda) at world -1763 72 2499
[22.09.2022 08:12:59][serveritem][drop] dropped 1 of moneda (§eMoneda) at world -1763 72 2499
[22.09.2022 08:12:59][serveritem][drop] dropped 1 of moneda (§eMoneda) at world -1763 72 2499
[22.09.2022 08:12:59][serveritem][drop] dropped 1 of moneda (§eMoneda) at world -1763 72 2499
[22.09.2022 08:13:02][serveritem][drop] dropped 1 of moneda (§eMoneda) at world -1763 72 2499
[22.09.2022 08:13:02][serveritem][drop] dropped 1 of moneda (§eMoneda) at world -1763 72 2499
[22.09.2022 08:13:02][serveritem][drop] dropped 1 of moneda (§eMoneda) at world -1763 72 2499
[22.09.2022 08:13:02][serveritem][drop] dropped 1 of moneda (§eMoneda) at world -1763 72 2499
[22.09.2022 08:13:02][serveritem][drop] dropped 1 of moneda (§eMoneda) at world -1763 72 2499
[22.09.2022 08:13:02][serveritem][drop] dropped 1 of moneda (§eMoneda) at world -1763 72 2499
[22.09.2022 08:13:02][serveritem][drop] dropped 1 of moneda (§eMoneda) at world -1763 72 2499
[22.09.2022 08:13:02][serveritem][drop] dropped 1 of moneda (§eMoneda) at world -1763 72 2499
[22.09.2022 08:13:02][serveritem][drop] dropped 1 of moneda (§eMoneda) at world -1763 72 2499
[22.09.2022 08:13:02][serveritem][drop] dropped 1 of moneda (§eMoneda) at world -1763 72 2499
[22.09.2022 08:13:02][serveritem][drop] dropped 1 of moneda (§eMoneda) at world -1763 72 2499
[22.09.2022 08:13:02][serveritem][drop] dropped 1 of moneda (§eMoneda) at world -1763 72 2499
[22.09.2022 08:13:02][serveritem][drop] dropped 1 of moneda (§eMoneda) at world -1763 72 2499
[22.09.2022 08:13:06][serveritem][drop] dropped 1 of moneda (§eMoneda) at world -1763 72 2499
[22.09.2022 08:13:06][serveritem][drop] dropped 1 of moneda (§eMoneda) at world -1763 72 2499
[22.09.2022 08:13:06][serveritem][drop] dropped 1 of moneda (§eMoneda) at world -1763 72 2499
[22.09.2022 08:13:06][serveritem][drop] dropped 1 of moneda (§eMoneda) at world -1763 72 2499
[22.09.2022 08:13:11][serveritem][drop] dropped 1 of moneda (§eMoneda) at world -1763 72 2499
[22.09.2022 08:13:11][serveritem][drop] dropped 1 of moneda (§eMoneda) at world -1763 72 2499
[22.09.2022 08:13:11][serveritem][drop] dropped 1 of moneda (§eMoneda) at world -1763 72 2499
[22.09.2022 08:13:11][serveritem][drop] dropped 1 of moneda (§eMoneda) at world -1763 72 2499
[22.09.2022 08:13:11][serveritem][drop] dropped 1 of moneda (§eMoneda) at world -1763 72 2499
[22.09.2022 08:13:11][serveritem][drop] dropped 1 of moneda (§eMoneda) at world -1763 72 2499
[22.09.2022 08:13:11][serveritem][drop] dropped 1 of moneda (§eMoneda) at world -1763 72 2499
[22.09.2022 08:13:11][serveritem][drop] dropped 1 of moneda (§eMoneda) at world -1763 72 2499
[22.09.2022 08:13:11][serveritem][drop] dropped 1 of moneda (§eMoneda) at world -1763 72 2499
[22.09.2022 08:13:11][serveritem][drop] dropped 1 of moneda (§eMoneda) at world -1763 72 2499
[22.09.2022 08:13:11][serveritem][drop] dropped 1 of moneda (§eMoneda) at world -1763 72 2499
[22.09.2022 08:13:11][serveritem][drop] dropped 1 of moneda (§eMoneda) at world -1763 72 2499
[22.09.2022 08:13:11][serveritem][drop] dropped 1 of moneda (§eMoneda) at world -1763 72 2499
[22.09.2022 08:13:15][serveritem][drop] dropped 1 of moneda (§eMoneda) at world -1763 72 2499
[22.09.2022 08:13:15][serveritem][drop] dropped 1 of moneda (§eMoneda) at world -1763 72 2499
[22.09.2022 08:13:15][serveritem][drop] dropped 1 of moneda (§eMoneda) at world -1763 72 2499
[22.09.2022 08:13:15][serveritem][drop] dropped 1 of moneda (§eMoneda) at world -1763 72 2499
[22.09.2022 08:13:15][serveritem][drop] dropped 1 of moneda (§eMoneda) at world -1763 72 2499
[22.09.2022 08:13:15][serveritem][drop] dropped 1 of moneda (§eMoneda) at world -1763 72 2499
[22.09.2022 08:13:15][serveritem][drop] dropped 1 of moneda (§eMoneda) at world -1763 72 2499
[22.09.2022 08:13:15][serveritem][drop] dropped 1 of moneda (§eMoneda) at world -1763 72 2499
[22.09.2022 08:13:15][serveritem][drop] dropped 1 of moneda (§eMoneda) at world -1763 72 2499
[22.09.2022 08:13:15][serveritem][drop] dropped 1 of moneda (§eMoneda) at world -1763 72 2499
[22.09.2022 08:13:15][serveritem][drop] dropped 1 of moneda (§eMoneda) at world -1763 72 2499
[22.09.2022 08:13:15][serveritem][drop] dropped 1 of moneda (§eMoneda) at world -1763 72 2499
[22.09.2022 08:13:15][serveritem][drop] dropped 1 of moneda (§eMoneda) at world -1763 72 2499
[22.09.2022 08:13:15][serveritem][drop] dropped 1 of moneda (§eMoneda) at world -1763 72 2499
[22.09.2022 08:13:20][serveritem][drop] dropped 1 of moneda (§eMoneda) at world -1763 72 2499
[22.09.2022 08:13:20][serveritem][drop] dropped 1 of moneda (§eMoneda) at world -1763 72 2499
[22.09.2022 08:13:20][serveritem][drop] dropped 1 of moneda (§eMoneda) at world -1763 72 2499
[22.09.2022 08:13:20][serveritem][drop] dropped 1 of moneda (§eMoneda) at world -1763 72 2499
[22.09.2022 08:13:20][serveritem][drop] dropped 1 of moneda (§eMoneda) at world -1763 72 2499
[22.09.2022 08:13:20][serveritem][drop] dropped 1 of moneda (§eMoneda) at world -1763 72 2499
[22.09.2022 08:13:20][serveritem][drop] dropped 1 of moneda (§eMoneda) at world -1763 72 2499
[22.09.2022 08:13:20][serveritem][drop] dropped 1 of moneda (§eMoneda) at world -1763 72 2499
[22.09.2022 08:13:20][serveritem][drop] dropped 1 of moneda (§eMoneda) at world -1763 72 2499
[22.09.2022 08:13:20][serveritem][drop] dropped 1 of moneda (§eMoneda) at world -1763 72 2499
[22.09.2022 08:13:20][serveritem][drop] dropped 1 of moneda (§eMoneda) at world -1763 72 2499
[22.09.2022 08:13:20][serveritem][drop] dropped 1 of moneda (§eMoneda) at world -1763 72 2499
[22.09.2022 08:13:20][serveritem][drop] dropped 1 of moneda (§eMoneda) at world -1763 72 2499
[22.09.2022 08:13:20][serveritem][drop] dropped 1 of moneda (§eMoneda) at world -1763 72 2499
[22.09.2022 08:13:20][serveritem][drop] dropped 1 of moneda (§eMoneda) at world -1763 72 2499
[22.09.2022 08:13:20][serveritem][drop] dropped 15 of moneda (§eMoneda) at world -1763 72 2499
[22.09.2022 08:13:24][serveritem][take] Storbo gave 1 of arco_practica (§fArco de práctica)
[22.09.2022 08:17:05][serveritem][give] Storbo obtained 1 of arco_practica (§fArco de práctica)
[22.09.2022 08:17:05][serveritem][take] Storbo gave 1 of arco_practica (§fArco de práctica)
[22.09.2022 08:17:20][serveritem][give] Storbo obtained 1 of arco_practica (§fArco de práctica)
[22.09.2022 08:17:22][serveritem][take] Storbo gave 1 of arco_practica (§fArco de práctica)
[22.09.2022 08:17:25][serveritem][give] Storbo obtained 1 of arco_practica (§fArco de práctica)
[22.09.2022 08:17:26][serveritem][take] Storbo gave 1 of arco_practica (§fArco de práctica)
[22.09.2022 08:18:07][serveritem][give] Storbo obtained 1 of arco_practica (§fArco de práctica)
[22.09.2022 08:18:12][serveritem][take] Storbo gave 1 of arco_practica (§fArco de práctica)
[22.09.2022 08:18:17][serveritem][give] Storbo obtained 1 of arco_practica (§fArco de práctica)
[22.09.2022 08:18:43][serveritem][take] Storbo gave 1 of arco_practica (§fArco de práctica)
[22.09.2022 08:19:43][serveritem][give] Storbo obtained 1 of arco_practica (§fArco de práctica)
[22.09.2022 08:19:45][serveritem][take] Storbo gave 1 of arco_practica (§fArco de práctica)
[22.09.2022 08:20:09][serveritem][give] Storbo obtained 1 of arco_practica (§fArco de práctica)
[22.09.2022 08:20:10][serveritem][take] Storbo gave 1 of arco_practica (§fArco de práctica)
[22.09.2022 08:35:19][serveritem][give] Storbo obtained 1 of arco_practica (§fArco de práctica)
[22.09.2022 08:35:22][serveritem][take] Storbo gave 1 of arco_practica (§fArco de práctica)
[22.09.2022 08:35:27][serveritem][give] Storbo obtained 1 of arco_practica (§fArco de práctica)
[22.09.2022 08:35:31][serveritem][drop] dropped 1 of moneda (§eMoneda) at world -1763 72 2499
[22.09.2022 08:35:31][serveritem][drop] dropped 1 of moneda (§eMoneda) at world -1763 72 2499
[22.09.2022 08:35:31][serveritem][drop] dropped 1 of moneda (§eMoneda) at world -1763 72 2499
[22.09.2022 08:35:31][serveritem][drop] dropped 1 of moneda (§eMoneda) at world -1763 72 2499
[22.09.2022 08:35:31][serveritem][drop] dropped 1 of moneda (§eMoneda) at world -1763 72 2499
[22.09.2022 08:35:31][serveritem][drop] dropped 1 of moneda (§eMoneda) at world -1763 72 2499
[22.09.2022 08:35:31][serveritem][drop] dropped 1 of moneda (§eMoneda) at world -1763 72 2499
[22.09.2022 08:35:31][serveritem][drop] dropped 1 of moneda (§eMoneda) at world -1763 72 2499
[22.09.2022 08:35:31][serveritem][drop] dropped 1 of moneda (§eMoneda) at world -1763 72 2499
[22.09.2022 08:35:31][serveritem][drop] dropped 1 of moneda (§eMoneda) at world -1763 72 2499
[22.09.2022 08:35:31][serveritem][drop] dropped 1 of moneda (§eMoneda) at world -1763 72 2499
[22.09.2022 08:35:31][serveritem][drop] dropped 1 of moneda (§eMoneda) at world -1763 72 2499
[22.09.2022 08:35:31][serveritem][drop] dropped 1 of moneda (§eMoneda) at world -1763 72 2499
[22.09.2022 08:35:33][serveritem][take] Storbo gave 1 of arco_practica (§fArco de práctica)
[22.09.2022 08:35:35][serveritem][give] Storbo obtained 1 of arco_practica (§fArco de práctica)
[22.09.2022 08:35:39][serveritem][drop] dropped 1 of moneda (§eMoneda) at world -1763 72 2499
[22.09.2022 08:35:39][serveritem][drop] dropped 1 of moneda (§eMoneda) at world -1763 72 2499
[22.09.2022 08:35:39][serveritem][drop] dropped 1 of moneda (§eMoneda) at world -1763 72 2499
[22.09.2022 08:35:39][serveritem][drop] dropped 1 of moneda (§eMoneda) at world -1763 72 2499
[22.09.2022 08:35:39][serveritem][drop] dropped 1 of moneda (§eMoneda) at world -1763 72 2499
[22.09.2022 08:35:39][serveritem][drop] dropped 1 of moneda (§eMoneda) at world -1763 72 2499
[22.09.2022 08:35:45][serveritem][take] Storbo gave 0 of arco_practica (§fArco de práctica)
[22.09.2022 08:37:57][serveritem][give] Storbo obtained 1 of arco_practica (§fArco de práctica)
[22.09.2022 08:38:06][serveritem][take] Storbo gave 1 of arco_practica (§fArco de práctica)
[22.09.2022 08:38:08][serveritem][give] Storbo obtained 1 of arco_practica (§fArco de práctica)
[22.09.2022 08:38:17][serveritem][take] Storbo gave 1 of arco_practica (§fArco de práctica)
[22.09.2022 08:38:20][serveritem][give] Storbo obtained 1 of arco_practica (§fArco de práctica)
[22.09.2022 08:38:21][serveritem][take] Storbo gave 1 of arco_practica (§fArco de práctica)
[22.09.2022 08:38:23][serveritem][give] Storbo obtained 1 of arco_practica (§fArco de práctica)
[22.09.2022 08:38:27][serveritem][take] Storbo gave 1 of arco_practica (§fArco de práctica)
[22.09.2022 18:51:00][serveritem][give] Storbo obtained 1 of arco_practica (§fArco de práctica)
[22.09.2022 18:51:08][serveritem][drop] dropped 1 of moneda (§eMoneda) at world -1763 72 2499
[22.09.2022 18:51:08][serveritem][drop] dropped 1 of moneda (§eMoneda) at world -1763 72 2499
[22.09.2022 18:51:08][serveritem][drop] dropped 1 of moneda (§eMoneda) at world -1763 72 2499
[22.09.2022 18:51:08][serveritem][drop] dropped 1 of moneda (§eMoneda) at world -1763 72 2499
[22.09.2022 18:51:08][serveritem][drop] dropped 1 of moneda (§eMoneda) at world -1763 72 2499
[22.09.2022 18:51:08][serveritem][drop] dropped 1 of moneda (§eMoneda) at world -1763 72 2499
[22.09.2022 18:51:08][serveritem][drop] dropped 1 of moneda (§eMoneda) at world -1763 72 2499
[22.09.2022 18:51:08][serveritem][drop] dropped 1 of moneda (§eMoneda) at world -1763 72 2499
[22.09.2022 18:51:08][serveritem][drop] dropped 1 of moneda (§eMoneda) at world -1763 72 2499
[22.09.2022 18:51:08][serveritem][drop] dropped 1 of moneda (§eMoneda) at world -1763 72 2499
[22.09.2022 18:51:08][serveritem][drop] dropped 1 of moneda (§eMoneda) at world -1763 72 2499
[22.09.2022 18:51:11][serveritem][take] Storbo gave 1 of arco_practica (§fArco de práctica)
[22.09.2022 18:55:54][serveritem][give] Storbo obtained 1 of arco_practica (§fArco de práctica)
[22.09.2022 18:55:55][serveritem][give] Richard363 obtained 1 of arco_practica (§fArco de práctica)
[22.09.2022 18:55:59][serveritem][take] Richard363 gave 1 of arco_practica (§fArco de práctica)
[22.09.2022 18:56:00][serveritem][take] Storbo gave 1 of arco_practica (§fArco de práctica)
[22.09.2022 18:56:00][serveritem][give] Richard363 obtained 1 of arco_practica (§fArco de práctica)
[22.09.2022 18:56:01][serveritem][give] Storbo obtained 1 of arco_practica (§fArco de práctica)
[22.09.2022 18:56:12][serveritem][drop] dropped 1 of moneda (§eMoneda) at world -1763 72 2499
[22.09.2022 18:56:12][serveritem][drop] dropped 1 of moneda (§eMoneda) at world -1763 72 2499
[22.09.2022 18:56:12][serveritem][drop] dropped 1 of moneda (§eMoneda) at world -1763 72 2499
[22.09.2022 18:56:12][serveritem][drop] dropped 1 of moneda (§eMoneda) at world -1763 72 2499
[22.09.2022 18:56:12][serveritem][drop] dropped 1 of moneda (§eMoneda) at world -1763 72 2499
[22.09.2022 18:56:12][serveritem][drop] dropped 1 of moneda (§eMoneda) at world -1763 72 2499
[22.09.2022 18:56:12][serveritem][drop] dropped 1 of moneda (§eMoneda) at world -1763 72 2499
[22.09.2022 18:56:12][serveritem][drop] dropped 1 of moneda (§eMoneda) at world -1763 72 2499
[22.09.2022 18:56:12][serveritem][drop] dropped 1 of moneda (§eMoneda) at world -1763 72 2499
[22.09.2022 18:56:12][serveritem][drop] dropped 1 of moneda (§eMoneda) at world -1763 72 2499
[22.09.2022 18:56:12][serveritem][drop] dropped 1 of moneda (§eMoneda) at world -1763 72 2499
[22.09.2022 18:56:12][serveritem][drop] dropped 1 of moneda (§eMoneda) at world -1763 72 2499
[22.09.2022 18:56:16][serveritem][take] Storbo gave 1 of arco_practica (§fArco de práctica)
[22.09.2022 18:56:33][serveritem][drop] dropped 1 of moneda (§eMoneda) at world -1763 72 2499
[22.09.2022 18:56:33][serveritem][drop] dropped 1 of moneda (§eMoneda) at world -1763 72 2499
[22.09.2022 18:56:33][serveritem][drop] dropped 1 of moneda (§eMoneda) at world -1763 72 2499
[22.09.2022 18:56:33][serveritem][drop] dropped 1 of moneda (§eMoneda) at world -1763 72 2499
[22.09.2022 18:56:33][serveritem][drop] dropped 1 of moneda (§eMoneda) at world -1763 72 2499
[22.09.2022 18:56:33][serveritem][drop] dropped 1 of moneda (§eMoneda) at world -1763 72 2499
[22.09.2022 18:56:33][serveritem][drop] dropped 1 of moneda (§eMoneda) at world -1763 72 2499
[22.09.2022 18:56:33][serveritem][drop] dropped 1 of moneda (§eMoneda) at world -1763 72 2499
[22.09.2022 18:56:33][serveritem][drop] dropped 1 of moneda (§eMoneda) at world -1763 72 2499
[22.09.2022 18:56:33][serveritem][drop] dropped 1 of moneda (§eMoneda) at world -1763 72 2499
[22.09.2022 18:56:33][serveritem][drop] dropped 1 of moneda (§eMoneda) at world -1763 72 2499
[22.09.2022 18:56:33][serveritem][drop] dropped 1 of moneda (§eMoneda) at world -1763 72 2499
[22.09.2022 18:56:40][serveritem][give] Storbo obtained 1 of arco_practica (§fArco de práctica)
[22.09.2022 18:56:45][serveritem][drop] dropped 1 of moneda (§eMoneda) at world -1763 72 2499
[22.09.2022 18:56:45][serveritem][drop] dropped 1 of moneda (§eMoneda) at world -1763 72 2499
[22.09.2022 18:56:45][serveritem][drop] dropped 1 of moneda (§eMoneda) at world -1763 72 2499
[22.09.2022 18:56:45][serveritem][drop] dropped 1 of moneda (§eMoneda) at world -1763 72 2499
[22.09.2022 18:56:45][serveritem][drop] dropped 1 of moneda (§eMoneda) at world -1763 72 2499
[22.09.2022 18:56:45][serveritem][drop] dropped 1 of moneda (§eMoneda) at world -1763 72 2499
[22.09.2022 18:56:45][serveritem][drop] dropped 1 of moneda (§eMoneda) at world -1763 72 2499
[22.09.2022 18:56:45][serveritem][drop] dropped 1 of moneda (§eMoneda) at world -1763 72 2499
[22.09.2022 18:56:55][serveritem][drop] dropped 1 of moneda (§eMoneda) at world -1763 72 2499
[22.09.2022 18:56:55][serveritem][drop] dropped 1 of moneda (§eMoneda) at world -1763 72 2499
[22.09.2022 18:56:55][serveritem][drop] dropped 1 of moneda (§eMoneda) at world -1763 72 2499
[22.09.2022 18:56:55][serveritem][drop] dropped 1 of moneda (§eMoneda) at world -1763 72 2499
[22.09.2022 18:56:55][serveritem][drop] dropped 1 of moneda (§eMoneda) at world -1763 72 2499
[22.09.2022 18:56:55][serveritem][drop] dropped 1 of moneda (§eMoneda) at world -1763 72 2499
[22.09.2022 18:56:55][serveritem][drop] dropped 1 of moneda (§eMoneda) at world -1763 72 2499
[22.09.2022 18:56:55][serveritem][drop] dropped 1 of moneda (§eMoneda) at world -1763 72 2499
[22.09.2022 18:56:55][serveritem][drop] dropped 1 of moneda (§eMoneda) at world -1763 72 2499
[22.09.2022 18:56:55][serveritem][drop] dropped 1 of moneda (§eMoneda) at world -1763 72 2499
[22.09.2022 18:56:55][serveritem][drop] dropped 1 of moneda (§eMoneda) at world -1763 72 2499
[22.09.2022 18:56:55][serveritem][drop] dropped 1 of moneda (§eMoneda) at world -1763 72 2499
[22.09.2022 18:56:55][serveritem][drop] dropped 1 of moneda (§eMoneda) at world -1763 72 2499
[22.09.2022 18:57:05][serveritem][drop] dropped 1 of moneda (§eMoneda) at world -1763 72 2499
[22.09.2022 18:57:05][serveritem][drop] dropped 1 of moneda (§eMoneda) at world -1763 72 2499
[22.09.2022 18:57:05][serveritem][drop] dropped 1 of moneda (§eMoneda) at world -1763 72 2499
[22.09.2022 18:57:05][serveritem][drop] dropped 1 of moneda (§eMoneda) at world -1763 72 2499
[22.09.2022 18:57:05][serveritem][drop] dropped 1 of moneda (§eMoneda) at world -1763 72 2499
[22.09.2022 18:57:05][serveritem][drop] dropped 1 of moneda (§eMoneda) at world -1763 72 2499
[22.09.2022 18:57:05][serveritem][drop] dropped 1 of moneda (§eMoneda) at world -1763 72 2499
[22.09.2022 18:57:05][serveritem][drop] dropped 1 of moneda (§eMoneda) at world -1763 72 2499
[22.09.2022 18:57:05][serveritem][drop] dropped 1 of moneda (§eMoneda) at world -1763 72 2499
[22.09.2022 18:57:05][serveritem][drop] dropped 1 of moneda (§eMoneda) at world -1763 72 2499
[22.09.2022 18:57:05][serveritem][drop] dropped 1 of moneda (§eMoneda) at world -1763 72 2499
[22.09.2022 18:57:05][serveritem][drop] dropped 1 of moneda (§eMoneda) at world -1763 72 2499
[22.09.2022 18:57:05][serveritem][drop] dropped 1 of moneda (§eMoneda) at world -1763 72 2499
[22.09.2022 18:57:08][serveritem][drop] dropped 1 of moneda (§eMoneda) at world -1763 72 2499
[22.09.2022 18:57:08][serveritem][drop] dropped 1 of moneda (§eMoneda) at world -1763 72 2499
[22.09.2022 18:57:08][serveritem][drop] dropped 1 of moneda (§eMoneda) at world -1763 72 2499
[22.09.2022 18:57:08][serveritem][drop] dropped 1 of moneda (§eMoneda) at world -1763 72 2499
[22.09.2022 18:57:08][serveritem][drop] dropped 1 of moneda (§eMoneda) at world -1763 72 2499
[22.09.2022 18:57:08][serveritem][drop] dropped 1 of moneda (§eMoneda) at world -1763 72 2499
[22.09.2022 18:57:08][serveritem][drop] dropped 1 of moneda (§eMoneda) at world -1763 72 2499
[22.09.2022 18:57:08][serveritem][drop] dropped 1 of moneda (§eMoneda) at world -1763 72 2499
[22.09.2022 18:57:08][serveritem][drop] dropped 1 of moneda (§eMoneda) at world -1763 72 2499
[22.09.2022 18:57:08][serveritem][drop] dropped 1 of moneda (§eMoneda) at world -1763 72 2499
[22.09.2022 18:57:08][serveritem][drop] dropped 1 of moneda (§eMoneda) at world -1763 72 2499
[22.09.2022 18:57:08][serveritem][drop] dropped 1 of moneda (§eMoneda) at world -1763 72 2499
[22.09.2022 18:57:12][serveritem][drop] dropped 1 of moneda (§eMoneda) at world -1763 72 2499
[22.09.2022 18:57:12][serveritem][drop] dropped 1 of moneda (§eMoneda) at world -1763 72 2499
[22.09.2022 18:57:12][serveritem][drop] dropped 1 of moneda (§eMoneda) at world -1763 72 2499
[22.09.2022 18:57:12][serveritem][drop] dropped 1 of moneda (§eMoneda) at world -1763 72 2499
[22.09.2022 18:57:12][serveritem][drop] dropped 1 of moneda (§eMoneda) at world -1763 72 2499
[22.09.2022 18:57:12][serveritem][drop] dropped 1 of moneda (§eMoneda) at world -1763 72 2499
[22.09.2022 18:57:12][serveritem][drop] dropped 1 of moneda (§eMoneda) at world -1763 72 2499
[22.09.2022 18:57:12][serveritem][drop] dropped 1 of moneda (§eMoneda) at world -1763 72 2499
[22.09.2022 18:57:12][serveritem][drop] dropped 1 of moneda (§eMoneda) at world -1763 72 2499
[22.09.2022 18:57:12][serveritem][drop] dropped 1 of moneda (§eMoneda) at world -1763 72 2499
[22.09.2022 18:57:12][serveritem][drop] dropped 1 of moneda (§eMoneda) at world -1763 72 2499
[22.09.2022 18:57:12][serveritem][drop] dropped 1 of moneda (§eMoneda) at world -1763 72 2499
[22.09.2022 18:57:12][serveritem][drop] dropped 1 of moneda (§eMoneda) at world -1763 72 2499
[22.09.2022 18:57:15][serveritem][drop] dropped 1 of moneda (§eMoneda) at world -1763 72 2499
[22.09.2022 18:57:15][serveritem][drop] dropped 1 of moneda (§eMoneda) at world -1763 72 2499
[22.09.2022 18:57:15][serveritem][drop] dropped 1 of moneda (§eMoneda) at world -1763 72 2499
[22.09.2022 18:57:15][serveritem][drop] dropped 1 of moneda (§eMoneda) at world -1763 72 2499
[22.09.2022 18:57:15][serveritem][drop] dropped 1 of moneda (§eMoneda) at world -1763 72 2499
[22.09.2022 18:57:15][serveritem][drop] dropped 1 of moneda (§eMoneda) at world -1763 72 2499
[22.09.2022 18:57:15][serveritem][drop] dropped 1 of moneda (§eMoneda) at world -1763 72 2499
[22.09.2022 18:57:15][serveritem][drop] dropped 1 of moneda (§eMoneda) at world -1763 72 2499
[22.09.2022 18:57:15][serveritem][drop] dropped 1 of moneda (§eMoneda) at world -1763 72 2499
[22.09.2022 18:57:15][serveritem][drop] dropped 1 of moneda (§eMoneda) at world -1763 72 2499
[22.09.2022 18:57:15][serveritem][drop] dropped 1 of moneda (§eMoneda) at world -1763 72 2499
[22.09.2022 18:57:15][serveritem][drop] dropped 1 of moneda (§eMoneda) at world -1763 72 2499
[22.09.2022 18:57:15][serveritem][drop] dropped 1 of moneda (§eMoneda) at world -1763 72 2499
[22.09.2022 18:57:18][serveritem][drop] dropped 1 of moneda (§eMoneda) at world -1763 72 2499
[22.09.2022 18:57:18][serveritem][drop] dropped 1 of moneda (§eMoneda) at world -1763 72 2499
[22.09.2022 18:57:18][serveritem][drop] dropped 1 of moneda (§eMoneda) at world -1763 72 2499
[22.09.2022 18:57:18][serveritem][drop] dropped 1 of moneda (§eMoneda) at world -1763 72 2499
[22.09.2022 18:57:18][serveritem][drop] dropped 1 of moneda (§eMoneda) at world -1763 72 2499
[22.09.2022 18:57:18][serveritem][drop] dropped 1 of moneda (§eMoneda) at world -1763 72 2499
[22.09.2022 18:57:18][serveritem][drop] dropped 1 of moneda (§eMoneda) at world -1763 72 2499
[22.09.2022 18:57:18][serveritem][drop] dropped 1 of moneda (§eMoneda) at world -1763 72 2499
[22.09.2022 18:57:18][serveritem][drop] dropped 1 of moneda (§eMoneda) at world -1763 72 2499
[22.09.2022 18:57:18][serveritem][drop] dropped 1 of moneda (§eMoneda) at world -1763 72 2499
[22.09.2022 18:57:18][serveritem][drop] dropped 1 of moneda (§eMoneda) at world -1763 72 2499
[22.09.2022 18:57:18][serveritem][drop] dropped 1 of moneda (§eMoneda) at world -1763 72 2499
[22.09.2022 18:57:18][serveritem][drop] dropped 1 of moneda (§eMoneda) at world -1763 72 2499
[22.09.2022 18:57:18][serveritem][drop] dropped 1 of moneda (§eMoneda) at world -1763 72 2499
[22.09.2022 18:57:25][serveritem][drop] dropped 1 of moneda (§eMoneda) at world -1763 72 2499
[22.09.2022 18:57:25][serveritem][drop] dropped 1 of moneda (§eMoneda) at world -1763 72 2499
[22.09.2022 18:57:25][serveritem][drop] dropped 1 of moneda (§eMoneda) at world -1763 72 2499
[22.09.2022 18:57:25][serveritem][drop] dropped 1 of moneda (§eMoneda) at world -1763 72 2499
[22.09.2022 18:57:25][serveritem][drop] dropped 1 of moneda (§eMoneda) at world -1763 72 2499
[22.09.2022 18:57:25][serveritem][drop] dropped 1 of moneda (§eMoneda) at world -1763 72 2499
[22.09.2022 18:57:25][serveritem][drop] dropped 1 of moneda (§eMoneda) at world -1763 72 2499
[22.09.2022 18:57:25][serveritem][drop] dropped 1 of moneda (§eMoneda) at world -1763 72 2499
[22.09.2022 18:57:25][serveritem][drop] dropped 1 of moneda (§eMoneda) at world -1763 72 2499
[22.09.2022 18:57:25][serveritem][drop] dropped 1 of moneda (§eMoneda) at world -1763 72 2499
[22.09.2022 18:57:25][serveritem][drop] dropped 1 of moneda (§eMoneda) at world -1763 72 2499
[22.09.2022 18:57:28][serveritem][drop] dropped 1 of moneda (§eMoneda) at world -1763 72 2499
[22.09.2022 18:57:28][serveritem][drop] dropped 1 of moneda (§eMoneda) at world -1763 72 2499
[22.09.2022 18:57:28][serveritem][drop] dropped 1 of moneda (§eMoneda) at world -1763 72 2499
[22.09.2022 18:57:28][serveritem][drop] dropped 1 of moneda (§eMoneda) at world -1763 72 2499
[22.09.2022 18:57:28][serveritem][drop] dropped 1 of moneda (§eMoneda) at world -1763 72 2499
[22.09.2022 18:57:28][serveritem][drop] dropped 1 of moneda (§eMoneda) at world -1763 72 2499
[22.09.2022 18:57:28][serveritem][drop] dropped 1 of moneda (§eMoneda) at world -1763 72 2499
[22.09.2022 18:57:28][serveritem][drop] dropped 1 of moneda (§eMoneda) at world -1763 72 2499
[22.09.2022 18:57:28][serveritem][drop] dropped 1 of moneda (§eMoneda) at world -1763 72 2499
[22.09.2022 18:57:28][serveritem][drop] dropped 1 of moneda (§eMoneda) at world -1763 72 2499
[22.09.2022 18:57:30][serveritem][drop] dropped 1 of moneda (§eMoneda) at world -1763 72 2499
[22.09.2022 18:57:30][serveritem][drop] dropped 1 of moneda (§eMoneda) at world -1763 72 2499
[22.09.2022 18:57:30][serveritem][drop] dropped 1 of moneda (§eMoneda) at world -1763 72 2499
[22.09.2022 18:57:30][serveritem][drop] dropped 1 of moneda (§eMoneda) at world -1763 72 2499
[22.09.2022 18:57:30][serveritem][drop] dropped 1 of moneda (§eMoneda) at world -1763 72 2499
[22.09.2022 18:57:30][serveritem][drop] dropped 1 of moneda (§eMoneda) at world -1763 72 2499
[22.09.2022 18:57:30][serveritem][drop] dropped 1 of moneda (§eMoneda) at world -1763 72 2499
[22.09.2022 18:57:30][serveritem][drop] dropped 1 of moneda (§eMoneda) at world -1763 72 2499
[22.09.2022 18:57:30][serveritem][drop] dropped 1 of moneda (§eMoneda) at world -1763 72 2499
[22.09.2022 18:57:30][serveritem][drop] dropped 1 of moneda (§eMoneda) at world -1763 72 2499
[22.09.2022 18:57:30][serveritem][drop] dropped 1 of moneda (§eMoneda) at world -1763 72 2499
[22.09.2022 18:57:30][serveritem][drop] dropped 1 of moneda (§eMoneda) at world -1763 72 2499
[22.09.2022 18:57:30][serveritem][drop] dropped 1 of moneda (§eMoneda) at world -1763 72 2499
[22.09.2022 18:57:30][serveritem][drop] dropped 1 of moneda (§eMoneda) at world -1763 72 2499
[22.09.2022 18:57:30][serveritem][drop] dropped 1 of moneda (§eMoneda) at world -1763 72 2499
[22.09.2022 18:57:31][serveritem][drop] dropped 15 of moneda (§eMoneda) at world -1763 72 2499
[22.09.2022 18:57:34][serveritem][take] Storbo gave 1 of arco_practica (§fArco de práctica)
[22.09.2022 18:57:38][serveritem][take] Richard363 gave 1 of arco_practica (§fArco de práctica)
[22.09.2022 18:57:39][serveritem][give] Richard363 obtained 1 of arco_practica (§fArco de práctica)
[22.09.2022 18:57:46][serveritem][take] Richard363 gave 1 of arco_practica (§fArco de práctica)
[22.09.2022 18:57:58][serveritem][give] Storbo obtained 1 of arco_practica (§fArco de práctica)
[22.09.2022 18:58:05][serveritem][drop] dropped 1 of moneda (§eMoneda) at world -1763 72 2499
[22.09.2022 18:58:05][serveritem][drop] dropped 1 of moneda (§eMoneda) at world -1763 72 2499
[22.09.2022 18:58:05][serveritem][drop] dropped 1 of moneda (§eMoneda) at world -1763 72 2499
[22.09.2022 18:58:05][serveritem][drop] dropped 1 of moneda (§eMoneda) at world -1763 72 2499
[22.09.2022 18:58:05][serveritem][drop] dropped 1 of moneda (§eMoneda) at world -1763 72 2499
[22.09.2022 18:58:08][serveritem][take] Storbo gave 1 of arco_practica (§fArco de práctica)
[22.09.2022 18:58:11][serveritem][give] Richard363 obtained 1 of arco_practica (§fArco de práctica)
[22.09.2022 18:58:11][serveritem][give] Storbo obtained 1 of arco_practica (§fArco de práctica)
[22.09.2022 18:58:11][serveritem][take] Richard363 gave 1 of arco_practica (§fArco de práctica)
[22.09.2022 18:58:12][serveritem][take] Storbo gave 1 of arco_practica (§fArco de práctica)
[22.09.2022 18:58:14][serveritem][give] Storbo obtained 1 of arco_practica (§fArco de práctica)
[22.09.2022 18:58:15][serveritem][take] Storbo gave 1 of arco_practica (§fArco de práctica)
[22.09.2022 18:58:15][serveritem][give] Storbo obtained 1 of arco_practica (§fArco de práctica)
[22.09.2022 18:58:16][serveritem][take] Storbo gave 1 of arco_practica (§fArco de práctica)
[22.09.2022 19:00:43][serveritem][give] Storbo obtained 1 of arco_practica (§fArco de práctica)
[22.09.2022 19:00:47][serveritem][drop] dropped 1 of moneda (§eMoneda) at world -1763 72 2499
[22.09.2022 19:00:47][serveritem][drop] dropped 1 of moneda (§eMoneda) at world -1763 72 2499
[22.09.2022 19:00:48][serveritem][give] Richard363 obtained 1 of arco_practica (§fArco de práctica)
[22.09.2022 19:00:59][serveritem][drop] dropped 1 of moneda (§eMoneda) at world -1763 72 2499
[22.09.2022 19:00:59][serveritem][drop] dropped 1 of moneda (§eMoneda) at world -1763 72 2499
[22.09.2022 19:00:59][serveritem][drop] dropped 10 of moneda (§eMoneda) at world -1763 72 2499
[22.09.2022 19:01:02][serveritem][take] Storbo gave 1 of arco_practica (§fArco de práctica)
[22.09.2022 19:01:32][serveritem][take] Richard363 gave 1 of arco_practica (§fArco de práctica)
[22.09.2022 23:20:15][serveritem][give] Storbo obtained 1 of hierro+ (§fHierro Plus)
[22.09.2022 23:23:06][serveritem][give] Richard363 obtained 1 of arco_practica (§fArco de práctica)
[22.09.2022 23:23:11][serveritem][drop] dropped 1 of moneda (§eMoneda) at world -1763 72 2499
[22.09.2022 23:23:11][serveritem][drop] dropped 1 of moneda (§eMoneda) at world -1763 72 2499
[22.09.2022 23:23:11][serveritem][drop] dropped 5 of moneda (§eMoneda) at world -1763 72 2499
[22.09.2022 23:23:18][serveritem][drop] dropped 1 of moneda (§eMoneda) at world -1763 72 2499
[22.09.2022 23:23:18][serveritem][drop] dropped 1 of moneda (§eMoneda) at world -1763 72 2499
[22.09.2022 23:23:22][serveritem][drop] dropped 1 of moneda (§eMoneda) at world -1763 72 2499
[22.09.2022 23:23:22][serveritem][drop] dropped 1 of moneda (§eMoneda) at world -1763 72 2499
[22.09.2022 23:23:22][serveritem][drop] dropped 5 of moneda (§eMoneda) at world -1763 72 2499
[22.09.2022 23:23:28][serveritem][take] Richard363 gave 1 of arco_practica (§fArco de práctica)
[22.09.2022 23:23:34][serveritem][give] Richard363 obtained 1 of arco_practica (§fArco de práctica)
[22.09.2022 23:23:36][serveritem][take] Richard363 gave 1 of arco_practica (§fArco de práctica)
[22.09.2022 23:23:37][serveritem][drop] dropped 1 of moneda (§eMoneda) at world -1763 72 2499
[22.09.2022 23:23:37][serveritem][drop] dropped 1 of moneda (§eMoneda) at world -1763 72 2499
[22.09.2022 23:44:41][serveritem][give] Storbo obtained 1 of requisito1 (§b§l§oVaso Gigante)
[22.09.2022 23:48:57][serveritem][give] Storbo obtained 1 of requisito1 (§b§l§oVaso Gigante)
[22.09.2022 23:51:01][serveritem][give] Storbo obtained 1 of requisito1 (§b§l§oVaso Gigante)
[22.09.2022 23:52:02][serveritem][give] Storbo obtained 1 of requisito1 (§b§l§oVaso Gigante)
[22.09.2022 23:52:17][serveritem][give] Storbo obtained 1 of requisito1 (§b§l§oVaso Gigante)
[22.09.2022 23:52:28][serveritem][give] Storbo obtained 1 of requisito1 (§b§l§oVaso Gigante)
[22.09.2022 23:52:57][serveritem][give] Storbo obtained 1 of requisito1 (§b§l§oVaso Gigante)
[22.09.2022 23:53:08][serveritem][give] Storbo obtained 1 of requisito1 (§b§l§oVaso Gigante)
[22.09.2022 23:54:03][serveritem][give] Storbo obtained 1 of hierro+ (§fHierro Plus)
[22.09.2022 23:54:03][serveritem][give] Storbo obtained 1 of oro+ (§fOro Plus)
[22.09.2022 23:54:03][serveritem][give] Storbo obtained 1 of esmeralda+ (§fEsmeralda Plus)
[22.09.2022 23:54:03][serveritem][give] Storbo obtained 1 of diamante+ (§fDiamante Plus)
[22.09.2022 23:58:00][serveritem][give] Storbo obtained 1 of hierro+ (§fHierro Plus)
[22.09.2022 23:58:00][serveritem][give] Storbo obtained 1 of oro+ (§fOro Plus)
[22.09.2022 23:58:00][serveritem][give] Storbo obtained 1 of esmeralda+ (§fEsmeralda Plus)
[22.09.2022 23:58:00][serveritem][give] Storbo obtained 1 of diamante+ (§fDiamante Plus)
[22.09.2022 23:58:13][serveritem][give] Storbo obtained 1 of requisito1 (§b§l§oVaso Gigante)
[22.09.2022 23:58:22][serveritem][give] Storbo obtained 1 of requisito1 (§b§l§oVaso Gigante)
