[24.09.2022 01:31:12][serveritem][give] orozc048 obtained 1 of hierro+ (§fHierro Plus)
[24.09.2022 01:31:12][serveritem][give] orozc048 obtained 1 of oro+ (§fOro Plus)
[24.09.2022 01:31:12][serveritem][give] orozc048 obtained 1 of esmeralda+ (§fEsmeralda Plus)
[24.09.2022 01:31:12][serveritem][give] orozc048 obtained 1 of diamante+ (§fDiamante Plus)
[24.09.2022 01:31:32][serveritem][give] orozc048 obtained 1 of hierro+ (§fHierro Plus)
[24.09.2022 01:31:32][serveritem][give] orozc048 obtained 1 of oro+ (§fOro Plus)
[24.09.2022 01:31:32][serveritem][give] orozc048 obtained 1 of esmeralda+ (§fEsmeralda Plus)
[24.09.2022 01:31:32][serveritem][give] orozc048 obtained 1 of diamante+ (§fDiamante Plus)
[24.09.2022 01:32:22][serveritem][give] orozc048 obtained 1 of hierro+ (§fHierro Plus)
[24.09.2022 01:32:22][serveritem][give] orozc048 obtained 1 of oro+ (§fOro Plus)
[24.09.2022 01:32:22][serveritem][give] orozc048 obtained 1 of esmeralda+ (§fEsmeralda Plus)
[24.09.2022 01:32:22][serveritem][give] orozc048 obtained 1 of diamante+ (§fDiamante Plus)
[24.09.2022 01:42:21][serveritem][take] orozc048 gave 2 of mezcla_mortal (§x§F§F§0§0§F§F§lMezcla §0§l§kmortal)
[24.09.2022 01:42:21][serveritem][give] orozc048 obtained 1 of requisito1 (§b§l§oVaso Gigante)
[24.09.2022 01:43:06][serveritem][take] orozc048 gave 1 of requisito1 (§b§l§oVaso Gigante)
[24.09.2022 01:50:40][serveritem][give] orozc048 obtained 1 of requisito2 (§x§F§F§F§F§0§0§l§oPipeño)
[24.09.2022 01:50:47][serveritem][take] orozc048 gave 1 of requisito2 (§x§F§F§F§F§0§0§l§oPipeño)
[24.09.2022 01:51:27][serveritem][give] orozc048 obtained 1 of costillar_c (§fCostillar Crudo)
[24.09.2022 01:53:00][serveritem][take] orozc048 gave 1 of costillar_a (§fCostillar Asado)
[24.09.2022 01:53:00][serveritem][give] orozc048 obtained 1 of requisito3 (§x§F§F§0§0§0§0§l§oGranadina)
[24.09.2022 01:53:03][serveritem][take] orozc048 gave 1 of requisito3 (§x§F§F§0§0§0§0§l§oGranadina)
[24.09.2022 02:03:05][serveritem][take] Richard363 gave 2 of requisito1 (§b§l§oVaso Gigante)
[24.09.2022 02:07:15][serveritem][give] Richard363 obtained 1 of requisito2 (§x§F§F§F§F§0§0§l§oPipeño)
[24.09.2022 02:07:39][serveritem][take] Richard363 gave 1 of requisito2 (§x§F§F§F§F§0§0§l§oPipeño)
[24.09.2022 02:08:19][serveritem][take] Richard363 gave 0 of requisito3 (§x§F§F§0§0§0§0§l§oGranadina)
[24.09.2022 02:08:52][serveritem][take] Richard363 gave 0 of requisito3 (§x§F§F§0§0§0§0§l§oGranadina)
[24.09.2022 02:10:46][serveritem][give] orozc048 obtained 1 of hierro+ (§fHierro Plus)
[24.09.2022 02:10:46][serveritem][give] orozc048 obtained 1 of oro+ (§fOro Plus)
[24.09.2022 02:10:46][serveritem][give] orozc048 obtained 1 of esmeralda+ (§fEsmeralda Plus)
[24.09.2022 02:10:46][serveritem][give] orozc048 obtained 1 of diamante+ (§fDiamante Plus)
[24.09.2022 02:11:39][serveritem][take] orozc048 gave 1 of mezcla_mortal (§x§F§F§0§0§F§F§lMezcla §0§l§kmortal)
[24.09.2022 02:11:39][serveritem][give] orozc048 obtained 1 of requisito1 (§b§l§oVaso Gigante)
[24.09.2022 02:11:46][serveritem][take] orozc048 gave 1 of requisito1 (§b§l§oVaso Gigante)
[24.09.2022 02:13:04][serveritem][take] orozc048 gave 0 of requisito2 (§x§F§F§F§F§0§0§l§oPipeño)
[24.09.2022 02:13:35][serveritem][give] orozc048 obtained 1 of costillar_c (§fCostillar Crudo)
[24.09.2022 02:14:04][serveritem][take] orozc048 gave 1 of costillar_a (§fCostillar Asado)
[24.09.2022 02:14:04][serveritem][give] orozc048 obtained 1 of requisito3 (§x§F§F§0§0§0§0§l§oGranadina)
[24.09.2022 02:14:08][serveritem][take] orozc048 gave 1 of requisito3 (§x§F§F§0§0§0§0§l§oGranadina)
[24.09.2022 02:18:28][serveritem][give] orozc048 obtained 1 of arco_practica (§fArco de práctica)
[24.09.2022 02:18:36][serveritem][drop] dropped 1 of moneda (§eMoneda) at world -1763 72 2499
[24.09.2022 02:18:36][serveritem][drop] dropped 1 of moneda (§eMoneda) at world -1763 72 2499
[24.09.2022 02:18:52][serveritem][drop] dropped 1 of moneda (§eMoneda) at world -1763 72 2499
[24.09.2022 02:18:52][serveritem][drop] dropped 1 of moneda (§eMoneda) at world -1763 72 2499
[24.09.2022 02:18:59][serveritem][drop] dropped 1 of moneda (§eMoneda) at world -1763 72 2499
[24.09.2022 02:18:59][serveritem][drop] dropped 1 of moneda (§eMoneda) at world -1763 72 2499
[24.09.2022 02:18:59][serveritem][take] orozc048 gave 1 of arco_practica (§fArco de práctica)
[24.09.2022 02:19:00][serveritem][give] orozc048 obtained 1 of arco_practica (§fArco de práctica)
[24.09.2022 02:19:05][serveritem][drop] dropped 1 of moneda (§eMoneda) at world -1763 72 2499
[24.09.2022 02:19:08][serveritem][drop] dropped 1 of moneda (§eMoneda) at world -1763 72 2499
[24.09.2022 02:19:08][serveritem][drop] dropped 1 of moneda (§eMoneda) at world -1763 72 2499
[24.09.2022 02:19:10][serveritem][take] orozc048 gave 1 of arco_practica (§fArco de práctica)
[24.09.2022 02:19:13][serveritem][give] orozc048 obtained 1 of arco_practica (§fArco de práctica)
[24.09.2022 02:19:18][serveritem][drop] dropped 1 of moneda (§eMoneda) at world -1763 72 2499
[24.09.2022 02:19:18][serveritem][drop] dropped 1 of moneda (§eMoneda) at world -1763 72 2499
[24.09.2022 02:19:20][serveritem][take] orozc048 gave 1 of arco_practica (§fArco de práctica)
[24.09.2022 02:19:21][serveritem][give] orozc048 obtained 1 of arco_practica (§fArco de práctica)
[24.09.2022 02:19:26][serveritem][drop] dropped 1 of moneda (§eMoneda) at world -1763 72 2499
[24.09.2022 02:19:26][serveritem][drop] dropped 1 of moneda (§eMoneda) at world -1763 72 2499
[24.09.2022 02:19:31][serveritem][drop] dropped 1 of moneda (§eMoneda) at world -1763 72 2499
[24.09.2022 02:19:31][serveritem][drop] dropped 1 of moneda (§eMoneda) at world -1763 72 2499
[24.09.2022 02:19:39][serveritem][drop] dropped 1 of moneda (§eMoneda) at world -1763 72 2499
[24.09.2022 02:19:39][serveritem][drop] dropped 1 of moneda (§eMoneda) at world -1763 72 2499
[24.09.2022 02:19:49][serveritem][drop] dropped 1 of moneda (§eMoneda) at world -1763 72 2499
[24.09.2022 02:19:52][serveritem][drop] dropped 1 of moneda (§eMoneda) at world -1763 72 2499
[24.09.2022 02:19:59][serveritem][drop] dropped 1 of moneda (§eMoneda) at world -1763 72 2499
[24.09.2022 02:19:59][serveritem][drop] dropped 1 of moneda (§eMoneda) at world -1763 72 2499
[24.09.2022 02:20:11][serveritem][drop] dropped 1 of moneda (§eMoneda) at world -1763 72 2499
[24.09.2022 02:20:26][serveritem][drop] dropped 1 of moneda (§eMoneda) at world -1763 72 2499
[24.09.2022 02:20:33][serveritem][drop] dropped 1 of moneda (§eMoneda) at world -1763 72 2499
[24.09.2022 02:20:39][serveritem][drop] dropped 1 of moneda (§eMoneda) at world -1763 72 2499
[24.09.2022 02:20:44][serveritem][drop] dropped 1 of moneda (§eMoneda) at world -1763 72 2499
[24.09.2022 02:20:47][serveritem][drop] dropped 1 of moneda (§eMoneda) at world -1763 72 2499
[24.09.2022 02:20:56][serveritem][drop] dropped 1 of moneda (§eMoneda) at world -1763 72 2499
[24.09.2022 02:20:56][serveritem][drop] dropped 1 of moneda (§eMoneda) at world -1763 72 2499
[24.09.2022 02:21:01][serveritem][drop] dropped 1 of moneda (§eMoneda) at world -1763 72 2499
[24.09.2022 02:21:01][serveritem][drop] dropped 1 of moneda (§eMoneda) at world -1763 72 2499
[24.09.2022 02:21:01][serveritem][drop] dropped 5 of moneda (§eMoneda) at world -1763 72 2499
[24.09.2022 02:21:13][serveritem][drop] dropped 1 of moneda (§eMoneda) at world -1763 72 2499
[24.09.2022 02:21:13][serveritem][drop] dropped 1 of moneda (§eMoneda) at world -1763 72 2499
[24.09.2022 02:21:13][serveritem][drop] dropped 5 of moneda (§eMoneda) at world -1763 72 2499
[24.09.2022 02:21:23][serveritem][drop] dropped 1 of moneda (§eMoneda) at world -1763 72 2499
[24.09.2022 02:21:23][serveritem][drop] dropped 1 of moneda (§eMoneda) at world -1763 72 2499
[24.09.2022 02:21:23][serveritem][drop] dropped 5 of moneda (§eMoneda) at world -1763 72 2499
[24.09.2022 02:21:28][serveritem][drop] dropped 1 of moneda (§eMoneda) at world -1763 72 2499
[24.09.2022 02:21:28][serveritem][drop] dropped 1 of moneda (§eMoneda) at world -1763 72 2499
[24.09.2022 02:21:32][serveritem][drop] dropped 1 of moneda (§eMoneda) at world -1763 72 2499
[24.09.2022 02:21:32][serveritem][drop] dropped 1 of moneda (§eMoneda) at world -1763 72 2499
[24.09.2022 02:21:36][serveritem][drop] dropped 1 of moneda (§eMoneda) at world -1763 72 2499
[24.09.2022 02:21:36][serveritem][drop] dropped 1 of moneda (§eMoneda) at world -1763 72 2499
[24.09.2022 02:21:40][serveritem][drop] dropped 1 of moneda (§eMoneda) at world -1763 72 2499
[24.09.2022 02:21:40][serveritem][drop] dropped 1 of moneda (§eMoneda) at world -1763 72 2499
[24.09.2022 02:21:43][serveritem][drop] dropped 1 of moneda (§eMoneda) at world -1763 72 2499
[24.09.2022 02:21:43][serveritem][drop] dropped 1 of moneda (§eMoneda) at world -1763 72 2499
[24.09.2022 02:21:46][serveritem][drop] dropped 1 of moneda (§eMoneda) at world -1763 72 2499
[24.09.2022 02:21:46][serveritem][drop] dropped 1 of moneda (§eMoneda) at world -1763 72 2499
[24.09.2022 02:21:55][serveritem][drop] dropped 1 of moneda (§eMoneda) at world -1763 72 2499
[24.09.2022 02:21:55][serveritem][drop] dropped 1 of moneda (§eMoneda) at world -1763 72 2499
[24.09.2022 02:21:59][serveritem][drop] dropped 1 of moneda (§eMoneda) at world -1763 72 2499
[24.09.2022 02:21:59][serveritem][drop] dropped 1 of moneda (§eMoneda) at world -1763 72 2499
[24.09.2022 02:22:04][serveritem][drop] dropped 1 of moneda (§eMoneda) at world -1763 72 2499
[24.09.2022 02:22:04][serveritem][drop] dropped 1 of moneda (§eMoneda) at world -1763 72 2499
[24.09.2022 02:22:07][serveritem][drop] dropped 1 of moneda (§eMoneda) at world -1763 72 2499
[24.09.2022 02:22:07][serveritem][drop] dropped 1 of moneda (§eMoneda) at world -1763 72 2499
[24.09.2022 02:22:10][serveritem][drop] dropped 1 of moneda (§eMoneda) at world -1763 72 2499
[24.09.2022 02:22:10][serveritem][drop] dropped 1 of moneda (§eMoneda) at world -1763 72 2499
[24.09.2022 02:22:16][serveritem][drop] dropped 1 of moneda (§eMoneda) at world -1763 72 2499
[24.09.2022 02:22:16][serveritem][drop] dropped 1 of moneda (§eMoneda) at world -1763 72 2499
[24.09.2022 02:22:19][serveritem][drop] dropped 1 of moneda (§eMoneda) at world -1763 72 2499
[24.09.2022 02:22:19][serveritem][drop] dropped 1 of moneda (§eMoneda) at world -1763 72 2499
[24.09.2022 02:22:19][serveritem][drop] dropped 5 of moneda (§eMoneda) at world -1763 72 2499
[24.09.2022 02:22:22][serveritem][drop] dropped 1 of moneda (§eMoneda) at world -1763 72 2499
[24.09.2022 02:22:22][serveritem][drop] dropped 1 of moneda (§eMoneda) at world -1763 72 2499
[24.09.2022 02:22:25][serveritem][drop] dropped 1 of moneda (§eMoneda) at world -1763 72 2499
[24.09.2022 02:22:28][serveritem][drop] dropped 1 of moneda (§eMoneda) at world -1763 72 2499
[24.09.2022 02:22:28][serveritem][drop] dropped 1 of moneda (§eMoneda) at world -1763 72 2499
[24.09.2022 02:22:28][serveritem][drop] dropped 5 of moneda (§eMoneda) at world -1763 72 2499
[24.09.2022 02:22:35][serveritem][drop] dropped 1 of moneda (§eMoneda) at world -1763 72 2499
[24.09.2022 02:22:35][serveritem][drop] dropped 1 of moneda (§eMoneda) at world -1763 72 2499
[24.09.2022 02:22:35][serveritem][drop] dropped 5 of moneda (§eMoneda) at world -1763 72 2499
[24.09.2022 02:22:40][serveritem][drop] dropped 1 of moneda (§eMoneda) at world -1763 72 2499
[24.09.2022 02:22:40][serveritem][drop] dropped 1 of moneda (§eMoneda) at world -1763 72 2499
[24.09.2022 02:22:43][serveritem][drop] dropped 1 of moneda (§eMoneda) at world -1763 72 2499
[24.09.2022 02:22:43][serveritem][drop] dropped 1 of moneda (§eMoneda) at world -1763 72 2499
[24.09.2022 02:22:43][serveritem][drop] dropped 5 of moneda (§eMoneda) at world -1763 72 2499
[24.09.2022 02:22:51][serveritem][drop] dropped 1 of moneda (§eMoneda) at world -1763 72 2499
[24.09.2022 02:22:53][serveritem][drop] dropped 1 of moneda (§eMoneda) at world -1763 72 2499
[24.09.2022 02:22:53][serveritem][drop] dropped 1 of moneda (§eMoneda) at world -1763 72 2499
[24.09.2022 02:22:56][serveritem][drop] dropped 1 of moneda (§eMoneda) at world -1763 72 2499
[24.09.2022 02:22:56][serveritem][drop] dropped 1 of moneda (§eMoneda) at world -1763 72 2499
[24.09.2022 02:22:58][serveritem][drop] dropped 1 of moneda (§eMoneda) at world -1763 72 2499
[24.09.2022 02:22:58][serveritem][drop] dropped 1 of moneda (§eMoneda) at world -1763 72 2499
[24.09.2022 02:23:01][serveritem][drop] dropped 1 of moneda (§eMoneda) at world -1763 72 2499
[24.09.2022 02:23:01][serveritem][drop] dropped 1 of moneda (§eMoneda) at world -1763 72 2499
[24.09.2022 02:23:04][serveritem][drop] dropped 1 of moneda (§eMoneda) at world -1763 72 2499
[24.09.2022 02:23:04][serveritem][drop] dropped 1 of moneda (§eMoneda) at world -1763 72 2499
[24.09.2022 02:23:06][serveritem][drop] dropped 1 of moneda (§eMoneda) at world -1763 72 2499
[24.09.2022 02:23:06][serveritem][drop] dropped 1 of moneda (§eMoneda) at world -1763 72 2499
[24.09.2022 02:23:08][serveritem][drop] dropped 1 of moneda (§eMoneda) at world -1763 72 2499
[24.09.2022 02:23:08][serveritem][drop] dropped 1 of moneda (§eMoneda) at world -1763 72 2499
[24.09.2022 02:23:11][serveritem][drop] dropped 1 of moneda (§eMoneda) at world -1763 72 2499
[24.09.2022 02:23:11][serveritem][drop] dropped 1 of moneda (§eMoneda) at world -1763 72 2499
[24.09.2022 02:23:13][serveritem][drop] dropped 1 of moneda (§eMoneda) at world -1763 72 2499
[24.09.2022 02:23:13][serveritem][drop] dropped 1 of moneda (§eMoneda) at world -1763 72 2499
[24.09.2022 02:23:20][serveritem][drop] dropped 1 of moneda (§eMoneda) at world -1763 72 2499
[24.09.2022 02:23:20][serveritem][drop] dropped 1 of moneda (§eMoneda) at world -1763 72 2499
[24.09.2022 02:23:22][serveritem][drop] dropped 1 of moneda (§eMoneda) at world -1763 72 2499
[24.09.2022 02:23:22][serveritem][drop] dropped 1 of moneda (§eMoneda) at world -1763 72 2499
[24.09.2022 02:23:24][serveritem][take] orozc048 gave 1 of arco_practica (§fArco de práctica)
[24.09.2022 02:25:25][serveritem][give] orozc048 obtained 1 of arco_practica (§fArco de práctica)
[24.09.2022 02:25:35][serveritem][take] orozc048 gave 1 of arco_practica (§fArco de práctica)
[24.09.2022 02:25:38][serveritem][give] orozc048 obtained 1 of arco_practica (§fArco de práctica)
[24.09.2022 02:25:39][serveritem][take] orozc048 gave 1 of arco_practica (§fArco de práctica)
[24.09.2022 02:25:43][serveritem][give] orozc048 obtained 1 of arco_practica (§fArco de práctica)
[24.09.2022 02:25:48][serveritem][drop] dropped 1 of moneda (§eMoneda) at world -1763 72 2499
[24.09.2022 02:25:48][serveritem][drop] dropped 1 of moneda (§eMoneda) at world -1763 72 2499
[24.09.2022 02:25:50][serveritem][drop] dropped 1 of moneda (§eMoneda) at world -1763 72 2499
[24.09.2022 02:25:50][serveritem][drop] dropped 1 of moneda (§eMoneda) at world -1763 72 2499
[24.09.2022 02:25:50][serveritem][drop] dropped 5 of moneda (§eMoneda) at world -1763 72 2499
[24.09.2022 02:25:53][serveritem][drop] dropped 1 of moneda (§eMoneda) at world -1763 72 2499
[24.09.2022 02:25:53][serveritem][drop] dropped 1 of moneda (§eMoneda) at world -1763 72 2499
[24.09.2022 02:25:55][serveritem][drop] dropped 1 of moneda (§eMoneda) at world -1763 72 2499
[24.09.2022 02:25:55][serveritem][drop] dropped 1 of moneda (§eMoneda) at world -1763 72 2499
[24.09.2022 02:25:58][serveritem][drop] dropped 1 of moneda (§eMoneda) at world -1763 72 2499
[24.09.2022 02:25:58][serveritem][drop] dropped 1 of moneda (§eMoneda) at world -1763 72 2499
[24.09.2022 02:26:00][serveritem][drop] dropped 1 of moneda (§eMoneda) at world -1763 72 2499
[24.09.2022 02:26:00][serveritem][drop] dropped 1 of moneda (§eMoneda) at world -1763 72 2499
[24.09.2022 02:26:02][serveritem][drop] dropped 1 of moneda (§eMoneda) at world -1763 72 2499
[24.09.2022 02:26:02][serveritem][drop] dropped 1 of moneda (§eMoneda) at world -1763 72 2499
[24.09.2022 02:26:04][serveritem][drop] dropped 1 of moneda (§eMoneda) at world -1763 72 2499
[24.09.2022 02:26:04][serveritem][drop] dropped 1 of moneda (§eMoneda) at world -1763 72 2499
[24.09.2022 02:26:06][serveritem][drop] dropped 1 of moneda (§eMoneda) at world -1763 72 2499
[24.09.2022 02:26:06][serveritem][drop] dropped 1 of moneda (§eMoneda) at world -1763 72 2499
[24.09.2022 02:26:08][serveritem][drop] dropped 1 of moneda (§eMoneda) at world -1763 72 2499
[24.09.2022 02:26:08][serveritem][drop] dropped 1 of moneda (§eMoneda) at world -1763 72 2499
[24.09.2022 02:26:10][serveritem][drop] dropped 1 of moneda (§eMoneda) at world -1763 72 2499
[24.09.2022 02:26:10][serveritem][drop] dropped 1 of moneda (§eMoneda) at world -1763 72 2499
[24.09.2022 02:26:13][serveritem][drop] dropped 1 of moneda (§eMoneda) at world -1763 72 2499
[24.09.2022 02:26:13][serveritem][drop] dropped 1 of moneda (§eMoneda) at world -1763 72 2499
[24.09.2022 02:26:13][serveritem][drop] dropped 5 of moneda (§eMoneda) at world -1763 72 2499
[24.09.2022 02:26:16][serveritem][drop] dropped 1 of moneda (§eMoneda) at world -1763 72 2499
[24.09.2022 02:26:16][serveritem][drop] dropped 1 of moneda (§eMoneda) at world -1763 72 2499
[24.09.2022 02:26:19][serveritem][drop] dropped 1 of moneda (§eMoneda) at world -1763 72 2499
[24.09.2022 02:26:19][serveritem][drop] dropped 1 of moneda (§eMoneda) at world -1763 72 2499
[24.09.2022 02:26:21][serveritem][drop] dropped 1 of moneda (§eMoneda) at world -1763 72 2499
[24.09.2022 02:26:21][serveritem][drop] dropped 1 of moneda (§eMoneda) at world -1763 72 2499
[24.09.2022 02:26:23][serveritem][drop] dropped 1 of moneda (§eMoneda) at world -1763 72 2499
[24.09.2022 02:26:23][serveritem][drop] dropped 1 of moneda (§eMoneda) at world -1763 72 2499
[24.09.2022 02:26:27][serveritem][take] orozc048 gave 1 of arco_practica (§fArco de práctica)
[24.09.2022 19:09:21][serveritem][give] Mabroso obtained 1 of hierro+ (§fHierro Plus)
[24.09.2022 19:09:21][serveritem][give] Mabroso obtained 1 of oro+ (§fOro Plus)
[24.09.2022 19:09:21][serveritem][give] Mabroso obtained 1 of esmeralda+ (§fEsmeralda Plus)
[24.09.2022 19:09:21][serveritem][give] Mabroso obtained 1 of diamante+ (§fDiamante Plus)
[24.09.2022 19:10:52][serveritem][give] Mabroso obtained 1 of hierro+ (§fHierro Plus)
[24.09.2022 19:10:52][serveritem][give] Mabroso obtained 1 of oro+ (§fOro Plus)
[24.09.2022 19:10:52][serveritem][give] Mabroso obtained 1 of esmeralda+ (§fEsmeralda Plus)
[24.09.2022 19:10:52][serveritem][give] Mabroso obtained 1 of diamante+ (§fDiamante Plus)
