[18.09.2023 21:06:59][serveritem][give] Daniiiii6 obtained 1 of arco_practica (§fArco de práctica)
[18.09.2023 21:07:09][serveritem][take] Daniiiii6 gave 1 of arco_practica (§fArco de práctica)
[18.09.2023 21:07:10][serveritem][give] Daniiiii6 obtained 1 of arco_practica (§fArco de práctica)
[18.09.2023 21:07:10][serveritem][take] Daniiiii6 gave 1 of arco_practica (§fArco de práctica)
[18.09.2023 21:07:11][serveritem][give] Daniiiii6 obtained 1 of arco_practica (§fArco de práctica)
[18.09.2023 21:07:14][serveritem][take] Daniiiii6 gave 1 of arco_practica (§fArco de práctica)
[18.09.2023 21:07:16][serveritem][give] Daniiiii6 obtained 1 of arco_practica (§fArco de práctica)
[18.09.2023 21:07:17][serveritem][take] Daniiiii6 gave 1 of arco_practica (§fArco de práctica)
[18.09.2023 21:16:24][serveritem][give] Daniiiii6 obtained 1 of arco_practica (§fArco de práctica)
[18.09.2023 21:16:26][serveritem][take] Daniiiii6 gave 1 of arco_practica (§fArco de práctica)
[18.09.2023 21:16:27][serveritem][give] Daniiiii6 obtained 1 of arco_practica (§fArco de práctica)
[18.09.2023 21:16:34][serveritem][drop] dropped 1 of moneda (§eMoneda) at world -1763 72 2499
[18.09.2023 21:16:34][serveritem][drop] dropped 1 of moneda (§eMoneda) at world -1763 72 2499
[18.09.2023 21:16:34][serveritem][drop] dropped 5 of moneda (§eMoneda) at world -1763 72 2499
[18.09.2023 21:16:39][serveritem][drop] dropped 1 of moneda (§eMoneda) at world -1763 72 2499
[18.09.2023 21:16:43][serveritem][drop] dropped 1 of moneda (§eMoneda) at world -1763 72 2499
[18.09.2023 21:16:43][serveritem][drop] dropped 1 of moneda (§eMoneda) at world -1763 72 2499
[18.09.2023 21:16:50][serveritem][drop] dropped 1 of moneda (§eMoneda) at world -1763 72 2499
[18.09.2023 21:16:54][serveritem][drop] dropped 1 of moneda (§eMoneda) at world -1763 72 2499
[18.09.2023 21:16:54][serveritem][drop] dropped 1 of moneda (§eMoneda) at world -1763 72 2499
[18.09.2023 21:16:58][serveritem][drop] dropped 1 of moneda (§eMoneda) at world -1763 72 2499
[18.09.2023 21:16:58][serveritem][drop] dropped 1 of moneda (§eMoneda) at world -1763 72 2499
[18.09.2023 21:17:03][serveritem][drop] dropped 1 of moneda (§eMoneda) at world -1763 72 2499
[18.09.2023 21:17:03][serveritem][drop] dropped 1 of moneda (§eMoneda) at world -1763 72 2499
[18.09.2023 21:17:11][serveritem][drop] dropped 1 of moneda (§eMoneda) at world -1763 72 2499
[18.09.2023 21:17:11][serveritem][drop] dropped 1 of moneda (§eMoneda) at world -1763 72 2499
[18.09.2023 21:17:11][serveritem][drop] dropped 5 of moneda (§eMoneda) at world -1763 72 2499
[18.09.2023 21:17:26][serveritem][drop] dropped 1 of moneda (§eMoneda) at world -1763 72 2499
[18.09.2023 21:17:26][serveritem][drop] dropped 1 of moneda (§eMoneda) at world -1763 72 2499
[18.09.2023 21:17:26][serveritem][drop] dropped 5 of moneda (§eMoneda) at world -1763 72 2499
[18.09.2023 21:17:31][serveritem][drop] dropped 1 of moneda (§eMoneda) at world -1763 72 2499
[18.09.2023 21:17:31][serveritem][drop] dropped 1 of moneda (§eMoneda) at world -1763 72 2499
[18.09.2023 21:17:33][serveritem][drop] dropped 1 of moneda (§eMoneda) at world -1763 72 2499
[18.09.2023 21:17:33][serveritem][drop] dropped 1 of moneda (§eMoneda) at world -1763 72 2499
[18.09.2023 21:17:37][serveritem][drop] dropped 1 of moneda (§eMoneda) at world -1763 72 2499
[18.09.2023 21:17:37][serveritem][drop] dropped 1 of moneda (§eMoneda) at world -1763 72 2499
[18.09.2023 21:17:37][serveritem][drop] dropped 5 of moneda (§eMoneda) at world -1763 72 2499
[18.09.2023 21:17:40][serveritem][drop] dropped 1 of moneda (§eMoneda) at world -1763 72 2499
[18.09.2023 21:17:40][serveritem][drop] dropped 1 of moneda (§eMoneda) at world -1763 72 2499
[18.09.2023 21:17:44][serveritem][drop] dropped 1 of moneda (§eMoneda) at world -1763 72 2499
[18.09.2023 21:17:44][serveritem][drop] dropped 1 of moneda (§eMoneda) at world -1763 72 2499
[18.09.2023 21:17:50][serveritem][drop] dropped 1 of moneda (§eMoneda) at world -1763 72 2499
[18.09.2023 21:17:53][serveritem][drop] dropped 1 of moneda (§eMoneda) at world -1763 72 2499
[18.09.2023 21:17:57][serveritem][drop] dropped 1 of moneda (§eMoneda) at world -1763 72 2499
[18.09.2023 21:17:57][serveritem][drop] dropped 1 of moneda (§eMoneda) at world -1763 72 2499
[18.09.2023 21:18:00][serveritem][drop] dropped 1 of moneda (§eMoneda) at world -1763 72 2499
[18.09.2023 21:18:00][serveritem][drop] dropped 1 of moneda (§eMoneda) at world -1763 72 2499
[18.09.2023 21:18:03][serveritem][drop] dropped 1 of moneda (§eMoneda) at world -1763 72 2499
[18.09.2023 21:18:03][serveritem][drop] dropped 1 of moneda (§eMoneda) at world -1763 72 2499
[18.09.2023 21:18:11][serveritem][drop] dropped 1 of moneda (§eMoneda) at world -1763 72 2499
[18.09.2023 21:18:15][serveritem][drop] dropped 1 of moneda (§eMoneda) at world -1763 72 2499
[18.09.2023 21:18:15][serveritem][drop] dropped 1 of moneda (§eMoneda) at world -1763 72 2499
[18.09.2023 21:18:18][serveritem][drop] dropped 1 of moneda (§eMoneda) at world -1763 72 2499
[18.09.2023 21:18:18][serveritem][drop] dropped 1 of moneda (§eMoneda) at world -1763 72 2499
[18.09.2023 21:18:18][serveritem][drop] dropped 5 of moneda (§eMoneda) at world -1763 72 2499
[18.09.2023 21:18:22][serveritem][drop] dropped 1 of moneda (§eMoneda) at world -1763 72 2499
[18.09.2023 21:18:34][serveritem][drop] dropped 1 of moneda (§eMoneda) at world -1763 72 2499
[18.09.2023 21:18:34][serveritem][drop] dropped 1 of moneda (§eMoneda) at world -1763 72 2499
[18.09.2023 21:18:35][serveritem][take] Daniiiii6 gave 1 of arco_practica (§fArco de práctica)
[18.09.2023 21:18:37][serveritem][give] Daniiiii6 obtained 1 of arco_practica (§fArco de práctica)
[18.09.2023 21:18:38][serveritem][take] Daniiiii6 gave 1 of arco_practica (§fArco de práctica)
[18.09.2023 21:18:40][serveritem][give] Daniiiii6 obtained 1 of arco_practica (§fArco de práctica)
[18.09.2023 21:18:40][serveritem][take] Daniiiii6 gave 1 of arco_practica (§fArco de práctica)
[18.09.2023 21:18:43][serveritem][give] Daniiiii6 obtained 1 of arco_practica (§fArco de práctica)
[18.09.2023 21:18:45][serveritem][take] Daniiiii6 gave 1 of arco_practica (§fArco de práctica)
[18.09.2023 21:18:46][serveritem][give] Daniiiii6 obtained 1 of arco_practica (§fArco de práctica)
[18.09.2023 21:18:50][serveritem][drop] dropped 1 of moneda (§eMoneda) at world -1763 72 2499
[18.09.2023 21:18:50][serveritem][drop] dropped 1 of moneda (§eMoneda) at world -1763 72 2499
[18.09.2023 21:18:52][serveritem][drop] dropped 1 of moneda (§eMoneda) at world -1763 72 2499
[18.09.2023 21:18:52][serveritem][drop] dropped 1 of moneda (§eMoneda) at world -1763 72 2499
[18.09.2023 21:18:53][serveritem][drop] dropped 1 of moneda (§eMoneda) at world -1763 72 2499
[18.09.2023 21:18:53][serveritem][drop] dropped 1 of moneda (§eMoneda) at world -1763 72 2499
[18.09.2023 21:18:55][serveritem][drop] dropped 1 of moneda (§eMoneda) at world -1763 72 2499
[18.09.2023 21:18:55][serveritem][drop] dropped 1 of moneda (§eMoneda) at world -1763 72 2499
[18.09.2023 21:18:56][serveritem][drop] dropped 1 of moneda (§eMoneda) at world -1763 72 2499
[18.09.2023 21:18:56][serveritem][drop] dropped 1 of moneda (§eMoneda) at world -1763 72 2499
[18.09.2023 21:18:59][serveritem][drop] dropped 1 of moneda (§eMoneda) at world -1763 72 2499
[18.09.2023 21:18:59][serveritem][drop] dropped 1 of moneda (§eMoneda) at world -1763 72 2499
[18.09.2023 21:19:00][serveritem][take] Daniiiii6 gave 1 of arco_practica (§fArco de práctica)
[18.09.2023 21:19:01][serveritem][give] Daniiiii6 obtained 1 of arco_practica (§fArco de práctica)
[18.09.2023 21:19:04][serveritem][take] Daniiiii6 gave 1 of arco_practica (§fArco de práctica)
[18.09.2023 21:19:11][serveritem][drop] dropped 1 of moneda (§eMoneda) at world -1763 72 2499
[18.09.2023 21:19:11][serveritem][drop] dropped 1 of moneda (§eMoneda) at world -1763 72 2499
[18.09.2023 21:19:11][serveritem][drop] dropped 5 of moneda (§eMoneda) at world -1763 72 2499
[18.09.2023 21:19:15][serveritem][give] Daniiiii6 obtained 1 of arco_practica (§fArco de práctica)
[18.09.2023 21:19:17][serveritem][take] Daniiiii6 gave 1 of arco_practica (§fArco de práctica)
[18.09.2023 21:21:21][serveritem][give] Daniiiii6 obtained 1 of arco_practica (§fArco de práctica)
[18.09.2023 21:21:27][serveritem][drop] dropped 1 of moneda (§eMoneda) at world -1763 72 2499
[18.09.2023 21:21:27][serveritem][drop] dropped 1 of moneda (§eMoneda) at world -1763 72 2499
[18.09.2023 21:21:28][serveritem][drop] dropped 1 of moneda (§eMoneda) at world -1763 72 2499
[18.09.2023 21:21:30][serveritem][drop] dropped 1 of moneda (§eMoneda) at world -1763 72 2499
[18.09.2023 21:21:30][serveritem][drop] dropped 1 of moneda (§eMoneda) at world -1763 72 2499
[18.09.2023 21:21:31][serveritem][drop] dropped 1 of moneda (§eMoneda) at world -1763 72 2499
[18.09.2023 21:21:31][serveritem][drop] dropped 1 of moneda (§eMoneda) at world -1763 72 2499
[18.09.2023 21:21:40][serveritem][drop] dropped 1 of moneda (§eMoneda) at world -1763 72 2499
[18.09.2023 21:21:40][serveritem][drop] dropped 1 of moneda (§eMoneda) at world -1763 72 2499
[18.09.2023 21:21:42][serveritem][drop] dropped 1 of moneda (§eMoneda) at world -1763 72 2499
[18.09.2023 21:21:42][serveritem][drop] dropped 1 of moneda (§eMoneda) at world -1763 72 2499
[18.09.2023 21:21:45][serveritem][drop] dropped 1 of moneda (§eMoneda) at world -1763 72 2499
[18.09.2023 21:21:45][serveritem][drop] dropped 1 of moneda (§eMoneda) at world -1763 72 2499
[18.09.2023 21:21:52][serveritem][drop] dropped 1 of moneda (§eMoneda) at world -1763 72 2499
[18.09.2023 21:21:52][serveritem][drop] dropped 1 of moneda (§eMoneda) at world -1763 72 2499
[18.09.2023 21:21:54][serveritem][drop] dropped 1 of moneda (§eMoneda) at world -1763 72 2499
[18.09.2023 21:21:54][serveritem][drop] dropped 1 of moneda (§eMoneda) at world -1763 72 2499
[18.09.2023 21:21:57][serveritem][drop] dropped 1 of moneda (§eMoneda) at world -1763 72 2499
[18.09.2023 21:21:57][serveritem][drop] dropped 1 of moneda (§eMoneda) at world -1763 72 2499
[18.09.2023 21:21:59][serveritem][drop] dropped 1 of moneda (§eMoneda) at world -1763 72 2499
[18.09.2023 21:21:59][serveritem][drop] dropped 1 of moneda (§eMoneda) at world -1763 72 2499
[18.09.2023 21:22:01][serveritem][drop] dropped 1 of moneda (§eMoneda) at world -1763 72 2499
[18.09.2023 21:22:01][serveritem][drop] dropped 1 of moneda (§eMoneda) at world -1763 72 2499
[18.09.2023 21:22:04][serveritem][drop] dropped 1 of moneda (§eMoneda) at world -1763 72 2499
[18.09.2023 21:22:04][serveritem][drop] dropped 1 of moneda (§eMoneda) at world -1763 72 2499
[18.09.2023 21:22:07][serveritem][drop] dropped 1 of moneda (§eMoneda) at world -1763 72 2499
[18.09.2023 21:22:07][serveritem][drop] dropped 1 of moneda (§eMoneda) at world -1763 72 2499
[18.09.2023 21:22:09][serveritem][drop] dropped 1 of moneda (§eMoneda) at world -1763 72 2499
[18.09.2023 21:22:09][serveritem][drop] dropped 1 of moneda (§eMoneda) at world -1763 72 2499
[18.09.2023 21:22:10][serveritem][drop] dropped 1 of moneda (§eMoneda) at world -1763 72 2499
[18.09.2023 21:22:10][serveritem][drop] dropped 1 of moneda (§eMoneda) at world -1763 72 2499
[18.09.2023 21:22:20][serveritem][drop] dropped 1 of moneda (§eMoneda) at world -1763 72 2499
[18.09.2023 21:22:20][serveritem][drop] dropped 1 of moneda (§eMoneda) at world -1763 72 2499
[18.09.2023 21:22:23][serveritem][drop] dropped 1 of moneda (§eMoneda) at world -1763 72 2499
[18.09.2023 21:22:23][serveritem][drop] dropped 1 of moneda (§eMoneda) at world -1763 72 2499
[18.09.2023 21:22:23][serveritem][drop] dropped 5 of moneda (§eMoneda) at world -1763 72 2499
[18.09.2023 21:22:33][serveritem][drop] dropped 1 of moneda (§eMoneda) at world -1763 72 2499
[18.09.2023 21:22:33][serveritem][drop] dropped 1 of moneda (§eMoneda) at world -1763 72 2499
[18.09.2023 21:22:35][serveritem][drop] dropped 1 of moneda (§eMoneda) at world -1763 72 2499
[18.09.2023 21:22:35][serveritem][drop] dropped 1 of moneda (§eMoneda) at world -1763 72 2499
[18.09.2023 21:22:37][serveritem][drop] dropped 1 of moneda (§eMoneda) at world -1763 72 2499
[18.09.2023 21:22:37][serveritem][drop] dropped 1 of moneda (§eMoneda) at world -1763 72 2499
[18.09.2023 21:22:39][serveritem][drop] dropped 1 of moneda (§eMoneda) at world -1763 72 2499
[18.09.2023 21:22:45][serveritem][drop] dropped 1 of moneda (§eMoneda) at world -1763 72 2499
[18.09.2023 21:22:45][serveritem][drop] dropped 1 of moneda (§eMoneda) at world -1763 72 2499
[18.09.2023 21:22:47][serveritem][drop] dropped 1 of moneda (§eMoneda) at world -1763 72 2499
[18.09.2023 21:22:49][serveritem][drop] dropped 1 of moneda (§eMoneda) at world -1763 72 2499
[18.09.2023 21:22:49][serveritem][drop] dropped 1 of moneda (§eMoneda) at world -1763 72 2499
[18.09.2023 21:22:51][serveritem][drop] dropped 1 of moneda (§eMoneda) at world -1763 72 2499
[18.09.2023 21:22:51][serveritem][drop] dropped 1 of moneda (§eMoneda) at world -1763 72 2499
[18.09.2023 21:22:52][serveritem][drop] dropped 1 of moneda (§eMoneda) at world -1763 72 2499
[18.09.2023 21:22:52][serveritem][drop] dropped 1 of moneda (§eMoneda) at world -1763 72 2499
[18.09.2023 21:22:54][serveritem][drop] dropped 1 of moneda (§eMoneda) at world -1763 72 2499
[18.09.2023 21:22:54][serveritem][drop] dropped 1 of moneda (§eMoneda) at world -1763 72 2499
[18.09.2023 21:22:56][serveritem][drop] dropped 1 of moneda (§eMoneda) at world -1763 72 2499
[18.09.2023 21:22:56][serveritem][drop] dropped 1 of moneda (§eMoneda) at world -1763 72 2499
[18.09.2023 21:22:58][serveritem][drop] dropped 1 of moneda (§eMoneda) at world -1763 72 2499
[18.09.2023 21:22:58][serveritem][drop] dropped 1 of moneda (§eMoneda) at world -1763 72 2499
[18.09.2023 21:22:58][serveritem][drop] dropped 5 of moneda (§eMoneda) at world -1763 72 2499
[18.09.2023 21:23:07][serveritem][drop] dropped 1 of moneda (§eMoneda) at world -1763 72 2499
[18.09.2023 21:23:07][serveritem][drop] dropped 1 of moneda (§eMoneda) at world -1763 72 2499
[18.09.2023 21:23:09][serveritem][drop] dropped 1 of moneda (§eMoneda) at world -1763 72 2499
[18.09.2023 21:23:09][serveritem][drop] dropped 1 of moneda (§eMoneda) at world -1763 72 2499
[18.09.2023 21:23:11][serveritem][drop] dropped 1 of moneda (§eMoneda) at world -1763 72 2499
[18.09.2023 21:23:11][serveritem][drop] dropped 1 of moneda (§eMoneda) at world -1763 72 2499
[18.09.2023 21:23:11][serveritem][drop] dropped 5 of moneda (§eMoneda) at world -1763 72 2499
[18.09.2023 21:23:13][serveritem][drop] dropped 1 of moneda (§eMoneda) at world -1763 72 2499
[18.09.2023 21:23:13][serveritem][drop] dropped 1 of moneda (§eMoneda) at world -1763 72 2499
[18.09.2023 21:23:15][serveritem][drop] dropped 1 of moneda (§eMoneda) at world -1763 72 2499
[18.09.2023 21:23:15][serveritem][drop] dropped 1 of moneda (§eMoneda) at world -1763 72 2499
[18.09.2023 21:23:15][serveritem][drop] dropped 5 of moneda (§eMoneda) at world -1763 72 2499
[18.09.2023 21:23:17][serveritem][drop] dropped 1 of moneda (§eMoneda) at world -1763 72 2499
[18.09.2023 21:23:17][serveritem][drop] dropped 1 of moneda (§eMoneda) at world -1763 72 2499
[18.09.2023 21:23:21][serveritem][take] Daniiiii6 gave 1 of arco_practica (§fArco de práctica)
[18.09.2023 22:09:41][serveritem][give] Daniiiii6 obtained 1 of arco_practica (§fArco de práctica)
[18.09.2023 22:09:48][serveritem][drop] dropped 1 of moneda (§eMoneda) at world -1763 72 2499
[18.09.2023 22:09:48][serveritem][drop] dropped 1 of moneda (§eMoneda) at world -1763 72 2499
[18.09.2023 22:09:51][serveritem][drop] dropped 1 of moneda (§eMoneda) at world -1763 72 2499
[18.09.2023 22:09:51][serveritem][take] Daniiiii6 gave 1 of arco_practica (§fArco de práctica)
[18.09.2023 22:09:53][serveritem][give] Daniiiii6 obtained 1 of arco_practica (§fArco de práctica)
[18.09.2023 22:09:54][serveritem][take] Daniiiii6 gave 1 of arco_practica (§fArco de práctica)
[18.09.2023 22:09:55][serveritem][give] Daniiiii6 obtained 1 of arco_practica (§fArco de práctica)
[18.09.2023 22:09:59][serveritem][drop] dropped 1 of moneda (§eMoneda) at world -1763 72 2499
[18.09.2023 22:09:59][serveritem][drop] dropped 1 of moneda (§eMoneda) at world -1763 72 2499
[18.09.2023 22:10:02][serveritem][drop] dropped 1 of moneda (§eMoneda) at world -1763 72 2499
[18.09.2023 22:10:02][serveritem][take] Daniiiii6 gave 1 of arco_practica (§fArco de práctica)
[18.09.2023 22:10:04][serveritem][give] Daniiiii6 obtained 1 of arco_practica (§fArco de práctica)
[18.09.2023 22:10:05][serveritem][take] Daniiiii6 gave 1 of arco_practica (§fArco de práctica)
[18.09.2023 22:11:25][serveritem][give] Daniiiii6 obtained 1 of arco_practica (§fArco de práctica)
[18.09.2023 22:11:55][serveritem][take] Daniiiii6 gave 1 of arco_practica (§fArco de práctica)
[18.09.2023 22:11:56][serveritem][give] Daniiiii6 obtained 1 of arco_practica (§fArco de práctica)
[18.09.2023 22:12:03][serveritem][drop] dropped 1 of moneda (§eMoneda) at world -1763 72 2499
[18.09.2023 22:12:05][serveritem][drop] dropped 1 of moneda (§eMoneda) at world -1763 72 2499
[18.09.2023 22:12:05][serveritem][drop] dropped 1 of moneda (§eMoneda) at world -1763 72 2499
[18.09.2023 22:12:07][serveritem][drop] dropped 1 of moneda (§eMoneda) at world -1763 72 2499
[18.09.2023 22:12:07][serveritem][drop] dropped 1 of moneda (§eMoneda) at world -1763 72 2499
[18.09.2023 22:12:10][serveritem][drop] dropped 1 of moneda (§eMoneda) at world -1763 72 2499
[18.09.2023 22:12:12][serveritem][drop] dropped 1 of moneda (§eMoneda) at world -1763 72 2499
[18.09.2023 22:12:12][serveritem][drop] dropped 1 of moneda (§eMoneda) at world -1763 72 2499
[18.09.2023 22:12:14][serveritem][drop] dropped 1 of moneda (§eMoneda) at world -1763 72 2499
[18.09.2023 22:12:14][serveritem][drop] dropped 1 of moneda (§eMoneda) at world -1763 72 2499
[18.09.2023 22:12:15][serveritem][take] Daniiiii6 gave 1 of arco_practica (§fArco de práctica)
[18.09.2023 22:18:20][serveritem][give] Daniiiii6 obtained 1 of la_consentida (§x§F§F§0§0§0§0§lLa Co§f§lnsen§1§ltida)
[18.09.2023 22:18:20][serveritem][give] Daniiiii6 obtained 1 of guaton_loyola_chestplate* (§x§F§F§7§4§0§0§lGuatón Loyola Chestplate)
[18.09.2023 22:18:20][serveritem][give] Daniiiii6 obtained 1 of remolino3 (§fRemolino)
[18.09.2023 22:18:48][serveritem][give] Daniiiii6 obtained 1 of arco_practica (§fArco de práctica)
[18.09.2023 22:18:52][serveritem][take] Daniiiii6 gave 1 of arco_practica (§fArco de práctica)
[18.09.2023 22:19:21][serveritem][give] Daniiiii6 obtained 1 of arco_practica (§fArco de práctica)
[18.09.2023 22:19:25][serveritem][drop] dropped 1 of moneda (§eMoneda) at world -1763 72 2499
[18.09.2023 22:19:25][serveritem][drop] dropped 1 of moneda (§eMoneda) at world -1763 72 2499
[18.09.2023 22:19:27][serveritem][drop] dropped 1 of moneda (§eMoneda) at world -1763 72 2499
[18.09.2023 22:19:27][serveritem][drop] dropped 1 of moneda (§eMoneda) at world -1763 72 2499
[18.09.2023 22:19:27][serveritem][drop] dropped 5 of moneda (§eMoneda) at world -1763 72 2499
[18.09.2023 22:19:29][serveritem][drop] dropped 1 of moneda (§eMoneda) at world -1763 72 2499
[18.09.2023 22:19:29][serveritem][drop] dropped 1 of moneda (§eMoneda) at world -1763 72 2499
[18.09.2023 22:19:30][serveritem][drop] dropped 1 of moneda (§eMoneda) at world -1763 72 2499
[18.09.2023 22:19:30][serveritem][drop] dropped 1 of moneda (§eMoneda) at world -1763 72 2499
[18.09.2023 22:19:32][serveritem][drop] dropped 1 of moneda (§eMoneda) at world -1763 72 2499
[18.09.2023 22:19:32][serveritem][drop] dropped 1 of moneda (§eMoneda) at world -1763 72 2499
[18.09.2023 22:19:32][serveritem][drop] dropped 5 of moneda (§eMoneda) at world -1763 72 2499
[18.09.2023 22:19:34][serveritem][drop] dropped 1 of moneda (§eMoneda) at world -1763 72 2499
[18.09.2023 22:19:34][serveritem][drop] dropped 1 of moneda (§eMoneda) at world -1763 72 2499
[18.09.2023 22:19:36][serveritem][take] Daniiiii6 gave 1 of arco_practica (§fArco de práctica)
[18.09.2023 22:20:41][serveritem][give] Daniiiii6 obtained 1 of la_consentida (§x§F§F§0§0§0§0§lLa Co§f§lnsen§1§ltida)
[18.09.2023 22:20:41][serveritem][give] Daniiiii6 obtained 1 of guaton_loyola_chestplate* (§x§F§F§7§4§0§0§lGuatón Loyola Chestplate)
[18.09.2023 22:20:41][serveritem][give] Daniiiii6 obtained 1 of remolino3 (§fRemolino)
[18.09.2023 22:21:07][serveritem][give] Daniiiii6 obtained 1 of la_consentida (§x§F§F§0§0§0§0§lLa Co§f§lnsen§1§ltida)
[18.09.2023 22:21:07][serveritem][give] Daniiiii6 obtained 1 of guaton_loyola_chestplate* (§x§F§F§7§4§0§0§lGuatón Loyola Chestplate)
[18.09.2023 22:21:07][serveritem][give] Daniiiii6 obtained 1 of remolino3 (§fRemolino)
[18.09.2023 22:25:47][serveritem][give] Daniiiii6 obtained 1 of arco_practica (§fArco de práctica)
[18.09.2023 22:25:51][serveritem][drop] dropped 1 of moneda (§eMoneda) at world -1763 72 2499
[18.09.2023 22:25:51][serveritem][drop] dropped 1 of moneda (§eMoneda) at world -1763 72 2499
[18.09.2023 22:25:54][serveritem][drop] dropped 1 of moneda (§eMoneda) at world -1763 72 2499
[18.09.2023 22:25:54][serveritem][drop] dropped 1 of moneda (§eMoneda) at world -1763 72 2499
[18.09.2023 22:25:57][serveritem][drop] dropped 1 of moneda (§eMoneda) at world -1763 72 2499
[18.09.2023 22:26:00][serveritem][drop] dropped 1 of moneda (§eMoneda) at world -1763 72 2499
[18.09.2023 22:26:00][serveritem][drop] dropped 1 of moneda (§eMoneda) at world -1763 72 2499
[18.09.2023 22:26:05][serveritem][drop] dropped 1 of moneda (§eMoneda) at world -1763 72 2499
[18.09.2023 22:26:05][serveritem][drop] dropped 1 of moneda (§eMoneda) at world -1763 72 2499
[18.09.2023 22:26:05][serveritem][take] Daniiiii6 gave 1 of arco_practica (§fArco de práctica)
[18.09.2023 22:26:06][serveritem][give] Daniiiii6 obtained 1 of arco_practica (§fArco de práctica)
[18.09.2023 22:26:08][serveritem][take] Daniiiii6 gave 1 of arco_practica (§fArco de práctica)
[18.09.2023 22:28:20][serveritem][give] Daniiiii6 obtained 1 of la_consentida (§x§F§F§0§0§0§0§lLa Co§f§lnsen§1§ltida)
[18.09.2023 22:28:20][serveritem][give] Daniiiii6 obtained 1 of guaton_loyola_chestplate* (§x§F§F§7§4§0§0§lGuatón Loyola Chestplate)
[18.09.2023 22:28:20][serveritem][give] Daniiiii6 obtained 1 of remolino1 (§fRemolino)
