[19.09.2023 21:53:59][serveritem][give] Daniiiii6 obtained 1 of arco_practica (§fArco de práctica)
[19.09.2023 21:54:06][serveritem][drop] dropped 1 of moneda (§eMoneda) at world -1763 72 2499
[19.09.2023 21:54:08][serveritem][drop] dropped 1 of moneda (§eMoneda) at world -1763 72 2499
[19.09.2023 21:54:08][serveritem][drop] dropped 1 of moneda (§eMoneda) at world -1763 72 2499
[19.09.2023 21:54:12][serveritem][drop] dropped 1 of moneda (§eMoneda) at world -1763 72 2499
[19.09.2023 21:54:12][serveritem][drop] dropped 1 of moneda (§eMoneda) at world -1763 72 2499
[19.09.2023 21:54:16][serveritem][drop] dropped 1 of moneda (§eMoneda) at world -1763 72 2499
[19.09.2023 21:54:16][serveritem][drop] dropped 1 of moneda (§eMoneda) at world -1763 72 2499
[19.09.2023 21:54:16][serveritem][drop] dropped 5 of moneda (§eMoneda) at world -1763 72 2499
[19.09.2023 21:54:19][serveritem][drop] dropped 1 of moneda (§eMoneda) at world -1763 72 2499
[19.09.2023 21:54:19][serveritem][drop] dropped 1 of moneda (§eMoneda) at world -1763 72 2499
[19.09.2023 21:54:21][serveritem][drop] dropped 1 of moneda (§eMoneda) at world -1763 72 2499
[19.09.2023 21:54:21][serveritem][drop] dropped 1 of moneda (§eMoneda) at world -1763 72 2499
[19.09.2023 21:54:21][serveritem][drop] dropped 5 of moneda (§eMoneda) at world -1763 72 2499
[19.09.2023 21:54:24][serveritem][drop] dropped 1 of moneda (§eMoneda) at world -1763 72 2499
[19.09.2023 21:54:24][serveritem][drop] dropped 1 of moneda (§eMoneda) at world -1763 72 2499
[19.09.2023 21:54:26][serveritem][drop] dropped 1 of moneda (§eMoneda) at world -1763 72 2499
[19.09.2023 21:54:26][serveritem][drop] dropped 1 of moneda (§eMoneda) at world -1763 72 2499
[19.09.2023 21:54:28][serveritem][drop] dropped 1 of moneda (§eMoneda) at world -1763 72 2499
[19.09.2023 21:54:28][serveritem][drop] dropped 1 of moneda (§eMoneda) at world -1763 72 2499
[19.09.2023 21:54:28][serveritem][drop] dropped 5 of moneda (§eMoneda) at world -1763 72 2499
[19.09.2023 21:54:30][serveritem][drop] dropped 1 of moneda (§eMoneda) at world -1763 72 2499
[19.09.2023 21:54:30][serveritem][drop] dropped 1 of moneda (§eMoneda) at world -1763 72 2499
[19.09.2023 21:54:32][serveritem][drop] dropped 1 of moneda (§eMoneda) at world -1763 72 2499
[19.09.2023 21:54:32][serveritem][drop] dropped 1 of moneda (§eMoneda) at world -1763 72 2499
[19.09.2023 21:54:34][serveritem][drop] dropped 1 of moneda (§eMoneda) at world -1763 72 2499
[19.09.2023 21:54:34][serveritem][drop] dropped 1 of moneda (§eMoneda) at world -1763 72 2499
[19.09.2023 21:54:36][serveritem][drop] dropped 1 of moneda (§eMoneda) at world -1763 72 2499
[19.09.2023 21:54:36][serveritem][drop] dropped 1 of moneda (§eMoneda) at world -1763 72 2499
[19.09.2023 21:54:36][serveritem][drop] dropped 5 of moneda (§eMoneda) at world -1763 72 2499
[19.09.2023 21:54:38][serveritem][drop] dropped 1 of moneda (§eMoneda) at world -1763 72 2499
[19.09.2023 21:54:38][serveritem][drop] dropped 1 of moneda (§eMoneda) at world -1763 72 2499
[19.09.2023 21:54:38][serveritem][drop] dropped 5 of moneda (§eMoneda) at world -1763 72 2499
[19.09.2023 21:54:39][serveritem][drop] dropped 1 of moneda (§eMoneda) at world -1763 72 2499
[19.09.2023 21:54:39][serveritem][drop] dropped 1 of moneda (§eMoneda) at world -1763 72 2499
[19.09.2023 21:54:41][serveritem][drop] dropped 1 of moneda (§eMoneda) at world -1763 72 2499
[19.09.2023 21:54:41][serveritem][drop] dropped 1 of moneda (§eMoneda) at world -1763 72 2499
[19.09.2023 21:54:43][serveritem][drop] dropped 1 of moneda (§eMoneda) at world -1763 72 2499
[19.09.2023 21:54:43][serveritem][drop] dropped 1 of moneda (§eMoneda) at world -1763 72 2499
[19.09.2023 21:54:44][serveritem][drop] dropped 1 of moneda (§eMoneda) at world -1763 72 2499
[19.09.2023 21:54:44][serveritem][drop] dropped 1 of moneda (§eMoneda) at world -1763 72 2499
[19.09.2023 21:54:44][serveritem][drop] dropped 5 of moneda (§eMoneda) at world -1763 72 2499
[19.09.2023 21:54:47][serveritem][drop] dropped 1 of moneda (§eMoneda) at world -1763 72 2499
[19.09.2023 21:54:47][serveritem][drop] dropped 1 of moneda (§eMoneda) at world -1763 72 2499
[19.09.2023 21:54:48][serveritem][take] Daniiiii6 gave 1 of arco_practica (§fArco de práctica)
[19.09.2023 21:54:49][serveritem][give] Daniiiii6 obtained 1 of arco_practica (§fArco de práctica)
[19.09.2023 21:54:51][serveritem][take] Daniiiii6 gave 1 of arco_practica (§fArco de práctica)
[19.09.2023 21:54:53][serveritem][give] Daniiiii6 obtained 1 of arco_practica (§fArco de práctica)
[19.09.2023 21:54:56][serveritem][take] Daniiiii6 gave 1 of arco_practica (§fArco de práctica)
[19.09.2023 21:58:32][serveritem][give] Daniiiii6 obtained 1 of arco_practica (§fArco de práctica)
[19.09.2023 21:58:42][serveritem][drop] dropped 1 of moneda (§eMoneda) at world -1763 72 2499
[19.09.2023 21:58:52][serveritem][take] Daniiiii6 gave 1 of arco_practica (§fArco de práctica)
[19.09.2023 21:58:53][serveritem][give] Daniiiii6 obtained 1 of arco_practica (§fArco de práctica)
[19.09.2023 21:58:54][serveritem][take] Daniiiii6 gave 1 of arco_practica (§fArco de práctica)
[19.09.2023 22:33:03][serveritem][give] Daniiiii6 obtained 1 of arco_practica (§fArco de práctica)
[19.09.2023 22:33:07][serveritem][drop] dropped 1 of moneda (§eMoneda) at world -1763 72 2499
[19.09.2023 22:33:07][serveritem][drop] dropped 1 of moneda (§eMoneda) at world -1763 72 2499
[19.09.2023 22:33:10][serveritem][drop] dropped 1 of moneda (§eMoneda) at world -1763 72 2499
[19.09.2023 22:33:10][serveritem][drop] dropped 1 of moneda (§eMoneda) at world -1763 72 2499
[19.09.2023 22:33:17][serveritem][drop] dropped 1 of moneda (§eMoneda) at world -1763 72 2499
[19.09.2023 22:33:17][serveritem][drop] dropped 1 of moneda (§eMoneda) at world -1763 72 2499
[19.09.2023 22:33:17][serveritem][drop] dropped 5 of moneda (§eMoneda) at world -1763 72 2499
[19.09.2023 22:33:19][serveritem][drop] dropped 1 of moneda (§eMoneda) at world -1763 72 2499
[19.09.2023 22:33:19][serveritem][drop] dropped 1 of moneda (§eMoneda) at world -1763 72 2499
[19.09.2023 22:33:19][serveritem][drop] dropped 5 of moneda (§eMoneda) at world -1763 72 2499
[19.09.2023 22:33:21][serveritem][drop] dropped 1 of moneda (§eMoneda) at world -1763 72 2499
[19.09.2023 22:33:21][serveritem][drop] dropped 1 of moneda (§eMoneda) at world -1763 72 2499
[19.09.2023 22:33:23][serveritem][drop] dropped 1 of moneda (§eMoneda) at world -1763 72 2499
[19.09.2023 22:33:23][serveritem][drop] dropped 1 of moneda (§eMoneda) at world -1763 72 2499
[19.09.2023 22:33:24][serveritem][drop] dropped 1 of moneda (§eMoneda) at world -1763 72 2499
[19.09.2023 22:33:24][serveritem][drop] dropped 1 of moneda (§eMoneda) at world -1763 72 2499
[19.09.2023 22:33:26][serveritem][drop] dropped 1 of moneda (§eMoneda) at world -1763 72 2499
[19.09.2023 22:33:26][serveritem][drop] dropped 1 of moneda (§eMoneda) at world -1763 72 2499
[19.09.2023 22:33:28][serveritem][drop] dropped 1 of moneda (§eMoneda) at world -1763 72 2499
[19.09.2023 22:33:28][serveritem][drop] dropped 1 of moneda (§eMoneda) at world -1763 72 2499
[19.09.2023 22:33:30][serveritem][drop] dropped 1 of moneda (§eMoneda) at world -1763 72 2499
[19.09.2023 22:33:30][serveritem][drop] dropped 1 of moneda (§eMoneda) at world -1763 72 2499
[19.09.2023 22:33:31][serveritem][drop] dropped 1 of moneda (§eMoneda) at world -1763 72 2499
[19.09.2023 22:33:33][serveritem][drop] dropped 1 of moneda (§eMoneda) at world -1763 72 2499
[19.09.2023 22:33:33][serveritem][drop] dropped 1 of moneda (§eMoneda) at world -1763 72 2499
[19.09.2023 22:33:35][serveritem][drop] dropped 1 of moneda (§eMoneda) at world -1763 72 2499
[19.09.2023 22:33:35][serveritem][drop] dropped 1 of moneda (§eMoneda) at world -1763 72 2499
[19.09.2023 22:33:42][serveritem][drop] dropped 1 of moneda (§eMoneda) at world -1763 72 2499
[19.09.2023 22:33:42][serveritem][drop] dropped 1 of moneda (§eMoneda) at world -1763 72 2499
[19.09.2023 22:33:43][serveritem][drop] dropped 1 of moneda (§eMoneda) at world -1763 72 2499
[19.09.2023 22:33:43][serveritem][drop] dropped 1 of moneda (§eMoneda) at world -1763 72 2499
[19.09.2023 22:33:46][serveritem][drop] dropped 1 of moneda (§eMoneda) at world -1763 72 2499
[19.09.2023 22:33:46][serveritem][drop] dropped 1 of moneda (§eMoneda) at world -1763 72 2499
[19.09.2023 22:33:46][serveritem][drop] dropped 5 of moneda (§eMoneda) at world -1763 72 2499
[19.09.2023 22:33:48][serveritem][drop] dropped 1 of moneda (§eMoneda) at world -1763 72 2499
[19.09.2023 22:33:48][serveritem][drop] dropped 1 of moneda (§eMoneda) at world -1763 72 2499
[19.09.2023 22:33:48][serveritem][drop] dropped 5 of moneda (§eMoneda) at world -1763 72 2499
[19.09.2023 22:33:50][serveritem][drop] dropped 1 of moneda (§eMoneda) at world -1763 72 2499
[19.09.2023 22:33:50][serveritem][drop] dropped 1 of moneda (§eMoneda) at world -1763 72 2499
[19.09.2023 22:33:52][serveritem][drop] dropped 1 of moneda (§eMoneda) at world -1763 72 2499
[19.09.2023 22:33:52][serveritem][drop] dropped 1 of moneda (§eMoneda) at world -1763 72 2499
[19.09.2023 22:33:52][serveritem][drop] dropped 5 of moneda (§eMoneda) at world -1763 72 2499
[19.09.2023 22:33:54][serveritem][drop] dropped 1 of moneda (§eMoneda) at world -1763 72 2499
[19.09.2023 22:33:54][serveritem][drop] dropped 1 of moneda (§eMoneda) at world -1763 72 2499
[19.09.2023 22:33:54][serveritem][drop] dropped 5 of moneda (§eMoneda) at world -1763 72 2499
[19.09.2023 22:33:56][serveritem][drop] dropped 1 of moneda (§eMoneda) at world -1763 72 2499
[19.09.2023 22:33:56][serveritem][drop] dropped 1 of moneda (§eMoneda) at world -1763 72 2499
[19.09.2023 22:33:57][serveritem][drop] dropped 1 of moneda (§eMoneda) at world -1763 72 2499
[19.09.2023 22:33:57][serveritem][drop] dropped 1 of moneda (§eMoneda) at world -1763 72 2499
[19.09.2023 22:33:57][serveritem][drop] dropped 5 of moneda (§eMoneda) at world -1763 72 2499
[19.09.2023 22:33:59][serveritem][drop] dropped 1 of moneda (§eMoneda) at world -1763 72 2499
[19.09.2023 22:33:59][serveritem][drop] dropped 1 of moneda (§eMoneda) at world -1763 72 2499
[19.09.2023 22:33:59][serveritem][drop] dropped 5 of moneda (§eMoneda) at world -1763 72 2499
[19.09.2023 22:34:02][serveritem][drop] dropped 1 of moneda (§eMoneda) at world -1763 72 2499
[19.09.2023 22:34:02][serveritem][drop] dropped 1 of moneda (§eMoneda) at world -1763 72 2499
[19.09.2023 22:34:03][serveritem][drop] dropped 1 of moneda (§eMoneda) at world -1763 72 2499
[19.09.2023 22:34:03][serveritem][drop] dropped 1 of moneda (§eMoneda) at world -1763 72 2499
[19.09.2023 22:34:05][serveritem][drop] dropped 1 of moneda (§eMoneda) at world -1763 72 2499
[19.09.2023 22:34:05][serveritem][drop] dropped 1 of moneda (§eMoneda) at world -1763 72 2499
[19.09.2023 22:34:06][serveritem][drop] dropped 1 of moneda (§eMoneda) at world -1763 72 2499
[19.09.2023 22:34:06][serveritem][drop] dropped 1 of moneda (§eMoneda) at world -1763 72 2499
[19.09.2023 22:34:06][serveritem][drop] dropped 5 of moneda (§eMoneda) at world -1763 72 2499
[19.09.2023 22:34:09][serveritem][drop] dropped 1 of moneda (§eMoneda) at world -1763 72 2499
[19.09.2023 22:34:09][serveritem][drop] dropped 1 of moneda (§eMoneda) at world -1763 72 2499
[19.09.2023 22:34:11][serveritem][drop] dropped 1 of moneda (§eMoneda) at world -1763 72 2499
[19.09.2023 22:34:11][serveritem][drop] dropped 1 of moneda (§eMoneda) at world -1763 72 2499
[19.09.2023 22:34:11][serveritem][drop] dropped 5 of moneda (§eMoneda) at world -1763 72 2499
[19.09.2023 22:34:14][serveritem][drop] dropped 1 of moneda (§eMoneda) at world -1763 72 2499
[19.09.2023 22:34:14][serveritem][drop] dropped 1 of moneda (§eMoneda) at world -1763 72 2499
[19.09.2023 22:34:15][serveritem][drop] dropped 1 of moneda (§eMoneda) at world -1763 72 2499
[19.09.2023 22:34:15][serveritem][drop] dropped 1 of moneda (§eMoneda) at world -1763 72 2499
[19.09.2023 22:34:16][serveritem][drop] dropped 1 of moneda (§eMoneda) at world -1763 72 2499
[19.09.2023 22:34:16][serveritem][drop] dropped 1 of moneda (§eMoneda) at world -1763 72 2499
[19.09.2023 22:34:16][serveritem][drop] dropped 5 of moneda (§eMoneda) at world -1763 72 2499
[19.09.2023 22:34:18][serveritem][take] Daniiiii6 gave 1 of arco_practica (§fArco de práctica)
[19.09.2023 22:34:20][serveritem][give] Daniiiii6 obtained 1 of arco_practica (§fArco de práctica)
[19.09.2023 22:34:25][serveritem][drop] dropped 1 of moneda (§eMoneda) at world -1763 72 2499
[19.09.2023 22:34:25][serveritem][drop] dropped 1 of moneda (§eMoneda) at world -1763 72 2499
[19.09.2023 22:34:25][serveritem][drop] dropped 5 of moneda (§eMoneda) at world -1763 72 2499
[19.09.2023 22:34:26][serveritem][drop] dropped 1 of moneda (§eMoneda) at world -1763 72 2499
[19.09.2023 22:34:26][serveritem][drop] dropped 1 of moneda (§eMoneda) at world -1763 72 2499
[19.09.2023 22:34:26][serveritem][drop] dropped 5 of moneda (§eMoneda) at world -1763 72 2499
[19.09.2023 22:34:28][serveritem][drop] dropped 1 of moneda (§eMoneda) at world -1763 72 2499
[19.09.2023 22:34:28][serveritem][drop] dropped 1 of moneda (§eMoneda) at world -1763 72 2499
[19.09.2023 22:34:35][serveritem][drop] dropped 1 of moneda (§eMoneda) at world -1763 72 2499
[19.09.2023 22:34:35][serveritem][drop] dropped 1 of moneda (§eMoneda) at world -1763 72 2499
[19.09.2023 22:34:37][serveritem][drop] dropped 1 of moneda (§eMoneda) at world -1763 72 2499
[19.09.2023 22:34:37][serveritem][drop] dropped 1 of moneda (§eMoneda) at world -1763 72 2499
[19.09.2023 22:34:39][serveritem][drop] dropped 1 of moneda (§eMoneda) at world -1763 72 2499
[19.09.2023 22:34:39][serveritem][drop] dropped 1 of moneda (§eMoneda) at world -1763 72 2499
[19.09.2023 22:34:41][serveritem][drop] dropped 1 of moneda (§eMoneda) at world -1763 72 2499
[19.09.2023 22:34:41][serveritem][drop] dropped 1 of moneda (§eMoneda) at world -1763 72 2499
[19.09.2023 22:34:42][serveritem][drop] dropped 1 of moneda (§eMoneda) at world -1763 72 2499
[19.09.2023 22:34:42][serveritem][drop] dropped 1 of moneda (§eMoneda) at world -1763 72 2499
[19.09.2023 22:34:46][serveritem][take] Daniiiii6 gave 1 of arco_practica (§fArco de práctica)
[19.09.2023 22:36:08][serveritem][give] Daniiiii6 obtained 1 of arco_practica (§fArco de práctica)
[19.09.2023 22:36:12][serveritem][drop] dropped 1 of moneda (§eMoneda) at world -1763 72 2499
[19.09.2023 22:36:12][serveritem][drop] dropped 1 of moneda (§eMoneda) at world -1763 72 2499
[19.09.2023 22:36:13][serveritem][drop] dropped 1 of moneda (§eMoneda) at world -1763 72 2499
[19.09.2023 22:36:13][serveritem][drop] dropped 1 of moneda (§eMoneda) at world -1763 72 2499
[19.09.2023 22:36:16][serveritem][drop] dropped 1 of moneda (§eMoneda) at world -1763 72 2499
[19.09.2023 22:36:16][serveritem][drop] dropped 1 of moneda (§eMoneda) at world -1763 72 2499
[19.09.2023 22:36:16][serveritem][drop] dropped 5 of moneda (§eMoneda) at world -1763 72 2499
[19.09.2023 22:36:18][serveritem][drop] dropped 1 of moneda (§eMoneda) at world -1763 72 2499
[19.09.2023 22:36:18][serveritem][drop] dropped 1 of moneda (§eMoneda) at world -1763 72 2499
[19.09.2023 22:36:20][serveritem][drop] dropped 1 of moneda (§eMoneda) at world -1763 72 2499
[19.09.2023 22:36:20][serveritem][drop] dropped 1 of moneda (§eMoneda) at world -1763 72 2499
[19.09.2023 22:36:21][serveritem][drop] dropped 1 of moneda (§eMoneda) at world -1763 72 2499
[19.09.2023 22:36:21][serveritem][drop] dropped 1 of moneda (§eMoneda) at world -1763 72 2499
[19.09.2023 22:36:23][serveritem][drop] dropped 1 of moneda (§eMoneda) at world -1763 72 2499
[19.09.2023 22:36:23][serveritem][drop] dropped 1 of moneda (§eMoneda) at world -1763 72 2499
[19.09.2023 22:36:24][serveritem][drop] dropped 1 of moneda (§eMoneda) at world -1763 72 2499
[19.09.2023 22:36:24][serveritem][drop] dropped 1 of moneda (§eMoneda) at world -1763 72 2499
[19.09.2023 22:36:26][serveritem][drop] dropped 1 of moneda (§eMoneda) at world -1763 72 2499
[19.09.2023 22:36:26][serveritem][drop] dropped 1 of moneda (§eMoneda) at world -1763 72 2499
[19.09.2023 22:36:29][serveritem][drop] dropped 1 of moneda (§eMoneda) at world -1763 72 2499
[19.09.2023 22:36:29][serveritem][drop] dropped 1 of moneda (§eMoneda) at world -1763 72 2499
[19.09.2023 22:36:30][serveritem][drop] dropped 1 of moneda (§eMoneda) at world -1763 72 2499
[19.09.2023 22:36:30][serveritem][drop] dropped 1 of moneda (§eMoneda) at world -1763 72 2499
[19.09.2023 22:36:30][serveritem][drop] dropped 5 of moneda (§eMoneda) at world -1763 72 2499
[19.09.2023 22:36:36][serveritem][drop] dropped 1 of moneda (§eMoneda) at world -1763 72 2499
[19.09.2023 22:36:36][serveritem][drop] dropped 1 of moneda (§eMoneda) at world -1763 72 2499
[19.09.2023 22:36:38][serveritem][drop] dropped 1 of moneda (§eMoneda) at world -1763 72 2499
[19.09.2023 22:36:38][serveritem][drop] dropped 1 of moneda (§eMoneda) at world -1763 72 2499
[19.09.2023 22:36:39][serveritem][drop] dropped 1 of moneda (§eMoneda) at world -1763 72 2499
[19.09.2023 22:36:39][serveritem][drop] dropped 1 of moneda (§eMoneda) at world -1763 72 2499
[19.09.2023 22:36:39][serveritem][drop] dropped 5 of moneda (§eMoneda) at world -1763 72 2499
[19.09.2023 22:36:41][serveritem][drop] dropped 1 of moneda (§eMoneda) at world -1763 72 2499
[19.09.2023 22:36:41][serveritem][drop] dropped 1 of moneda (§eMoneda) at world -1763 72 2499
[19.09.2023 22:36:41][serveritem][drop] dropped 5 of moneda (§eMoneda) at world -1763 72 2499
[19.09.2023 22:36:46][serveritem][drop] dropped 1 of moneda (§eMoneda) at world -1763 72 2499
[19.09.2023 22:36:46][serveritem][drop] dropped 1 of moneda (§eMoneda) at world -1763 72 2499
[19.09.2023 22:36:47][serveritem][drop] dropped 1 of moneda (§eMoneda) at world -1763 72 2499
[19.09.2023 22:36:47][serveritem][drop] dropped 1 of moneda (§eMoneda) at world -1763 72 2499
[19.09.2023 22:36:49][serveritem][drop] dropped 1 of moneda (§eMoneda) at world -1763 72 2499
[19.09.2023 22:36:49][serveritem][drop] dropped 1 of moneda (§eMoneda) at world -1763 72 2499
[19.09.2023 22:36:52][serveritem][drop] dropped 1 of moneda (§eMoneda) at world -1763 72 2499
[19.09.2023 22:36:52][serveritem][drop] dropped 1 of moneda (§eMoneda) at world -1763 72 2499
[19.09.2023 22:36:54][serveritem][drop] dropped 1 of moneda (§eMoneda) at world -1763 72 2499
[19.09.2023 22:36:54][serveritem][drop] dropped 1 of moneda (§eMoneda) at world -1763 72 2499
[19.09.2023 22:36:54][serveritem][drop] dropped 5 of moneda (§eMoneda) at world -1763 72 2499
[19.09.2023 22:36:56][serveritem][drop] dropped 1 of moneda (§eMoneda) at world -1763 72 2499
[19.09.2023 22:36:56][serveritem][drop] dropped 1 of moneda (§eMoneda) at world -1763 72 2499
[19.09.2023 22:36:57][serveritem][take] Daniiiii6 gave 1 of arco_practica (§fArco de práctica)
[19.09.2023 22:36:59][serveritem][give] Daniiiii6 obtained 1 of arco_practica (§fArco de práctica)
[19.09.2023 22:37:03][serveritem][drop] dropped 1 of moneda (§eMoneda) at world -1763 72 2499
[19.09.2023 22:37:03][serveritem][drop] dropped 1 of moneda (§eMoneda) at world -1763 72 2499
[19.09.2023 22:37:06][serveritem][drop] dropped 1 of moneda (§eMoneda) at world -1763 72 2499
[19.09.2023 22:37:06][serveritem][drop] dropped 1 of moneda (§eMoneda) at world -1763 72 2499
[19.09.2023 22:37:08][serveritem][drop] dropped 1 of moneda (§eMoneda) at world -1763 72 2499
[19.09.2023 22:37:08][serveritem][drop] dropped 1 of moneda (§eMoneda) at world -1763 72 2499
[19.09.2023 22:37:10][serveritem][drop] dropped 1 of moneda (§eMoneda) at world -1763 72 2499
[19.09.2023 22:37:10][serveritem][drop] dropped 1 of moneda (§eMoneda) at world -1763 72 2499
[19.09.2023 22:37:12][serveritem][drop] dropped 1 of moneda (§eMoneda) at world -1763 72 2499
[19.09.2023 22:37:15][serveritem][drop] dropped 1 of moneda (§eMoneda) at world -1763 72 2499
[19.09.2023 22:37:17][serveritem][drop] dropped 1 of moneda (§eMoneda) at world -1763 72 2499
[19.09.2023 22:37:20][serveritem][drop] dropped 1 of moneda (§eMoneda) at world -1763 72 2499
[19.09.2023 22:37:20][serveritem][drop] dropped 1 of moneda (§eMoneda) at world -1763 72 2499
[19.09.2023 22:37:26][serveritem][drop] dropped 1 of moneda (§eMoneda) at world -1763 72 2499
[19.09.2023 22:37:26][serveritem][drop] dropped 1 of moneda (§eMoneda) at world -1763 72 2499
[19.09.2023 22:37:29][serveritem][drop] dropped 1 of moneda (§eMoneda) at world -1763 72 2499
[19.09.2023 22:37:29][serveritem][drop] dropped 1 of moneda (§eMoneda) at world -1763 72 2499
[19.09.2023 22:37:31][serveritem][drop] dropped 1 of moneda (§eMoneda) at world -1763 72 2499
[19.09.2023 22:37:31][serveritem][drop] dropped 1 of moneda (§eMoneda) at world -1763 72 2499
[19.09.2023 22:37:31][serveritem][drop] dropped 5 of moneda (§eMoneda) at world -1763 72 2499
[19.09.2023 22:37:35][serveritem][drop] dropped 1 of moneda (§eMoneda) at world -1763 72 2499
[19.09.2023 22:37:35][serveritem][drop] dropped 1 of moneda (§eMoneda) at world -1763 72 2499
[19.09.2023 22:37:37][serveritem][drop] dropped 1 of moneda (§eMoneda) at world -1763 72 2499
[19.09.2023 22:37:37][serveritem][drop] dropped 1 of moneda (§eMoneda) at world -1763 72 2499
[19.09.2023 22:37:40][serveritem][drop] dropped 1 of moneda (§eMoneda) at world -1763 72 2499
[19.09.2023 22:37:40][serveritem][drop] dropped 1 of moneda (§eMoneda) at world -1763 72 2499
[19.09.2023 22:37:42][serveritem][drop] dropped 1 of moneda (§eMoneda) at world -1763 72 2499
[19.09.2023 22:37:44][serveritem][drop] dropped 1 of moneda (§eMoneda) at world -1763 72 2499
[19.09.2023 22:37:44][serveritem][drop] dropped 1 of moneda (§eMoneda) at world -1763 72 2499
[19.09.2023 22:37:46][serveritem][drop] dropped 1 of moneda (§eMoneda) at world -1763 72 2499
[19.09.2023 22:37:46][serveritem][drop] dropped 1 of moneda (§eMoneda) at world -1763 72 2499
[19.09.2023 22:37:47][serveritem][drop] dropped 1 of moneda (§eMoneda) at world -1763 72 2499
[19.09.2023 22:37:47][serveritem][drop] dropped 1 of moneda (§eMoneda) at world -1763 72 2499
[19.09.2023 22:37:54][serveritem][drop] dropped 1 of moneda (§eMoneda) at world -1763 72 2499
[19.09.2023 22:37:54][serveritem][drop] dropped 1 of moneda (§eMoneda) at world -1763 72 2499
[19.09.2023 22:37:55][serveritem][take] Daniiiii6 gave 1 of arco_practica (§fArco de práctica)
[19.09.2023 22:37:55][serveritem][drop] dropped 1 of moneda (§eMoneda) at world -1763 72 2499
[19.09.2023 22:37:57][serveritem][give] Daniiiii6 obtained 1 of arco_practica (§fArco de práctica)
[19.09.2023 22:38:02][serveritem][drop] dropped 1 of moneda (§eMoneda) at world -1763 72 2499
[19.09.2023 22:38:08][serveritem][drop] dropped 1 of moneda (§eMoneda) at world -1763 72 2499
[19.09.2023 22:38:08][serveritem][drop] dropped 1 of moneda (§eMoneda) at world -1763 72 2499
[19.09.2023 22:38:11][serveritem][drop] dropped 1 of moneda (§eMoneda) at world -1763 72 2499
[19.09.2023 22:38:11][serveritem][drop] dropped 1 of moneda (§eMoneda) at world -1763 72 2499
[19.09.2023 22:38:13][serveritem][drop] dropped 1 of moneda (§eMoneda) at world -1763 72 2499
[19.09.2023 22:38:13][serveritem][drop] dropped 1 of moneda (§eMoneda) at world -1763 72 2499
[19.09.2023 22:38:16][serveritem][drop] dropped 1 of moneda (§eMoneda) at world -1763 72 2499
[19.09.2023 22:38:16][serveritem][drop] dropped 1 of moneda (§eMoneda) at world -1763 72 2499
[19.09.2023 22:38:16][serveritem][drop] dropped 5 of moneda (§eMoneda) at world -1763 72 2499
[19.09.2023 22:38:17][serveritem][take] Daniiiii6 gave 1 of arco_practica (§fArco de práctica)
[19.09.2023 22:40:51][serveritem][give] Daniiiii6 obtained 1 of arco_practica (§fArco de práctica)
[19.09.2023 22:40:52][serveritem][take] Daniiiii6 gave 1 of arco_practica (§fArco de práctica)
[19.09.2023 22:40:53][serveritem][give] Daniiiii6 obtained 1 of arco_practica (§fArco de práctica)
[19.09.2023 22:40:57][serveritem][drop] dropped 1 of moneda (§eMoneda) at world -1763 72 2499
[19.09.2023 22:40:57][serveritem][drop] dropped 1 of moneda (§eMoneda) at world -1763 72 2499
[19.09.2023 22:41:02][serveritem][take] Daniiiii6 gave 1 of arco_practica (§fArco de práctica)
[19.09.2023 22:41:02][serveritem][drop] dropped 1 of moneda (§eMoneda) at world -1763 72 2499
[19.09.2023 22:41:03][serveritem][give] Daniiiii6 obtained 1 of arco_practica (§fArco de práctica)
[19.09.2023 22:41:07][serveritem][take] Daniiiii6 gave 1 of arco_practica (§fArco de práctica)
[19.09.2023 22:41:09][serveritem][give] Daniiiii6 obtained 1 of arco_practica (§fArco de práctica)
[19.09.2023 22:41:12][serveritem][take] Daniiiii6 gave 1 of arco_practica (§fArco de práctica)
[19.09.2023 22:41:12][serveritem][drop] dropped 1 of moneda (§eMoneda) at world -1763 72 2499
[19.09.2023 22:41:14][serveritem][give] Daniiiii6 obtained 1 of arco_practica (§fArco de práctica)
[19.09.2023 22:41:14][serveritem][take] Daniiiii6 gave 1 of arco_practica (§fArco de práctica)
[19.09.2023 22:42:14][serveritem][give] Daniiiii6 obtained 1 of la_consentida (§x§F§F§0§0§0§0§lLa Co§f§lnsen§1§ltida)
[19.09.2023 22:42:14][serveritem][give] Daniiiii6 obtained 1 of guaton_loyola_chestplate* (§x§F§F§7§4§0§0§lGuatón Loyola Chestplate)
[19.09.2023 22:42:14][serveritem][give] Daniiiii6 obtained 1 of remolino1 (§fRemolino)
