[00:59:01] ---- BEAUTYQUESTS LOGGER - OPENED Fri Nov 03 00:59:01 GMT 2023 ----
[01:00:44] [INFO] Enabling BeautyQuests v0.20.1
[01:00:44] [INFO] ------------ BeautyQuests ------------
[01:00:44] [DEBUG] Paper detected.
[01:00:44] [DEBUG] Hooked into [Citizens] v2.0.33-SNAPSHOT (build 3219)
[01:00:44] [DEBUG] Hooked into [WorldGuard] v7.0.8-beta-01+cbb2ba7
[01:00:44] [DEBUG] Hooked into [MythicMobs] v5.4.0-${CI_COMMIT_SHORT_SHA}
[01:00:44] [DEBUG] Hooked into [Vault] v1.7.3-b131
[01:00:44] [DEBUG] Hooked into [PlaceholderAPI] v2.11.4
[01:00:44] [DEBUG] Hooked into [Jobs] v5.2.1.2
[01:00:44] [DEBUG] Hooked into [HolographicDisplays] v3.0.3
[01:00:44] [DEBUG] Hooked into [DecentHolograms] v2.8.4
[01:00:44] [INFO] Loaded valid Minecraft version 1_19_R3.
[01:00:44] [DEBUG] Loading data file, last time edited : Fri Nov 03 00:57:18 GMT 2023
[01:00:44] [DEBUG] Unavailable string in config for key inv.mobSelect.advancedSpawners
[01:00:44] [INFO] Loaded language es_ES (0.07s)!
[01:00:45] [INFO] Loaded start particles: REDSTONE in shape POINT with color R255 G255 B0
[01:00:45] [INFO] Loaded talk particles: VILLAGER_HAPPY in shape BAR
[01:00:45] [INFO] Loaded next particles: SMOKE_NORMAL in shape SPOT
[01:00:45] [DEBUG] Initlializing default stage types.
[01:00:45] [DEBUG] Stage registered (Talk, 0)
[01:00:45] [DEBUG] Stage registered (Items, 1)
[01:00:45] [DEBUG] Stage registered (Mobs, 2)
[01:00:45] [DEBUG] Stage registered (Mine, 3)
[01:00:45] [DEBUG] Stage registered (Place, 4)
[01:00:45] [DEBUG] Stage registered (Chat, 5)
[01:00:45] [DEBUG] Stage registered (Interact, 6)
[01:00:45] [DEBUG] Stage registered (Fish, 7)
[01:00:45] [DEBUG] Stage registered (Melt, 8)
[01:00:45] [DEBUG] Stage registered (Enchant, 9)
[01:00:45] [DEBUG] Stage registered (Craft, 10)
[01:00:45] [DEBUG] Stage registered (Bucket, 11)
[01:00:45] [DEBUG] Stage registered (Location, 12)
[01:00:45] [DEBUG] Stage registered (PlayTime, 13)
[01:00:45] [DEBUG] Stage registered (Breed, 14)
[01:00:45] [DEBUG] Stage registered (Tame, 15)
[01:00:45] [DEBUG] Stage registered (Death, 16)
[01:00:45] [DEBUG] Stage registered (DealDamage, 17)
[01:00:45] [DEBUG] Stage registered (EatDrink, 18)
[01:00:45] [DEBUG] Initlializing default rewards.
[01:00:45] [DEBUG] Quest object registered in registry rewards (id: commandReward, class: fr.skytasul.quests.rewards.CommandReward)
[01:00:45] [DEBUG] Quest object registered in registry rewards (id: itemReward, class: fr.skytasul.quests.rewards.ItemReward)
[01:00:45] [DEBUG] Quest object registered in registry rewards (id: removeItemsReward, class: fr.skytasul.quests.rewards.RemoveItemsReward)
[01:00:45] [DEBUG] Quest object registered in registry rewards (id: textReward, class: fr.skytasul.quests.rewards.MessageReward)
[01:00:45] [DEBUG] Quest object registered in registry rewards (id: tpReward, class: fr.skytasul.quests.rewards.TeleportationReward)
[01:00:45] [DEBUG] Quest object registered in registry rewards (id: expReward, class: fr.skytasul.quests.rewards.XPReward)
[01:00:45] [DEBUG] Quest object registered in registry rewards (id: checkpointReward, class: fr.skytasul.quests.rewards.CheckpointReward)
[01:00:45] [DEBUG] Quest object registered in registry rewards (id: questStopReward, class: fr.skytasul.quests.rewards.QuestStopReward)
[01:00:45] [DEBUG] Quest object registered in registry rewards (id: requirementDependentReward, class: fr.skytasul.quests.rewards.RequirementDependentReward)
[01:00:45] [DEBUG] Quest object registered in registry rewards (id: randomReward, class: fr.skytasul.quests.rewards.RandomReward)
[01:00:45] [DEBUG] Quest object registered in registry rewards (id: wait, class: fr.skytasul.quests.rewards.WaitReward)
[01:00:45] [DEBUG] Quest object registered in registry rewards (id: titleReward, class: fr.skytasul.quests.rewards.TitleReward)
[01:00:45] [DEBUG] Initlializing default requirements.
[01:00:45] [DEBUG] Quest object registered in registry requirements (id: logicalOr, class: fr.skytasul.quests.requirements.logical.LogicalOrRequirement)
[01:00:45] [DEBUG] Quest object registered in registry requirements (id: questRequired, class: fr.skytasul.quests.requirements.QuestRequirement)
[01:00:45] [DEBUG] Quest object registered in registry requirements (id: levelRequired, class: fr.skytasul.quests.requirements.LevelRequirement)
[01:00:45] [DEBUG] Quest object registered in registry requirements (id: permissionRequired, class: fr.skytasul.quests.requirements.PermissionsRequirement)
[01:00:45] [DEBUG] Quest object registered in registry requirements (id: scoreboardRequired, class: fr.skytasul.quests.requirements.ScoreboardRequirement)
[01:00:45] [DEBUG] Quest object registered in registry requirements (id: equipmentRequired, class: fr.skytasul.quests.requirements.EquipmentRequirement)
[01:00:45] [DEBUG] Initlializing default quest options.
[01:00:45] [DEBUG] Quest option registered (id: pool)
[01:00:45] [DEBUG] Quest option registered (id: name)
[01:00:45] [DEBUG] Quest option registered (id: description)
[01:00:45] [DEBUG] Quest option registered (id: customItem)
[01:00:45] [DEBUG] Quest option registered (id: confirmMessage)
[01:00:45] [DEBUG] Quest option registered (id: hologramText)
[01:00:45] [DEBUG] Quest option registered (id: bypassLimit)
[01:00:45] [DEBUG] Quest option registered (id: startableFromGUI)
[01:00:45] [DEBUG] Quest option registered (id: failOnDeath)
[01:00:45] [DEBUG] Quest option registered (id: cancellable)
[01:00:45] [DEBUG] Quest option registered (id: cancelActions)
[01:00:45] [DEBUG] Quest option registered (id: hologramLaunch)
[01:00:45] [DEBUG] Quest option registered (id: hologramLaunchNo)
[01:00:45] [DEBUG] Quest option registered (id: scoreboard)
[01:00:45] [DEBUG] Quest option registered (id: hideNoRequirements)
[01:00:45] [DEBUG] Quest option registered (id: auto)
[01:00:45] [DEBUG] Quest option registered (id: repeatable)
[01:00:45] [DEBUG] Quest option registered (id: timer)
[01:00:45] [DEBUG] Quest option registered (id: visibility)
[01:00:45] [DEBUG] Quest option registered (id: endSound)
[01:00:45] [DEBUG] Quest option registered (id: firework)
[01:00:45] [DEBUG] Quest option registered (id: requirements)
[01:00:45] [DEBUG] Quest option registered (id: startRewards)
[01:00:45] [DEBUG] Quest option registered (id: startMessage)
[01:00:45] [DEBUG] Quest option registered (id: starterNPC)
[01:00:45] [DEBUG] Quest option registered (id: startDialog)
[01:00:45] [DEBUG] Quest option registered (id: endRewards)
[01:00:45] [DEBUG] Quest option registered (id: endMsg)
[01:00:45] [DEBUG] Item comparison registered (id: bukkit)
[01:00:45] [DEBUG] Item comparison registered (id: customBukkit)
[01:00:45] [DEBUG] Item comparison registered (id: material)
[01:00:45] [DEBUG] Item comparison registered (id: name)
[01:00:45] [DEBUG] Item comparison registered (id: lore)
[01:00:45] [DEBUG] Item comparison registered (id: enchants)
[01:00:45] [DEBUG] Item comparison registered (id: repair)
[01:00:45] [DEBUG] Mob factory registered (id: bukkitEntity)
[01:00:45] [DEBUG] Bossbars manager has been registered: fr.skytasul.quests.api.bossbar.BQBossBarImplementation
[01:00:45] [DEBUG] Brigadier registered!
[01:00:45] [DEBUG] Mob factory registered (id: citizensNPC)
[01:00:45] [DEBUG] Now using WorldGuard entry API.
[01:00:45] [DEBUG] Stage registered (Find, 19)
[01:00:45] [DEBUG] Quest object registered in registry requirements (id: regionRequired, class: fr.skytasul.quests.requirements.RegionRequirement)
[01:00:45] [DEBUG] Mob factory registered (id: mythicMobs)
[01:00:45] [DEBUG] Quest object registered in registry rewards (id: moneyReward, class: fr.skytasul.quests.rewards.MoneyReward)
[01:00:45] [DEBUG] Quest object registered in registry rewards (id: permReward, class: fr.skytasul.quests.rewards.PermissionReward)
[01:00:45] [DEBUG] Quest object registered in registry requirements (id: moneyRequired, class: fr.skytasul.quests.requirements.MoneyRequirement)
[01:00:45] [INFO] Placeholders registered !
[01:00:45] [DEBUG] Quest object registered in registry requirements (id: placeholderRequired, class: fr.skytasul.quests.requirements.PlaceholderRequirement)
[01:00:45] [DEBUG] Quest object registered in registry requirements (id: jobLevelRequired, class: fr.skytasul.quests.requirements.JobLevelRequirement)
[01:00:45] [DEBUG] Holograms manager has been registered: fr.skytasul.quests.utils.compatibility.BQHolographicDisplays3
[01:00:45] [WARNING] BQDecentHolograms will replace BQHolographicDisplays3 as the new holograms manager.
[01:00:45] [DEBUG] Holograms manager has been registered: fr.skytasul.quests.utils.compatibility.BQDecentHolograms
[01:00:46] [DEBUG] Started bStats metrics
[01:00:46] [DEBUG] Starting Spigot updater
[01:00:54] [WARNING] *****************************************************
[01:00:54] [WARNING] * There is a new version of BeautyQuests available!
[01:00:54] [WARNING] *  
[01:00:54] [WARNING] * Your version:   0.20.1
[01:00:54] [WARNING] * Latest version: 1.0 build #383
[01:00:54] [WARNING] *  
[01:00:54] [WARNING] * Please update to the newest version.
[01:00:54] [WARNING] *  
[01:00:54] [WARNING] * Download:
[01:00:54] [WARNING] *   https://www.spigotmc.org/resources/39255
[01:00:54] [WARNING] *****************************************************
[01:00:55] [DEBUG] 0 accounts loaded and 275 identifiers.
[01:00:55] [INFO] 21 quests loaded (0.5s)!
[01:00:55] [INFO] Periodic saves task started (18000 ticks). Task ID: 851
[01:15:55] [DEBUG] Saving 0 loaded accounts and 275 identifiers.
[01:15:55] [DEBUG] Saved datas (0.005s)!
[01:15:55] [INFO] Datas saved ~ periodic save
[01:30:55] [DEBUG] Saving 0 loaded accounts and 275 identifiers.
[01:30:55] [DEBUG] Saved datas (0.023s)!
[01:30:55] [INFO] Datas saved ~ periodic save
